               move.w     #500,-(sp)
               move.w     #1,-(sp)
               trap       #14
               lea.l      cookie(pc),a1
               move.l     d0,(a1)
               lea.l      text2(pc),a2

               move.l     d0,d1
               swap.w     d0
               asr.w      #8,d0
               move.w     d0,d2
               asr.w      #4,d0
               andi.w     #$f,d0
               addi.b     #48,d0
               move.b     d0,(a2)+
               andi.w     #$f,d2
               addi.b     #48,d2
               move.b     d2,(a2)+
               move.l     d1,d0
               swap.w     d0
               move.w     d0,d2
               asr.w      #4,d0
               andi.w     #$f,d0
               addi.b     #48,d0
               move.b     d0,(a2)+
               andi.w     #$f,d2
               addi.b     #48,d2
               move.b     d2,(a2)+
               move.l     d1,d0
               asr.w      #8,d0
               move.w     d0,d2
               asr.w      #4,d0
               andi.w     #$f,d0
               addi.b     #48,d0
               move.b     d0,(a2)+
               andi.w     #$f,d2
               addi.b     #48,d2
               move.b     d2,(a2)+
               move.l     d1,d0
               move.w     d0,d2
               asr.w      #4,d0
               andi.w     #$f,d0
               addi.b     #48,d0
               move.b     d0,(a2)+
               andi.w     #$f,d2
               addi.b     #48,d2
               move.b     d2,(a2)+

               pea        Text          ;Msg ausgeben
               move.w     #9,-(sp)
               trap       #1
               addq.l     #6,sp
               bsr        pause

               clr.w      -(sp)
               trap       #1


pause:         move.l     #600000,d0
paus1:         subi.l     #1,d0
               tst.l      d0
               bne        paus1
               rts        

Text:          .DC.b 13,10
               .DC.b "Cookie:"
text2:         .DC.b "XXXXXXXX"
               .DC.b 13,10,0
cookie:        .DC.l 0

