     Design Name:  startr1h
 Targeted Device:  ispLSI1016-60LT44

Pre-Route Design Statistics
---------------------------

Number of GLBs:                 9
Number of I/Os:                 35
Number of Nets:                 50

Number of Free Inputs:          0
Number of Free Outputs:         0
Number of Free Three-States:    0
Number of Free Bidi's:          0

Number of Locked Input IOCs:    21
Number of Locked DIs:           3
Number of Locked Outputs:       9
Number of Locked Three-States:  0
Number of Locked Bidi's:        2

Number of CRIT Outputs:         0
Number of Global OEs:           0
Number of External Clocks:      1


GLB Utilization (Out of 16):	56%
I/O Utilization (Out of 36):	97%
Net Utilization (Out of 100):	50%


Nets with Fanout of  1:         32
Nets with Fanout of  2:         9
Nets with Fanout of  3:         8
Nets with Fanout of  5:         1

Average Fanout per Net:         1.58


GLBs with  2 Input(s):          1
GLBs with  4 Input(s):          1
GLBs with  5 Input(s):          1
GLBs with  7 Input(s):          2
GLBs with  9 Input(s):          1
GLBs with 10 Input(s):          2
GLBs with 14 Input(s):          1

Average Inputs per GLB:         7.56


GLBs with  1 Output(s):         1
GLBs with  2 Output(s):         2
GLBs with  3 Output(s):         5
GLBs with  4 Output(s):         1

Average Outputs per GLB:        2.67


Output Enable Nets

    Net Name                Net Fanout

        DATAOE2                 1
        DATAOE                  1


--  No. of GLBs after successful routing : 12

****  Elapsed Time :  00:00:00

