MACHXL 2.0 R9 MACHFITR (10-12-94)
 (C) - COPYRIGHT ADVANCED MICRO DEVICES INC., 1993, 1994

**********************************************************************
* Design Name = Startrk3.pds, Device = MACH435, Feb 28 16:19:57 1996 *
**********************************************************************

***********************
* MACH FITTER OPTIONS *
***********************
SIGNAL PLACEMENT:
  Handling of Preplacements                      No Change
  Use placement data from                        Design file

FITTING OPTIONS:
  Global clocks routable as PT clocks?           N
  22V10/MACH1XX/2XX S/R Compatibility?           Y
  SET/RESET treated as DONT_CARE?                Y
  Reduce Unforced Global Clocks?                 N 
  Iterate between partitioning and place/route?  Y
  Balanced partitioning?                         Y
  Reduce Routes Per Placement?                   N
  Maximun Run Time                               run until completion

***************************
* DEVICE RESOURCE SUMMARY *
***************************
                                 Total
                               Available  Used  Available  Utilization
Dedicated Pins
  Input-Only Pins                 2        2      0    -->   100%
  Clock/Input Pins                4        4      0    -->   100%
I/O Pins                         64       64      0    -->   100%
Input Registers                  64        9     55    -->    14%
Central Switch Matrix Outputs   264      242     22    -->    91%
Product Term Clusters           128      118     10    -->    92%
Logical Product Terms           640      221    419    -->    34%
Logic Macrocells                128      125      3    -->    97%
  > 1 PT Macrocells              ..       38      3
  1 PT Macrocells                ..       87      0
  Unusable Macrocells            ..        0     ..

******************************
* BLOCK PARTITIONING SUMMARY *
******************************
                                                      Macrocells  # of PT  
                  Logic   I/O    Inp    Macrocells    available   clusters 
          Fanin    PTs    Pins   Reg   Used Unusable  1PT   >1PT  available
|---------------------------------------------------------------------------|
Maximum     33     80      8      8     ..     ..         16        16
|---------------------------------------------------------------------------|
Block A     33     42      8      0     15      0      0      1      6
Block B     32     29      8      3     16      0      0      0      9
Block C     29     22      8      1     16      0      0      0     11
Block D     31     26      8      0     16      0      0      0     12
Block E     28     20      8      0     16      0      0      0     14
Block F     27     27      8      0     16      0      0      0     10
Block G     32     33      8      0     15      0      0      1      8
Block H     30     22      8      5     15      0      0      1     13

> Four rightmost columns above reflect last status of the placement process.

******************
* SIGNAL SUMMARY *
******************
                                 Pin/Node Logic
       Signals Block Loc PTs XOR   Type   Type    Fanout
|---------------------------------------------------------------------------|
            A7   G    68  .   .    input   ...   ---DEF-H
        ADATAI   D    38  .   .    input   ...   ------G-
       ADCLK32   F    61  1   .   output   ...   --------
          ADLR   H    77  1   .   output   ...   --------
        AESC24   A     6  1   .   output   ...   --------
        AESC25   A     5  1   .   output   ...   --------
       AESCLKI   C    28  .   .    input   ...   --C--F--
       AESCOUT   A     4  5   .   output   ...   --------
      AESDATAI   E    47  .   .    input   ...   ------G-
      AESDATAO   F    60  1   .   output   ...   --------
        AESFC0   A     8  3   .   output   ...   --------
        AESFC1   G    70  3   .   output   ...   --------
      AESMCLKI   C    27  .   .    input   ...   -B-D----
      AESMCLKO   B    12  6   .   output   ...   --------
        AESPRO   C    29  2   .   output   ...   --------
      AESSYNCI   C    26  .   .    input   ...   -BC-----
           CBL   C    31  .   .    input   ...   A-C-----
           CKS   D    33  3   .   output   ...   --------
            D0   B    16  .   .    input   ...   ---DE--H
            D1   H    76  .   .    input   ...   ----E--H
            D2   B    15  .   .    input   ...   -------H
            D3   H    75  .   .    input   ...   ----EF--
       DA_ACKO   C    25  .   .    input   ...   -BC--F-H
      DA_FSYNC   E    51  2   .   output   ...   --------
       DA_SCLK   C    30  2   .   output   ...   --------
      DA_SDATA   G    67  7   .   output   ...   -----F--
        DSPSC0   A     3  4   .   output   ...   --------
        DSPSC2   E    50  4   .   output   ...   --------
        DSPSCK   A     9  4   .   output   ...   --------
        DSPSRD   A    10  4   .   output   ...   --------
        DSPSTD   D    37  .   .    input   ...   A-----G-
        MCLK16   D    39  .   .    input   ...   --CD----
        MCLK24   D    36  .   .    input   ...   --C-----
      PLAYCLKO   D    40  1   .   output   ...   ---D----
       PREEMPH   E    45  1   .   output   ...   --------
         PUFRD   D    35  6   .   output   ...   ---DE---
         PUFWR   F    56  4   .   output   ...   -----F--
           RD0   C    24  .   .    input   ...   --------
           RD1   H    82  .   .    input   ...   --------
           RD2   B    19  .   .    input   ...   --------
           RD3   H    81  .   .    input   ...   --------
           RD4   B    18  .   .    input   ...   --------
           RD5   H    80  .   .    input   ...   --------
           RD6   B    17  .   .    input   ...   --------
           RD7   H    79  .   .    input   ...   --------
           RD8   H    78  .   .    input   ...   --------
         RESET   A     7  .   .    input   ...   -BCDEFGH
     RESRDFIFO   E    46  1   .   output   ...   --------
          SH15   G    69  1   .   output   ...   --------
        SMPCLK   D    34  4   .   output   ...   --------
        SMPREG   F    57  .   .    input   ...   ---DEF-H
       SWDIGIN   E    48  1   .   output   ...   --------
        SWPROT   E    49  1   .   output   ...   --------
       SWSUBFR   E    52  1   .   output   ...   --------
        VOLCLK   F    58  1   .   output   ...   --------
      VOLDATAI   F    59  1   .   output   ...   --------
           WD0   G    66  3   .   output   ...   --------
           WD1   F    54  3   .   output   ...   --------
           WD2   G    73  3   .   output   ...   --------
           WD3   G    72  3   .   output   ...   --------
           WD4   F    55  3   .   output   ...   --------
           WD5   B    13  3   .   output   ...   --------
           WD6   G    71  3   .   output   ...   --------
           WD7   B    14  3   .   output   ...   --------
       ADCLK16   H    H8  1   P   buried   T/A   --C----H
         AESC0   A   A13  1   P   buried   D/A   A-------
         AESC8   A   A15  1   P   buried   D/A   A-------
         AESC9   A   A14  1   P   buried   D/A   A-------
        AESCLR   A    A8  9   G   buried   C/.   A-------
       AESCOUT   A    A2  5   G  implied   C/.   --------
      AESDATAO   F    F4  1   P  implied   C/.   --------
        AESFC0   A   A10  3   G  implied   C/.   --------
        AESFC1   G    G8  3   G  implied   C/.   --------
      AESMCLKO   B    B0  6   G  implied   C/.   --------
        AESPRO   C    C1  2   G  implied   C/.   --------
         BWAIT   D    D9  1   P   buried   D/S   ----E---
        BWAIT2   E   E12  1   P   buried   D/S   ---D----
        BWAIT3   D    D8  1   P   buried   D/S   ---D----
           CKS   D    D3  3   G  implied   C/.   --------
           CZ0   C   C10  1   P   buried   T/A   A-C-----
           CZ1   C    C9  1   P   buried   T/A   A-C-----
           CZ2   C    C8  1   P   buried   T/A   A-C-----
           CZ3   C    C7  1   P   buried   T/A   A-C-----
           CZ4   C    C6  1   P   buried   T/A   A-C-----
           CZ5   C    C5  1   P   buried   T/A   A-C-----
         CZCLK   C   C11  2   G   buried   C/.   --C-----
         DAHLP   H    H6  8   G   buried   C/.   A-----G-
       DATACLK   B    B7  4   G   buried   C/.   ----E---
      DA_FSYNC   E    E1  2   G  implied   C/.   --------
       DA_SCLK   C    C0  2   G  implied   C/.   --------
      DA_SDATA   G    G2  7   G  implied   C/.   -----F--
        DSPSC0   A    A3  4   G  implied   C/.   --------
        DSPSC2   E    E0  4   G  implied   C/.   --------
        DSPSCK   A    A1  4   G  implied   C/.   --------
        DSPSRD   A    A0  4   G  implied   C/.   --------
        EXTAKT   F    F9  1   P   buried   D/A   ABCD--G-
      FREQCLK0   A   A12  2   G   buried   C/.   A-------
      FREQCLK1   A    A9  2   G   buried   C/.   A-------
          HOLD   H   H14  1   P   buried   T/A   -------H
       INPSCLK   F    F7  2   G   buried   C/.   ABCDEFGH
      INPSDATA   G   G11  3   G   buried   C/.   A-------
     KICKSTART   C    C4  2   G   buried   C/.   --C-----
        MCLK12   C   C12  1   P   buried   T/A   ---D----
       MCLK128   B   B15  1   P   buried   T/A   -B------
           NGO   E    E5  1   P   buried   D/A   -B---FG-
           PGO   A    A5  1   P   buried   D/A   -B---FG-
      PLAYCLKO   D    D1  1   P  implied   C/.   ---D----
       PREEMPH   E    E4  1   P  implied   D/A   --------
         PUFRD   D    D0  6   G  implied   C/.   ---DE---
         PUFWR   F    F0  4   G  implied   C/.   -----F--
     RESRDFIFO   E    E3  1   P  implied   C/.   --------
    RN_ADCLK32   F    F3  1   P  implied   T/A   --C--F-H
       RN_ADLR   H    H0  1   P  implied   T/A   -B----G-
     RN_AESC24   A    A6  1   P  implied   D/A   A-----G-
     RN_AESC25   A    A4  1   P  implied   D/A   A-----G-
       RN_SH15   G    G6  1   P  implied   D/A   ----E---
     RN_SWPROT   E    E8  1   P  implied   D/A   A-------
           RP0   C Cir-0  .   .    ipair   D/S   -------H
           RP1   H Hir-0  .   .    ipair   D/S   -------H
           RP2   B Bir-0  .   .    ipair   D/S   -------H
           RP3   H Hir-1  .   .    ipair   D/S   -------H
           RP4   B Bir-1  .   .    ipair   D/S   -------H
           RP5   H Hir-2  .   .    ipair   D/S   -------H
           RP6   B Bir-2  .   .    ipair   D/S   -------H
           RP7   H Hir-3  .   .    ipair   D/S   -------H
           RP8   H Hir-4  .   .    ipair   D/S   ---D----
           RP9   D   D15  1   P   buried   D/A   ---D----
           SH0   B    B8  2   G   buried   D/A   -B------
           SH1   B   B13  1   P   buried   D/A   ---D----
          SH10   C   C14  1   P   buried   D/A   ---D----
          SH11   D   D10  1   P   buried   D/A   ----E---
          SH12   E   E13  1   P   buried   D/A   -B------
          SH13   B   B10  1   P   buried   D/A   -------H
          SH14   H   H13  1   P   buried   D/A   ------G-
          SH16   E   E11  1   P   buried   D/A   AB--E-G-
           SH2   D   D14  1   P   buried   D/A   ---D----
           SH3   D   D13  1   P   buried   D/A   -B------
           SH4   B   B12  1   P   buried   D/A   -B------
           SH5   B   B11  1   P   buried   D/A   -----F--
           SH6   F   F15  1   P   buried   D/A   -B------
           SH7   B    B3  1   P   buried   D/A   --CD----
           SH8   D   D12  1   P   buried   D/A   ---D----
           SH9   D   D11  1   P   buried   D/A   --C-----
         SHCLK   C    C2  3   G   buried   C/.   -BCDEFGH
          SHD0   A    A7  3   G   buried   D/A   -B----G-
          SHD1   B    B4  1   P   buried   D/A   -----FG-
         SHD10   C   C15  1   P   buried   D/A   ------G-
         SHD11   G   G13  1   P   buried   D/A   ------G-
         SHD12   G    G9  1   P   buried   D/A   -B---F--
         SHD13   B    B6  1   P   buried   D/A   -B--E---
         SHD14   E   E15  1   P   buried   D/A   ------G-
         SHD15   G   G14  1   P   buried   D/A   -B------
          SHD2   G   G12  1   P   buried   D/A   ------G-
          SHD3   G    G5  1   P   buried   D/A   -B----G-
          SHD4   B   B14  1   P   buried   D/A   -----F--
          SHD5   F   F13  1   P   buried   D/A   -B--E---
          SHD6   E   E10  1   P   buried   D/A   -B----G-
          SHD7   B    B5  1   P   buried   D/A   -B--E---
          SHD8   E   E14  1   P   buried   D/A   ------G-
          SHD9   G    G7  1   P   buried   D/A   --C--F--
        SMPCLK   D    D2  4   G  implied   C/.   --------
         SWAES   D    D4  1   P   buried   D/A   ABC--FG-
        SWCOPY   H   H12  1   P   buried   D/A   A-------
       SWDIGIN   E    E6  1   P  implied   D/A   --------
      SWDIGOUT   H    H1  1   P   buried   D/A   ABC-E-GH
       SWINDSP   H    H5  1   P   buried   D/A   A---E-G-
       SWONDSP   H    H7  1   P   buried   D/A   A---E-G-
        SWPROF   H    H3  1   P   buried   D/A   A-C---G-
       SWRESFF   H   H10  1   P   buried   D/A   ----E---
       SWSUBFR   E    E2  1   P  implied   D/A   --------
         TAKT5   H    H2  1   P   buried   T/A   --C----H
         TAKT6   C   C13  1   P   buried   T/A   -------H
         TAKT7   H   H11  1   P   buried   T/A   -------H
         TAKTH   E    E7  1   P   buried   D/A   AB-D--G-
         TAKTL   H    H4  1   P   buried   D/A   AB-D--G-
        VOLCLK   F    F6  1   P  implied   D/A   --------
      VOLDATAI   F    F5  1   P  implied   D/A   --------
          WAIT   F   F14  1   P   buried   D/S   -----F--
         WAIT2   F    F8  1   P   buried   D/S   -----F--
         WAIT3   F   F10  1   P   buried   D/S   -BC--FG-
         WAIT4   C    C3  1   P   buried   D/S   -B---F--
         WAIT5   B    B9  1   P   buried   D/S   -----F--
           WD0   G    G3  3   G  implied   C/.   --------
           WD1   F    F2  3   G  implied   C/.   --------
           WD2   G    G0  3   G  implied   C/.   --------
           WD3   G    G1  3   G  implied   C/.   --------
           WD4   F    F1  3   G  implied   C/.   --------
           WD5   B    B2  3   G  implied   C/.   --------
           WD6   G   G10  3   G  implied   C/.   --------
           WD7   B    B1  3   G  implied   C/.   --------
      WRFERTIG   F   F11  2   G   buried   C/.   -BC--F--
        XGORES   F   F12  3   G   buried   C/.   A---E---
            Z0   G    G4  1   P   buried   T/A   ---DE--H
            Z1   D    D7  1   P   buried   T/A   ---DE--H
            Z2   E    E9  1   P   buried   T/A   ---D---H
            Z3   H    H9  1   P   buried   T/A   ---D----
            Z4   D    D6  1   P   buried   T/A   ---DE--H
            Z5   D    D5  1   P   buried   T/A   A--DE---

***********************
* TABULAR INFORMATION *
***********************

DEDICATED PINS
                                             Logic             Clock
Pin              Signal        Type          Fanout            Fanout
|------------------------------------------------------------------------|
 20               HCLKI     clk/inp          --------          -BCDEF--
 23             EXTMCLK       input          ---D----          --------
 41              AESCIN       input          A-------          --------
 62                  A6     clk/inp          ---DEF-H          --------
 65            PLAYCLKI     clk/inp          --------          -BC----H
 83                  D4       input          ----EF--          --------

**********************************
* Signals - Equations Where Used *
**********************************
Signal Source :    Fanout List
|---------------------------------------------------------------------------|
     RN_AESC25:         AESFC0{A}         AESFC1{G}
              {AG}
     RN_AESC24:         AESFC0{A}         AESFC1{G}
              {AG}
         RESET:        PREEMPH{E}      RESRDFIFO{E}        SWDIGIN{E}
              :         SWPROT{E}        SWSUBFR{E}         VOLCLK{F}
              :       VOLDATAI{F}           SH15{G}         XGORES{F}
              :       WRFERTIG{F}          SHCLK{C}      KICKSTART{C}
              :            SH0{B}            SH1{B}            SH2{D}
              :            SH3{D}            SH4{B}            SH5{B}
              :            SH6{F}            SH7{B}           SH11{D}
              :           SH12{E}           SH13{B}           SH14{H}
              :           SH16{E}         SWCOPY{H}          SWAES{D}
              :       SWDIGOUT{H}        SWONDSP{H}        SWINDSP{H}
              :        SWRESFF{H}         SWPROF{H}          TAKTL{H}
              :          TAKTH{E}         EXTAKT{F}             Z0{G}
              :             Z1{D}             Z2{E}             Z3{H}
              :             Z4{D}             Z5{D}
              {EEE EEF FGF FCC BBD DBB FBD EBH EHD HHH HHH EFG DEH D              {D}
            D2:       SWDIGOUT{H}          TAKTL{H}
              {HH}
            D0:         SWPROT{E}          SWAES{D}        SWONDSP{H}
              :         SWPROF{H}
              {EDH H}
           RP6:          DAHLP{H}
              {H}
           RP4:          DAHLP{H}
              {H}
           RP2:          DAHLP{H}
              {H}
       EXTMCLK:         SMPCLK{D}
              {D}
           RP0:          DAHLP{H}
              {H}
       DA_ACKO:       AESMCLKO{B}        ADCLK32{F}           ADLR{H}
              :        ADCLK16{H}           HOLD{H}          TAKT5{H}
              :          TAKT6{C}          TAKT7{H}
              {BFH HHH CH}
      AESSYNCI:          CZCLK{C}        DATACLK{B}            SH0{B}
              {CBB}
      AESMCLKI:       AESMCLKO{B}         SMPCLK{D}        MCLK128{B}
              {BDB}
       AESCLKI:        INPSCLK{F}          SHCLK{C}
              {FC}
           CBL:        AESCOUT{A}         AESCLR{A}       FREQCLK0{A}
              :       FREQCLK1{A}          CZCLK{C}          AESC0{A}
              :          AESC8{A}          AESC9{A}            CZ0{C}
              :            CZ1{C}            CZ2{C}            CZ3{C}
              :            CZ4{C}            CZ5{C}
              {AAA ACA AAC CCC CC}
         PUFRD:          PUFRD{D}       PLAYCLKO{D}          BWAIT{D}
              :         BWAIT2{E}         BWAIT3{D}
              {DDD ED}
        MCLK24:         MCLK12{C}
              {C}
        DSPSTD:       DA_SDATA{G}           SHD0{A}
              {GA}
        ADATAI:       DA_SDATA{G}       INPSDATA{G}
              {GG}
        MCLK16:         SMPCLK{D}          SHCLK{C}
              {DC}
      PLAYCLKO:            RP9{D}
              {D}
        AESCIN:        AESCOUT{A}         AESC25{A}         AESC24{A}
              :          AESC0{A}          AESC8{A}          AESC9{A}
              {AAA AAA}
      AESDATAI:       DA_SDATA{G}       INPSDATA{G}
              {GG}
     RN_SWPROT:        AESCOUT{A}         AESCLR{A}
              {AA}
         PUFWR:         XGORES{F}       WRFERTIG{F}
              {FF}
        SMPREG:        PREEMPH{E}        SWDIGIN{E}         SWPROT{E}
              :        SWSUBFR{E}         VOLCLK{F}       VOLDATAI{F}
              :         SWCOPY{H}          SWAES{D}       SWDIGOUT{H}
              :        SWONDSP{H}        SWINDSP{H}        SWRESFF{H}
              :         SWPROF{H}          TAKTL{H}          TAKTH{E}
              :         EXTAKT{F}
              {EEE EFF HDH HHH HHE F}
    RN_ADCLK32:           ADLR{H}        INPSCLK{F}          SHCLK{C}
              :        ADCLK16{H}           HOLD{H}          TAKT5{H}
              :          TAKT6{C}          TAKT7{H}
              {HFC HHH CH}
            A6:        PREEMPH{E}        SWDIGIN{E}         SWPROT{E}
              :        SWSUBFR{E}         VOLCLK{F}       VOLDATAI{F}
              :         SWCOPY{H}          SWAES{D}       SWDIGOUT{H}
              :        SWONDSP{H}        SWINDSP{H}        SWRESFF{H}
              :         SWPROF{H}          TAKTL{H}          TAKTH{E}
              :         EXTAKT{F}
              {EEE EFF HDH HHH HHE F}
      DA_SDATA:       AESDATAO{F}
              {F}
            A7:        PREEMPH{E}        SWDIGIN{E}         SWPROT{E}
              :        SWSUBFR{E}         VOLCLK{F}       VOLDATAI{F}
              :         SWCOPY{H}          SWAES{D}       SWDIGOUT{H}
              :        SWONDSP{H}        SWINDSP{H}        SWRESFF{H}
              :         SWPROF{H}          TAKTL{H}          TAKTH{E}
              :         EXTAKT{F}
              {EEE EFF HDH HHH HHE F}
       RN_SH15:           SH16{E}
              {E}
            D3:        SWSUBFR{E}         VOLCLK{F}          TAKTH{E}
              {EFE}
            D1:        SWDIGIN{E}         SWCOPY{H}        SWINDSP{H}
              :        SWRESFF{H}
              {EHH H}
       RN_ADLR:       DA_SDATA{G}       INPSDATA{G}        DATACLK{B}
              :            SH0{B}
              {GGB B}
           RP8:          PUFRD{D}            RP9{D}
              {DD}
           RP7:          DAHLP{H}
              {H}
           RP5:          DAHLP{H}
              {H}
           RP3:          DAHLP{H}
              {H}
           RP1:          DAHLP{H}
              {H}
            D4:        PREEMPH{E}       VOLDATAI{F}         EXTAKT{F}
              {EFF}
        AESCLR:        AESCOUT{A}
              {A}
      FREQCLK0:         AESC24{A}
              {A}
      FREQCLK1:         AESC25{A}
              {A}
         CZCLK:          CZCLK{C}            CZ0{C}            CZ1{C}
              :            CZ2{C}            CZ3{C}            CZ4{C}
              :            CZ5{C}
              {CCC CCC C}
       INPSCLK:         DSPSCK{A}        DA_SCLK{C}          SHD15{G}
              :          SHD14{E}          SHD13{B}          SHD12{G}
              :          SHD11{G}          SHD10{C}           SHD9{G}
              :           SHD8{E}           SHD7{B}           SHD6{E}
              :           SHD5{F}           SHD4{B}           SHD3{G}
              :           SHD2{G}           SHD1{B}           SHD0{A}
              :             Z0{G}             Z1{D}             Z2{E}
              :             Z3{H}             Z4{D}             Z5{D}
              {ACG EBG GCG EBE FBG GBA GDE HDD}
      INPSDATA:         DSPSRD{A}           SHD0{A}
              {AA}
       DATACLK:         DSPSC2{E}
              {E}
         DAHLP:         DSPSRD{A}       DA_SDATA{G}
              {AG}
        XGORES:            PGO{A}            NGO{E}
              {AE}
      WRFERTIG:           WAIT{F}          WAIT2{F}          WAIT3{F}
              :          WAIT4{C}          WAIT5{B}
              {FFF CB}
         SHCLK:           SH15{G}            SH0{B}            SH1{B}
              :            SH2{D}            SH3{D}            SH4{B}
              :            SH5{B}            SH6{F}            SH7{B}
              :            SH8{D}            SH9{D}           SH10{C}
              :           SH11{D}           SH12{E}           SH13{B}
              :           SH14{H}           SH16{E}
              {GBB DDB BFB DDC DEB HE}
     KICKSTART:          SHCLK{C}      KICKSTART{C}
              {CC}
         AESC0:        AESCOUT{A}         AESCLR{A}       FREQCLK0{A}
              :       FREQCLK1{A}
              {AAA A}
         AESC8:        AESCOUT{A}         AESCLR{A}
              {AA}
         AESC9:        AESCOUT{A}         AESCLR{A}
              {AA}
       MCLK128:       AESMCLKO{B}
              {B}
       ADCLK16:           ADLR{H}           HOLD{H}          TAKT5{H}
              :          TAKT6{C}          TAKT7{H}
              {HHH CH}
          HOLD:           ADLR{H}
              {H}
         SHD15:            WD7{B}
              {B}
         SHD14:            WD6{G}          SHD15{G}
              {GG}
         SHD13:            WD5{B}          SHD14{E}
              {BE}
         SHD12:            WD4{F}          SHD13{B}
              {FB}
         SHD11:            WD3{G}          SHD12{G}
              {GG}
         SHD10:            WD2{G}          SHD11{G}
              {GG}
          SHD9:            WD1{F}          SHD10{C}
              {FC}
          SHD8:            WD0{G}           SHD9{G}
              {GG}
          SHD7:            WD7{B}           SHD8{E}
              {BE}
          SHD6:            WD6{G}           SHD7{B}
              {GB}
          SHD5:            WD5{B}           SHD6{E}
              {BE}
          SHD4:            WD4{F}           SHD5{F}
              {FF}
          SHD3:            WD3{G}           SHD4{B}
              {GB}
          SHD2:            WD2{G}           SHD3{G}
              {GG}
          SHD1:            WD1{F}           SHD2{G}
              {FG}
          SHD0:            WD0{G}           SHD1{B}
              {GB}
           RP9:          PUFRD{D}
              {D}
           SH0:            SH1{B}
              {B}
           SH1:            SH2{D}
              {D}
           SH2:            SH3{D}
              {D}
           SH3:            SH4{B}
              {B}
           SH4:            SH5{B}
              {B}
           SH5:            SH6{F}
              {F}
           SH6:            SH7{B}
              {B}
           SH7:          SHCLK{C}      KICKSTART{C}            SH8{D}
              {CCD}
           SH8:            SH9{D}
              {D}
           SH9:           SH10{C}
              {C}
          SH10:           SH11{D}
              {D}
          SH11:           SH12{E}
              {E}
          SH12:           SH13{B}
              {B}
          SH13:           SH14{H}
              {H}
          SH14:           SH15{G}
              {G}
          SH16:         DSPSC0{A}       DA_FSYNC{E}       DA_SDATA{G}
              :       INPSDATA{G}        DATACLK{B}            PGO{A}
              :            NGO{E}
              {AEG GBA E}
         TAKT5:           ADLR{H}           HOLD{H}          TAKT6{C}
              :          TAKT7{H}
              {HHC H}
         TAKT6:           ADLR{H}           HOLD{H}          TAKT7{H}
              {HHH}
         TAKT7:           ADLR{H}           HOLD{H}
              {HH}
        SWCOPY:        AESCOUT{A}         AESCLR{A}
              {AA}
         SWAES:        AESCOUT{A}       AESMCLKO{B}         AESPRO{C}
              :       DA_SDATA{G}         AESFC1{G}        INPSCLK{F}
              :       INPSDATA{G}        DATACLK{B}          SHCLK{C}
              :            SH0{B}
              {ABC GGF GBC B}
      SWDIGOUT:         DSPSC0{A}        AESCOUT{A}         DSPSCK{A}
              :         DSPSRD{A}       AESMCLKO{B}         AESPRO{C}
              :        DA_SCLK{C}         DSPSC2{E}       DA_FSYNC{E}
              :       DA_SDATA{G}         AESFC1{G}          DAHLP{H}
              {AAA ABC CEE GGH}
       SWONDSP:         DSPSC0{A}         DSPSCK{A}         DSPSRD{A}
              :         DSPSC2{E}       DA_SDATA{G}           SHD0{A}
              {AAA EGA}
       SWINDSP:         DSPSC0{A}         DSPSCK{A}         DSPSRD{A}
              :         DSPSC2{E}       DA_SDATA{G}           SHD0{A}
              {AAA EGA}
       SWRESFF:      RESRDFIFO{E}
              {E}
        SWPROF:         AESFC0{A}         AESPRO{C}         AESFC1{G}
              :         AESCLR{A}
              {ACG A}
         TAKTL:         AESFC0{A}       AESMCLKO{B}            CKS{D}
              :         SMPCLK{D}         AESFC1{G}
              {ABD DG}
         TAKTH:         AESFC0{A}       AESMCLKO{B}            CKS{D}
              :         SMPCLK{D}         AESFC1{G}
              {ABD DG}
        EXTAKT:        AESCOUT{A}       AESMCLKO{B}         AESPRO{C}
              :            CKS{D}         SMPCLK{D}         AESFC1{G}
              {ABC DDG}
          WAIT:          PUFWR{F}         XGORES{F}       WRFERTIG{F}
              :          WAIT2{F}
              {FFF F}
         WAIT2:          PUFWR{F}         XGORES{F}       WRFERTIG{F}
              :          WAIT3{F}
              {FFF F}
         WAIT3:            WD5{B}            WD7{B}            WD1{F}
              :            WD4{F}          PUFWR{F}            WD0{G}
              :            WD6{G}            WD3{G}            WD2{G}
              :         XGORES{F}       WRFERTIG{F}          WAIT4{C}
              {BBF FFG GGG FFC}
         WAIT4:          PUFWR{F}         XGORES{F}       WRFERTIG{F}
              :          WAIT5{B}
              {FFF B}
         WAIT5:          PUFWR{F}         XGORES{F}       WRFERTIG{F}
              {FFF}
         BWAIT:         BWAIT2{E}
              {E}
        BWAIT2:         BWAIT3{D}
              {D}
        BWAIT3:       PLAYCLKO{D}
              {D}
            Z0:          DAHLP{H}             Z1{D}             Z2{E}
              :             Z3{H}             Z4{D}             Z5{D}
              {HDE HDD}
            Z1:          PUFRD{D}          DAHLP{H}             Z2{E}
              :             Z3{H}             Z4{D}             Z5{D}
              {DHE HDD}
            Z2:          PUFRD{D}          DAHLP{H}             Z3{H}
              :             Z4{D}             Z5{D}
              {DHH DD}
            Z3:          PUFRD{D}             Z4{D}             Z5{D}
              {DDD}
            Z4:          PUFRD{D}         DSPSC2{E}          DAHLP{H}
              :             Z5{D}
              {DEH D}
            Z5:         DSPSC0{A}          PUFRD{D}       DA_FSYNC{E}
              {ADE}
           CZ0:        AESCOUT{A}         AESCLR{A}       FREQCLK0{A}
              :       FREQCLK1{A}          CZCLK{C}          AESC0{A}
              :          AESC8{A}          AESC9{A}            CZ1{C}
              :            CZ2{C}            CZ3{C}            CZ4{C}
              :            CZ5{C}
              {AAA ACA AAC CCC C}
           CZ1:        AESCOUT{A}         AESCLR{A}       FREQCLK0{A}
              :       FREQCLK1{A}          CZCLK{C}          AESC0{A}
              :          AESC8{A}          AESC9{A}            CZ2{C}
              :            CZ3{C}            CZ4{C}            CZ5{C}
              {AAA ACA AAC CCC}
           CZ2:        AESCOUT{A}         AESCLR{A}       FREQCLK0{A}
              :       FREQCLK1{A}          CZCLK{C}          AESC0{A}
              :          AESC8{A}          AESC9{A}            CZ3{C}
              :            CZ4{C}            CZ5{C}
              {AAA ACA AAC CC}
           CZ3:        AESCOUT{A}         AESCLR{A}       FREQCLK0{A}
              :       FREQCLK1{A}          CZCLK{C}          AESC0{A}
              :          AESC8{A}          AESC9{A}            CZ4{C}
              :            CZ5{C}
              {AAA ACA AAC C}
           CZ4:        AESCOUT{A}         AESCLR{A}       FREQCLK0{A}
              :       FREQCLK1{A}          CZCLK{C}          AESC0{A}
              :          AESC8{A}          AESC9{A}            CZ5{C}
              {AAA ACA AAC}
           CZ5:        AESCOUT{A}         AESCLR{A}       FREQCLK0{A}
              :       FREQCLK1{A}          CZCLK{C}          AESC0{A}
              :          AESC8{A}          AESC9{A}
              {AAA ACA AA}
           PGO:            WD5{B}            WD7{B}            WD1{F}
              :            WD4{F}          PUFWR{F}            WD0{G}
              :            WD6{G}            WD3{G}            WD2{G}
              :         XGORES{F}       WRFERTIG{F}           WAIT{F}
              {BBF FFG GGG FFF}
           NGO:            WD5{B}            WD7{B}            WD1{F}
              :            WD4{F}          PUFWR{F}            WD0{G}
              :            WD6{G}            WD3{G}            WD2{G}
              :         XGORES{F}       WRFERTIG{F}           WAIT{F}
              {BBF FFG GGG FFF}
        MCLK12:         SMPCLK{D}
              {D}

Block A singular list (Input drives only one logic equation)
     RN_AESC25:         AESFC0
     RN_AESC24:         AESFC0
        DSPSTD:           SHD0
        AESCLR:        AESCOUT
      FREQCLK0:         AESC24
      FREQCLK1:         AESC25
         DAHLP:         DSPSRD
        XGORES:            PGO
         SWAES:        AESCOUT
         TAKTL:         AESFC0
         TAKTH:         AESFC0
        EXTAKT:        AESCOUT
            Z5:         DSPSC0

Block B singular list (Input drives only one logic equation)
       DA_ACKO:       AESMCLKO
      WRFERTIG:          WAIT5
       MCLK128:       AESMCLKO
         SHD15:            WD7
         SHD13:            WD5
         SHD12:          SHD13
          SHD7:            WD7
          SHD6:           SHD7
          SHD5:            WD5
          SHD3:           SHD4
          SHD0:           SHD1
           SH0:            SH1
           SH3:            SH4
           SH4:            SH5
           SH6:            SH7
          SH12:           SH13
          SH16:        DATACLK
      SWDIGOUT:       AESMCLKO
         TAKTL:       AESMCLKO
         TAKTH:       AESMCLKO
        EXTAKT:       AESMCLKO
         WAIT4:          WAIT5

Block C singular list (Input drives only one logic equation)
       DA_ACKO:          TAKT6
      AESSYNCI:          CZCLK
       AESCLKI:          SHCLK
        MCLK24:         MCLK12
        MCLK16:          SHCLK
      WRFERTIG:          WAIT4
         SHCLK:           SH10
       ADCLK16:          TAKT6
          SHD9:          SHD10
           SH9:           SH10
         TAKT5:          TAKT6
        SWPROF:         AESPRO
        EXTAKT:         AESPRO
         WAIT3:          WAIT4
           CZ5:          CZCLK

Block D singular list (Input drives only one logic equation)
            D0:          SWAES
       EXTMCLK:         SMPCLK
      AESMCLKI:         SMPCLK
        MCLK16:         SMPCLK
      PLAYCLKO:            RP9
        SMPREG:          SWAES
            A6:          SWAES
            A7:          SWAES
           RP9:          PUFRD
           SH1:            SH2
           SH2:            SH3
           SH7:            SH8
           SH8:            SH9
          SH10:           SH11
        BWAIT2:         BWAIT3
        BWAIT3:       PLAYCLKO
            Z5:          PUFRD
        MCLK12:         SMPCLK

Block E singular list (Input drives only one logic equation)
            D0:         SWPROT
         PUFRD:         BWAIT2
       RN_SH15:           SH16
            D1:        SWDIGIN
            D4:        PREEMPH
       DATACLK:         DSPSC2
        XGORES:            NGO
         SHD13:          SHD14
          SHD7:           SHD8
          SHD5:           SHD6
          SH11:           SH12
       SWONDSP:         DSPSC2
       SWINDSP:         DSPSC2
       SWRESFF:      RESRDFIFO
         BWAIT:         BWAIT2
            Z0:             Z2
            Z1:             Z2
            Z4:         DSPSC2
            Z5:       DA_FSYNC

Block F singular list (Input drives only one logic equation)
       DA_ACKO:        ADCLK32
       AESCLKI:        INPSCLK
    RN_ADCLK32:        INPSCLK
      DA_SDATA:       AESDATAO
            D3:         VOLCLK
       INPSCLK:           SHD5
         SHCLK:            SH6
         SHD12:            WD4
          SHD9:            WD1
          SHD1:            WD1
           SH5:            SH6
         SWAES:        INPSCLK

Block G singular list (Input drives only one logic equation)
     RN_AESC25:         AESFC1
     RN_AESC24:         AESFC1
        DSPSTD:       DA_SDATA
         DAHLP:       DA_SDATA
         SHCLK:           SH15
          SHD6:            WD6
          SHD3:            WD3
          SHD1:           SHD2
          SHD0:            WD0
          SH14:           SH15
       SWONDSP:       DA_SDATA
       SWINDSP:       DA_SDATA
        SWPROF:         AESFC1
         TAKTL:         AESFC1
         TAKTH:         AESFC1
        EXTAKT:         AESFC1
           RP6:          DAHLP
           RP4:          DAHLP
           RP2:          DAHLP
           RP0:          DAHLP
           RP7:          DAHLP
           RP5:          DAHLP
           RP3:          DAHLP
           RP1:          DAHLP

Block H singular list (Input drives only one logic equation)
       INPSCLK:             Z3
         SHCLK:           SH14
          HOLD:           ADLR
          SH13:           SH14
      SWDIGOUT:          DAHLP
            Z4:          DAHLP


BLOCK A LOGIC MACROCELLS & INPUT REGISTERS
                                  PTS 
                             T   U   A
L                            Y   S   V  X  P   C  S  R   P
O                            P   E   A  O  O   L  E  E   I
C     Node          Signal   E   D   L  R  L   K  T  S   N   Fanout
|---------------------------------------------------------------------------|
A0      2           DSPSRD  C/.  4   1  G  H   .  .  .  10  --------
A1      3           DSPSCK  C/.  4   1  G  H   .  .  .   9  --------
A2      4          AESCOUT  C/.  5   2  G  H   .  .  .   4  --------
A3      5           DSPSC0  C/.  4   5  G  H   .  .  .   3  --------
A4      6        RN_AESC25  D/A  1   6  P  H   P  G  G   5  A-----G-
A5      7              PGO  D/A  1   6  P  H   P  G  P  ..  -B---FG-
A6      8        RN_AESC24  D/A  1   4  P  H   P  G  G   6  A-----G-
A7      9             SHD0  D/A  3   2  G  H   P  G  G  ..  -B----G-
A8     10           AESCLR  C/.  9   1  G  H   .  .  .  ..  A-------
A9     11         FREQCLK1  C/.  2   3  G  H   .  .  .  ..  A-------
A10    12           AESFC0  C/.  3   2  G  H   .  .  .   8  --------
A11    13 ................  ...  .   3  .  .   .  .  .  ..  ........
A12    14         FREQCLK0  C/.  2   7  G  H   .  .  .  ..  A-------
A13    15            AESC0  D/A  1   6  P  H   P  G  G  ..  A-------
A14    16            AESC9  D/A  1   6  P  H   P  G  G  ..  A-------
A15    17            AESC8  D/A  1   4  P  H   P  G  G  ..  A-------
Air-0 130 ................  ...  .   .  .  .   .  .  .  ..  ........
Air-1 131 ................  ...  .   .  .  .   .  .  .  ..  ........
Air-2 132 ................  ...  .   .  .  .   .  .  .  ..  ........
Air-3 133 ................  ...  .   .  .  .   .  .  .  ..  ........
Air-4 134 ................  ...  .   .  .  .   .  .  .  ..  ........
Air-5 135 ................  ...  .   .  .  .   .  .  .  ..  ........
Air-6 136 ................  ...  .   .  .  .   .  .  .  ..  ........
Air-7 137 ................  ...  .   .  .  .   .  .  .  ..  ........

BLOCK A I/O PINS
Pin onode inode           Signal     Type    Fanout
|----------------------------------------------------------------|
  3    5   ...            DSPSC0    output  --------
  4    4   ...           AESCOUT    output  --------
  5    6   ...            AESC25    output  --------
  6    8   ...            AESC24    output  --------
  7  ...   ...             RESET     input  -BCDEFGH
  8   12   ...            AESFC0    output  --------
  9    3   ...            DSPSCK    output  --------
 10    2   ...            DSPSRD    output  --------


BLOCK A LOGIC ARRAY FANIN
CSM             Signal    Source        CSM             Signal    Source
|----------------------------------|    |----------------------------------|
mxA0            TAKTL     mcell H-4     mxA17             CBL        pin 31
mxA1           EXTAKT     mcell F-9     mxA18             CZ0    mcell C-10
mxA2         FREQCLK1     mcell A-9     mxA19       RN_AESC25     mcell A-4
mxA3           AESCLR     mcell A-8     mxA20         SWONDSP     mcell H-7
mxA4            TAKTH     mcell E-7     mxA21           DAHLP     mcell H-6
mxA5             SH16    mcell E-11     mxA22       RN_AESC24     mcell A-6
mxA6            AESC8    mcell A-15     mxA23             CZ1     mcell C-9
mxA7          INPSCLK     mcell F-7     mxA24              Z5     mcell D-5
mxA8           DSPSTD        pin 37     mxA25           AESC0    mcell A-13
mxA9         FREQCLK0    mcell A-12     mxA26        INPSDATA    mcell G-11
mxA10          AESCIN        pin 41     mxA27             CZ4     mcell C-6
mxA11          SWPROF     mcell H-3     mxA28             CZ5     mcell C-5
mxA12        SWDIGOUT     mcell H-1     mxA29          SWCOPY    mcell H-12
mxA13         SWINDSP     mcell H-5     mxA30       RN_SWPROT     mcell E-8
mxA14           SWAES     mcell D-4     mxA31          XGORES    mcell F-12
mxA15             CZ3     mcell C-7     mxA32           AESC9    mcell A-14
mxA16             CZ2     mcell C-8

BLOCK B CLOCK MUX 
Block Clocks     Signal    Pin   Pol
|-----------------------------------|
Ck0               HCLKI     20    H
Ck1                 ...     ..    .
Ck2                 ...     ..    .
Ck3            PLAYCLKI     65    H


BLOCK B LOGIC MACROCELLS & INPUT REGISTERS
                                  PTS 
                             T   U   A
L                            Y   S   V  X  P   C  S  R   P
O                            P   E   A  O  O   L  E  E   I
C     Node          Signal   E   D   L  R  L   K  T  S   N   Fanout
|---------------------------------------------------------------------------|
B0     18         AESMCLKO  C/.  6   4  G  H   .  .  .  12  --------
B1     19              WD7  C/.  3   2  G  H   .  .  .  14  --------
B2     20              WD5  C/.  3   1  G  H   .  .  .  13  --------
B3     21              SH7  D/A  1   2  P  H   P  G  P  ..  --CD----
B4     22             SHD1  D/A  1   4  P  H   P  G  G  ..  -----FG-
B5     23             SHD7  D/A  1   4  P  H   P  G  G  ..  -B--E---
B6     24            SHD13  D/A  1   4  P  H   P  G  G  ..  -B--E---
B7     25          DATACLK  C/.  4   7  G  H   .  .  .  ..  ----E---
B8     26              SH0  D/A  2   7  G  H   P  P  G  ..  -B------
B9     27            WAIT5  D/S  1   8  P  H Ck0  G B0  ..  -----F--
B10    28             SH13  D/A  1  10  P  H   P  G  P  ..  -------H
B11    29              SH5  D/A  1   8  P  H   P  G  P  ..  -----F--
B12    30              SH4  D/A  1   8  P  H   P  G  P  ..  -B------
B13    31              SH1  D/A  1   8  P  H   P  G  P  ..  ---D----
B14    32             SHD4  D/A  1   6  P  H   P  G  G  ..  -----F--
B15    33          MCLK128  T/A  1   4  P  H   P  G  G  ..  -B------
Bir-0 138              RP2  D/S  .   .  .  H Ck3  .  .  19  -------H
Bir-1 139              RP4  D/S  .   .  .  H Ck3  .  .  18  -------H
Bir-2 140              RP6  D/S  .   .  .  H Ck3  .  .  17  -------H
Bir-3 141 ................  ...  .   .  .  .   .  .  .  ..  ........
Bir-4 142 ................  ...  .   .  .  .   .  .  .  ..  ........
Bir-5 143 ................  ...  .   .  .  .   .  .  .  ..  ........
Bir-6 144 ................  ...  .   .  .  .   .  .  .  ..  ........
Bir-7 145 ................  ...  .   .  .  .   .  .  .  ..  ........

BLOCK B I/O PINS
Pin onode inode           Signal     Type    Fanout
|----------------------------------------------------------------|
 12   18   ...          AESMCLKO    output  --------
 13   20   ...               WD5    output  --------
 14   19   ...               WD7    output  --------
 15  ...   ...                D2     input  -------H
 16  ...   ...                D0     input  ---DE--H
 17  ...   140               RD6     input  --------
 18  ...   139               RD4     input  --------
 19  ...   138               RD2     input  --------


BLOCK B LOGIC ARRAY FANIN
CSM             Signal    Source        CSM             Signal    Source
|----------------------------------|    |----------------------------------|
mxB0            TAKTL     mcell H-4     mxB17           RESET         pin 7
mxB1           EXTAKT     mcell F-9     mxB18             PGO     mcell A-5
mxB2            SHCLK     mcell C-2     mxB19           WAIT3    mcell F-10
mxB3              SH6    mcell F-15     mxB20           WAIT4     mcell C-3
mxB4            TAKTH     mcell E-7     mxB21           SWAES     mcell D-4
mxB5             SH16    mcell E-11     mxB22        AESMCLKI        pin 27
mxB6          RN_ADLR     mcell H-0     mxB23           SHD13     mcell B-6
mxB7          INPSCLK     mcell F-7     mxB24            SHD6    mcell E-10
mxB8          MCLK128    mcell B-15     mxB25             SH0     mcell B-8
mxB9         AESSYNCI        pin 26     mxB26             SH4    mcell B-12
mxB10           SHD15    mcell G-14     mxB27           SHD12     mcell G-9
mxB11         DA_ACKO        pin 25     mxB28            SHD0     mcell A-7
mxB12        SWDIGOUT     mcell H-1     mxB29             SH3    mcell D-13
mxB13            SH12    mcell E-13     mxB30        WRFERTIG    mcell F-11
mxB14             NGO     mcell E-5     mxB31            SHD7     mcell B-5
mxB15            SHD5    mcell F-13     mxB32            SHD3     mcell G-5
mxB16             ...           ...

BLOCK C CLOCK MUX 
Block Clocks     Signal    Pin   Pol
|-----------------------------------|
Ck0               HCLKI     20    H
Ck1                 ...     ..    .
Ck2                 ...     ..    .
Ck3            PLAYCLKI     65    H


BLOCK C LOGIC MACROCELLS & INPUT REGISTERS
                                  PTS 
                             T   U   A
L                            Y   S   V  X  P   C  S  R   P
O                            P   E   A  O  O   L  E  E   I
C     Node          Signal   E   D   L  R  L   K  T  S   N   Fanout
|---------------------------------------------------------------------------|
C0     34          DA_SCLK  C/.  2   3  G  H   .  .  .  30  --------
C1     35           AESPRO  C/.  2   7  G  H   .  .  .  29  --------
C2     36            SHCLK  C/.  3   6  G  H   .  .  .  ..  -BCDEFGH
C3     37            WAIT4  D/S  1   6  P  H Ck0  G B0  ..  -B---F--
C4     38        KICKSTART  C/.  2  11  G  H   .  .  .  ..  --C-----
C5     39              CZ5  T/A  1   6  P  H   P  G  P  ..  A-C-----
C6     40              CZ4  T/A  1   8  P  H   P  G  P  ..  A-C-----
C7     41              CZ3  T/A  1   8  P  H   P  G  P  ..  A-C-----
C8     42              CZ2  T/A  1   8  P  H   P  G  P  ..  A-C-----
C9     43              CZ1  T/A  1   6  P  H   P  G  P  ..  A-C-----
C10    44              CZ0  T/A  1   6  P  H   P  G  P  ..  A-C-----
C11    45            CZCLK  C/.  2   9  G  H   .  .  .  ..  --C-----
C12    46           MCLK12  T/A  1   6  P  H   P  G  G  ..  ---D----
C13    47            TAKT6  T/A  1   8  P  H   P  G  G  ..  -------H
C14    48             SH10  D/A  1   6  P  H   P  G  G  ..  ---D----
C15    49            SHD10  D/A  1   4  P  H   P  G  G  ..  ------G-
Cir-0 146              RP0  D/S  .   .  .  H Ck3  .  .  24  -------H
Cir-1 147 ................  ...  .   .  .  .   .  .  .  ..  ........
Cir-2 148 ................  ...  .   .  .  .   .  .  .  ..  ........
Cir-3 149 ................  ...  .   .  .  .   .  .  .  ..  ........
Cir-4 150 ................  ...  .   .  .  .   .  .  .  ..  ........
Cir-5 151 ................  ...  .   .  .  .   .  .  .  ..  ........
Cir-6 152 ................  ...  .   .  .  .   .  .  .  ..  ........
Cir-7 153 ................  ...  .   .  .  .   .  .  .  ..  ........

BLOCK C I/O PINS
Pin onode inode           Signal     Type    Fanout
|----------------------------------------------------------------|
 24  ...   146               RD0     input  --------
 25  ...   ...           DA_ACKO     input  -BC--F-H
 26  ...   ...          AESSYNCI     input  -BC-----
 27  ...   ...          AESMCLKI     input  -B-D----
 28  ...   ...           AESCLKI     input  --C--F--
 29   35   ...            AESPRO    output  --------
 30   34   ...           DA_SCLK    output  --------
 31  ...   ...               CBL     input  A-C-----


BLOCK C LOGIC ARRAY FANIN
CSM             Signal    Source        CSM             Signal    Source
|----------------------------------|    |----------------------------------|
mxC0           MCLK24        pin 36     mxC17      RN_ADCLK32     mcell F-3
mxC1           EXTAKT     mcell F-9     mxC18             CZ0    mcell C-10
mxC2            WAIT3    mcell F-10     mxC19             SH9    mcell D-11
mxC3          ADCLK16     mcell H-8     mxC20        WRFERTIG    mcell F-11
mxC4            RESET         pin 7     mxC21           SWAES     mcell D-4
mxC5          AESCLKI        pin 28     mxC22           SHCLK     mcell C-2
mxC6              CBL        pin 31     mxC23             CZ1     mcell C-9
mxC7              CZ5     mcell C-5     mxC24             ...           ...
mxC8             SHD9     mcell G-7     mxC25         INPSCLK     mcell F-7
mxC9         AESSYNCI        pin 26     mxC26             ...           ...
mxC10          SWPROF     mcell H-3     mxC27             CZ4     mcell C-6
mxC11         DA_ACKO        pin 25     mxC28           TAKT5     mcell H-2
mxC12        SWDIGOUT     mcell H-1     mxC29           CZCLK    mcell C-11
mxC13             SH7     mcell B-3     mxC30             ...           ...
mxC14       KICKSTART     mcell C-4     mxC31             ...           ...
mxC15             CZ3     mcell C-7     mxC32          MCLK16        pin 39
mxC16             CZ2     mcell C-8

BLOCK D CLOCK MUX 
Block Clocks     Signal    Pin   Pol
|-----------------------------------|
Ck0               HCLKI     20    H
Ck1                 ...     ..    .
Ck2                 ...     ..    .
Ck3                 ...     ..    .


BLOCK D LOGIC MACROCELLS & INPUT REGISTERS
                                  PTS 
                             T   U   A
L                            Y   S   V  X  P   C  S  R   P
O                            P   E   A  O  O   L  E  E   I
C     Node          Signal   E   D   L  R  L   K  T  S   N   Fanout
|---------------------------------------------------------------------------|
D0     50            PUFRD  C/.  6   3  G  L   .  .  .  35  ---DE---
D1     51         PLAYCLKO  C/.  1   0  P  H   .  .  .  40  ---D----
D2     52           SMPCLK  C/.  4   3  G  H   .  .  .  34  --------
D3     53              CKS  C/.  3   6  G  H   .  .  .  33  --------
D4     54            SWAES  D/A  1   6  P  H   P  G  P  ..  ABC--FG-
D5     55               Z5  T/A  1   8  P  H   P  G  P  ..  A--DE---
D6     56               Z4  T/A  1  10  P  H   P  G  P  ..  ---DE--H
D7     57               Z1  T/A  1  12  P  H   P  G  P  ..  ---DE--H
D8     58           BWAIT3  D/S  1  12  P  H Ck0  G B0  ..  ---D----
D9     59            BWAIT  D/S  1  12  P  H Ck0  G B0  ..  ----E---
D10    60             SH11  D/A  1  10  P  H   P  P  G  ..  ----E---
D11    61              SH9  D/A  1   8  P  H   P  G  G  ..  --C-----
D12    62              SH8  D/A  1   8  P  H   P  G  G  ..  ---D----
D13    63              SH3  D/A  1   8  P  H   P  G  P  ..  -B------
D14    64              SH2  D/A  1   6  P  H   P  G  P  ..  ---D----
D15    65              RP9  D/A  1   4  P  H   P  G  G  ..  ---D----
Dir-0 154 ................  ...  .   .  .  .   .  .  .  ..  ........
Dir-1 155 ................  ...  .   .  .  .   .  .  .  ..  ........
Dir-2 156 ................  ...  .   .  .  .   .  .  .  ..  ........
Dir-3 157 ................  ...  .   .  .  .   .  .  .  ..  ........
Dir-4 158 ................  ...  .   .  .  .   .  .  .  ..  ........
Dir-5 159 ................  ...  .   .  .  .   .  .  .  ..  ........
Dir-6 160 ................  ...  .   .  .  .   .  .  .  ..  ........
Dir-7 161 ................  ...  .   .  .  .   .  .  .  ..  ........

BLOCK D I/O PINS
Pin onode inode           Signal     Type    Fanout
|----------------------------------------------------------------|
 33   53   ...               CKS    output  --------
 34   52   ...            SMPCLK    output  --------
 35   50   ...             PUFRD    output  ---DE---
 36  ...   ...            MCLK24     input  --C-----
 37  ...   ...            DSPSTD     input  A-----G-
 38  ...   ...            ADATAI     input  ------G-
 39  ...   ...            MCLK16     input  --CD----
 40   51   ...          PLAYCLKO    output  ---D----


BLOCK D LOGIC ARRAY FANIN
CSM             Signal    Source        CSM             Signal    Source
|----------------------------------|    |----------------------------------|
mxD0               A7        pin 68     mxD17           RESET         pin 7
mxD1           EXTAKT     mcell F-9     mxD18            SH10    mcell C-14
mxD2               Z0     mcell G-4     mxD19              D0        pin 16
mxD3           SMPREG        pin 57     mxD20           TAKTL     mcell H-4
mxD4            TAKTH     mcell E-7     mxD21             RP9    mcell D-15
mxD5          EXTMCLK        pin 23     mxD22           SHCLK     mcell C-2
mxD6         PLAYCLKO        pin 40     mxD23          MCLK16        pin 39
mxD7               Z5     mcell D-5     mxD24             SH2    mcell D-14
mxD8               Z1     mcell D-7     mxD25         INPSCLK     mcell F-7
mxD9            PUFRD        pin 35     mxD26             ...           ...
mxD10             RP8     inode 190     mxD27              Z3     mcell H-9
mxD11             SH8    mcell D-12     mxD28             SH1    mcell B-13
mxD12        AESMCLKI        pin 27     mxD29              A6        pin 62
mxD13             SH7     mcell B-3     mxD30              Z4     mcell D-6
mxD14              Z2     mcell E-9     mxD31             ...           ...
mxD15          MCLK12    mcell C-12     mxD32          BWAIT3     mcell D-8
mxD16          BWAIT2    mcell E-12

BLOCK E CLOCK MUX 
Block Clocks     Signal    Pin   Pol
|-----------------------------------|
Ck0               HCLKI     20    H
Ck1                 ...     ..    .
Ck2                 ...     ..    .
Ck3                 ...     ..    .


BLOCK E LOGIC MACROCELLS & INPUT REGISTERS
                                  PTS 
                             T   U   A
L                            Y   S   V  X  P   C  S  R   P
O                            P   E   A  O  O   L  E  E   I
C     Node          Signal   E   D   L  R  L   K  T  S   N   Fanout
|---------------------------------------------------------------------------|
E0     66           DSPSC2  C/.  4   3  G  H   .  .  .  50  --------
E1     67         DA_FSYNC  C/.  2   9  G  H   .  .  .  51  --------
E2     68          SWSUBFR  D/A  1   8  P  H   P  G  P  52  --------
E3     69        RESRDFIFO  C/.  1  10  P  L   .  .  .  46  --------
E4     70          PREEMPH  D/A  1  10  P  H   P  P  G  45  --------
E5     71              NGO  D/A  1   8  P  H   P  G  P  ..  -B---FG-
E6     72          SWDIGIN  D/A  1   8  P  H   P  G  P  48  --------
E7     73            TAKTH  D/A  1   8  P  H   P  G  P  ..  AB-D--G-
E8     74        RN_SWPROT  D/A  1   8  P  H   P  G  P  49  A-------
E9     75               Z2  T/A  1   8  P  H   P  G  P  ..  ---D---H
E10    76             SHD6  D/A  1  10  P  H   P  G  G  ..  -B----G-
E11    77             SH16  D/A  1  10  P  H   P  P  G  ..  AB--E-G-
E12    78           BWAIT2  D/S  1  10  P  H Ck0  G B0  ..  ---D----
E13    79             SH12  D/A  1  10  P  H   P  P  G  ..  -B------
E14    80             SHD8  D/A  1   6  P  H   P  G  G  ..  ------G-
E15    81            SHD14  D/A  1   4  P  H   P  G  G  ..  ------G-
Eir-0 162 ................  ...  .   .  .  .   .  .  .  ..  ........
Eir-1 163 ................  ...  .   .  .  .   .  .  .  ..  ........
Eir-2 164 ................  ...  .   .  .  .   .  .  .  ..  ........
Eir-3 165 ................  ...  .   .  .  .   .  .  .  ..  ........
Eir-4 166 ................  ...  .   .  .  .   .  .  .  ..  ........
Eir-5 167 ................  ...  .   .  .  .   .  .  .  ..  ........
Eir-6 168 ................  ...  .   .  .  .   .  .  .  ..  ........
Eir-7 169 ................  ...  .   .  .  .   .  .  .  ..  ........

BLOCK E I/O PINS
Pin onode inode           Signal     Type    Fanout
|----------------------------------------------------------------|
 45   70   ...           PREEMPH    output  --------
 46   69   ...         RESRDFIFO    output  --------
 47  ...   ...          AESDATAI     input  ------G-
 48   72   ...           SWDIGIN    output  --------
 49   74   ...            SWPROT    output  --------
 50   66   ...            DSPSC2    output  --------
 51   67   ...          DA_FSYNC    output  --------
 52   68   ...           SWSUBFR    output  --------


BLOCK E LOGIC ARRAY FANIN
CSM             Signal    Source        CSM             Signal    Source
|----------------------------------|    |----------------------------------|
mxE0               D4        pin 83     mxE17           RESET         pin 7
mxE1          DATACLK     mcell B-7     mxE18         SWRESFF    mcell H-10
mxE2             SH11    mcell D-10     mxE19             ...           ...
mxE3           SMPREG        pin 57     mxE20         SWONDSP     mcell H-7
mxE4               A6        pin 62     mxE21              Z0     mcell G-4
mxE5          RN_SH15     mcell G-6     mxE22           SHCLK     mcell C-2
mxE6               D1        pin 76     mxE23           SHD13     mcell B-6
mxE7            BWAIT     mcell D-9     mxE24              Z5     mcell D-5
mxE8               Z1     mcell D-7     mxE25         INPSCLK     mcell F-7
mxE9            PUFRD        pin 35     mxE26            SH16    mcell E-11
mxE10              D0        pin 16     mxE27             ...           ...
mxE11              D3        pin 75     mxE28            SHD7     mcell B-5
mxE12        SWDIGOUT     mcell H-1     mxE29             ...           ...
mxE13         SWINDSP     mcell H-5     mxE30              Z4     mcell D-6
mxE14             ...           ...     mxE31          XGORES    mcell F-12
mxE15            SHD5    mcell F-13     mxE32             ...           ...
mxE16              A7        pin 68

BLOCK F CLOCK MUX 
Block Clocks     Signal    Pin   Pol
|-----------------------------------|
Ck0               HCLKI     20    H
Ck1                 ...     ..    .
Ck2                 ...     ..    .
Ck3                 ...     ..    .


BLOCK F LOGIC MACROCELLS & INPUT REGISTERS
                                  PTS 
                             T   U   A
L                            Y   S   V  X  P   C  S  R   P
O                            P   E   A  O  O   L  E  E   I
C     Node          Signal   E   D   L  R  L   K  T  S   N   Fanout
|---------------------------------------------------------------------------|
F0     82            PUFWR  C/.  4   1  G  L   .  .  .  56  -----F--
F1     83              WD4  C/.  3   4  G  H   .  .  .  55  --------
F2     84              WD1  C/.  3   8  G  H   .  .  .  54  --------
F3     85       RN_ADCLK32  T/A  1   8  P  H   P  G  G  61  --C--F-H
F4     86         AESDATAO  C/.  1  10  P  H   .  .  .  60  --------
F5     87         VOLDATAI  D/A  1   8  P  H   P  G  P  59  --------
F6     88           VOLCLK  D/A  1   8  P  H   P  G  P  58  --------
F7     89          INPSCLK  C/.  2  11  G  H   .  .  .  ..  ABCDEFGH
F8     90            WAIT2  D/S  1  10  P  H Ck0  G B0  ..  -----F--
F9     91           EXTAKT  D/A  1  10  P  H   P  G  P  ..  ABCD--G-
F10    92            WAIT3  D/S  1   6  P  H Ck0  G B0  ..  -BC--FG-
F11    93         WRFERTIG  C/.  2   9  G  H   .  .  .  ..  -BC--F--
F12    94           XGORES  C/.  3   8  G  H   .  .  .  ..  A---E---
F13    95             SHD5  D/A  1   8  P  H   P  G  G  ..  -B--E---
F14    96             WAIT  D/S  1   8  P  H Ck0  G B0  ..  -----F--
F15    97              SH6  D/A  1   6  P  H   P  G  P  ..  -B------
Fir-0 170 ................  ...  .   .  .  .   .  .  .  ..  ........
Fir-1 171 ................  ...  .   .  .  .   .  .  .  ..  ........
Fir-2 172 ................  ...  .   .  .  .   .  .  .  ..  ........
Fir-3 173 ................  ...  .   .  .  .   .  .  .  ..  ........
Fir-4 174 ................  ...  .   .  .  .   .  .  .  ..  ........
Fir-5 175 ................  ...  .   .  .  .   .  .  .  ..  ........
Fir-6 176 ................  ...  .   .  .  .   .  .  .  ..  ........
Fir-7 177 ................  ...  .   .  .  .   .  .  .  ..  ........

BLOCK F I/O PINS
Pin onode inode           Signal     Type    Fanout
|----------------------------------------------------------------|
 54   84   ...               WD1    output  --------
 55   83   ...               WD4    output  --------
 56   82   ...             PUFWR    output  -----F--
 57  ...   ...            SMPREG     input  ---DEF-H
 58   88   ...            VOLCLK    output  --------
 59   87   ...          VOLDATAI    output  --------
 60   86   ...          AESDATAO    output  --------
 61   85   ...           ADCLK32    output  --------


BLOCK F LOGIC ARRAY FANIN
CSM             Signal    Source        CSM             Signal    Source
|----------------------------------|    |----------------------------------|
mxF0               A7        pin 68     mxF17           RESET         pin 7
mxF1              ...           ...     mxF18             PGO     mcell A-5
mxF2            WAIT2     mcell F-8     mxF19           WAIT3    mcell F-10
mxF3           SMPREG        pin 57     mxF20           WAIT4     mcell C-3
mxF4               D3        pin 75     mxF21              D4        pin 83
mxF5          AESCLKI        pin 28     mxF22           SHCLK     mcell C-2
mxF6         DA_SDATA        pin 67     mxF23           PUFWR        pin 56
mxF7              SH5    mcell B-11     mxF24            WAIT    mcell F-14
mxF8             SHD9     mcell G-7     mxF25         INPSCLK     mcell F-7
mxF9             SHD4    mcell B-14     mxF26      RN_ADCLK32     mcell F-3
mxF10           SWAES     mcell D-4     mxF27            SHD1     mcell B-4
mxF11         DA_ACKO        pin 25     mxF28             ...           ...
mxF12           SHD12     mcell G-9     mxF29              A6        pin 62
mxF13             ...           ...     mxF30        WRFERTIG    mcell F-11
mxF14             NGO     mcell E-5     mxF31             ...           ...
mxF15             ...           ...     mxF32             ...           ...
mxF16           WAIT5     mcell B-9


BLOCK G LOGIC MACROCELLS & INPUT REGISTERS
                                  PTS 
                             T   U   A
L                            Y   S   V  X  P   C  S  R   P
O                            P   E   A  O  O   L  E  E   I
C     Node          Signal   E   D   L  R  L   K  T  S   N   Fanout
|---------------------------------------------------------------------------|
G0     98              WD2  C/.  3   2  G  H   .  .  .  73  --------
G1     99              WD3  C/.  3   2  G  H   .  .  .  72  --------
G2    100         DA_SDATA  C/.  7   0  G  H   .  .  .  67  -----F--
G3    101              WD0  C/.  3   4  G  H   .  .  .  66  --------
G4    102               Z0  T/A  1   4  P  H   P  G  P  ..  ---DE--H
G5    103             SHD3  D/A  1   6  P  H   P  G  G  ..  -B----G-
G6    104          RN_SH15  D/A  1   6  P  H   P  P  G  69  ----E---
G7    105             SHD9  D/A  1   6  P  H   P  G  G  ..  --C--F--
G8    106           AESFC1  C/.  3   6  G  H   .  .  .  70  --------
G9    107            SHD12  D/A  1   2  P  H   P  G  G  ..  -B---F--
G10   108              WD6  C/.  3   6  G  H   .  .  .  71  --------
G11   109         INPSDATA  C/.  3   6  G  H   .  .  .  ..  A-------
G12   110             SHD2  D/A  1   6  P  H   P  G  G  ..  ------G-
G13   111            SHD11  D/A  1  11  P  H   P  G  G  ..  ------G-
G14   112            SHD15  D/A  1   9  P  H   P  G  G  ..  -B------
G15   113 ................  ...  .   7  .  .   .  .  .  ..  ........
Gir-0 178 ................  ...  .   .  .  .   .  .  .  ..  ........
Gir-1 179 ................  ...  .   .  .  .   .  .  .  ..  ........
Gir-2 180 ................  ...  .   .  .  .   .  .  .  ..  ........
Gir-3 181 ................  ...  .   .  .  .   .  .  .  ..  ........
Gir-4 182 ................  ...  .   .  .  .   .  .  .  ..  ........
Gir-5 183 ................  ...  .   .  .  .   .  .  .  ..  ........
Gir-6 184 ................  ...  .   .  .  .   .  .  .  ..  ........
Gir-7 185 ................  ...  .   .  .  .   .  .  .  ..  ........

BLOCK G I/O PINS
Pin onode inode           Signal     Type    Fanout
|----------------------------------------------------------------|
 66  101   ...               WD0    output  --------
 67  100   ...          DA_SDATA    output  -----F--
 68  ...   ...                A7     input  ---DEF-H
 69  104   ...              SH15    output  --------
 70  106   ...            AESFC1    output  --------
 71  108   ...               WD6    output  --------
 72   99   ...               WD3    output  --------
 73   98   ...               WD2    output  --------


BLOCK G LOGIC ARRAY FANIN
CSM             Signal    Source        CSM             Signal    Source
|----------------------------------|    |----------------------------------|
mxG0            TAKTL     mcell H-4     mxG17           RESET         pin 7
mxG1           EXTAKT     mcell F-9     mxG18             PGO     mcell A-5
mxG2            SHCLK     mcell C-2     mxG19            SHD8    mcell E-14
mxG3             SHD6    mcell E-10     mxG20            SHD0     mcell A-7
mxG4            TAKTH     mcell E-7     mxG21           DAHLP     mcell H-6
mxG5            SHD10    mcell C-15     mxG22            SHD3     mcell G-5
mxG6          RN_ADLR     mcell H-0     mxG23          ADATAI        pin 38
mxG7             SH14    mcell H-13     mxG24             ...           ...
mxG8           DSPSTD        pin 37     mxG25         INPSCLK     mcell F-7
mxG9            SHD11    mcell G-13     mxG26             NGO     mcell E-5
mxG10           SWAES     mcell D-4     mxG27       RN_AESC25     mcell A-4
mxG11          SWPROF     mcell H-3     mxG28           SHD14    mcell E-15
mxG12        SWDIGOUT     mcell H-1     mxG29         SWONDSP     mcell H-7
mxG13         SWINDSP     mcell H-5     mxG30            SHD1     mcell B-4
mxG14            SHD2    mcell G-12     mxG31           WAIT3    mcell F-10
mxG15       RN_AESC24     mcell A-6     mxG32            SH16    mcell E-11
mxG16        AESDATAI        pin 47

BLOCK H CLOCK MUX 
Block Clocks     Signal    Pin   Pol
|-----------------------------------|
Ck0                 ...     ..    .
Ck1                 ...     ..    .
Ck2                 ...     ..    .
Ck3            PLAYCLKI     65    H


BLOCK H LOGIC MACROCELLS & INPUT REGISTERS
                                  PTS 
                             T   U   A
L                            Y   S   V  X  P   C  S  R   P
O                            P   E   A  O  O   L  E  E   I
C     Node          Signal   E   D   L  R  L   K  T  S   N   Fanout
|---------------------------------------------------------------------------|
H0    114          RN_ADLR  T/A  1   6  P  L   P  G  G  77  -B----G-
H1    115         SWDIGOUT  D/A  1   8  P  H   P  G  P  ..  ABC-E-GH
H2    116            TAKT5  T/A  1   8  P  H   P  G  G  ..  --C----H
H3    117           SWPROF  D/A  1   8  P  H   P  G  P  ..  A-C---G-
H4    118            TAKTL  D/A  1   6  P  H   P  G  P  ..  AB-D--G-
H5    119          SWINDSP  D/A  1   4  P  H   P  G  P  ..  A---E-G-
H6    120            DAHLP  C/.  8   3  G  H   .  .  .  ..  A-----G-
H7    121          SWONDSP  D/A  1   2  P  H   P  G  P  ..  A---E-G-
H8    122          ADCLK16  T/A  1   4  P  H   P  G  G  ..  --C----H
H9    123               Z3  T/A  1   6  P  H   P  G  P  ..  ---D----
H10   124          SWRESFF  D/A  1   8  P  H   P  G  P  ..  ----E---
H11   125            TAKT7  T/A  1   8  P  H   P  G  G  ..  -------H
H12   126           SWCOPY  D/A  1   8  P  H   P  G  P  ..  A-------
H13   127             SH14  D/A  1  11  P  H   P  G  P  ..  ------G-
H14   128             HOLD  T/A  1   9  P  H   P  G  G  ..  -------H
H15   129 ................  ...  .   7  .  .   .  .  .  ..  ........
Hir-0 186              RP1  D/S  .   .  .  H Ck3  .  .  82  -------H
Hir-1 187              RP3  D/S  .   .  .  H Ck3  .  .  81  -------H
Hir-2 188              RP5  D/S  .   .  .  H Ck3  .  .  80  -------H
Hir-3 189              RP7  D/S  .   .  .  H Ck3  .  .  79  -------H
Hir-4 190              RP8  D/S  .   .  .  H Ck3  .  .  78  ---D----
Hir-5 191 ................  ...  .   .  .  .   .  .  .  ..  ........
Hir-6 192 ................  ...  .   .  .  .   .  .  .  ..  ........
Hir-7 193 ................  ...  .   .  .  .   .  .  .  ..  ........

BLOCK H I/O PINS
Pin onode inode           Signal     Type    Fanout
|----------------------------------------------------------------|
 75  ...   ...                D3     input  ----EF--
 76  ...   ...                D1     input  ----E--H
 77  114   ...              ADLR    output  --------
 78  ...   190               RD8     input  --------
 79  ...   189               RD7     input  --------
 80  ...   188               RD5     input  --------
 81  ...   187               RD3     input  --------
 82  ...   186               RD1     input  --------


BLOCK H LOGIC ARRAY FANIN
CSM             Signal    Source        CSM             Signal    Source
|----------------------------------|    |----------------------------------|
mxH0               A7        pin 68     mxH17           RESET         pin 7
mxH1            TAKT7    mcell H-11     mxH18             RP1     inode 186
mxH2               Z2     mcell E-9     mxH19             RP2     inode 138
mxH3          DA_ACKO        pin 25     mxH20             RP3     inode 187
mxH4               D2        pin 15     mxH21          SMPREG        pin 57
mxH5              ...           ...     mxH22            HOLD    mcell H-14
mxH6               D1        pin 76     mxH23             RP6     inode 140
mxH7          INPSCLK     mcell F-7     mxH24            SH13    mcell B-10
mxH8              RP4     inode 139     mxH25         ADCLK16     mcell H-8
mxH9              RP7     inode 189     mxH26      RN_ADCLK32     mcell F-3
mxH10              D0        pin 16     mxH27             ...           ...
mxH11              Z0     mcell G-4     mxH28           TAKT5     mcell H-2
mxH12        SWDIGOUT     mcell H-1     mxH29              A6        pin 62
mxH13              Z1     mcell D-7     mxH30           TAKT6    mcell C-13
mxH14             RP0     inode 146     mxH31             ...           ...
mxH15             RP5     inode 188     mxH32           SHCLK     mcell C-2
mxH16              Z4     mcell D-6


MACH435 report file key:

A             - Asynchronous mode
AVAL          - Additional product terms available within the current
                steering allocation, plus those potentially available
                through resteering of free clusters.
B0            - Block Asynchronous Reset/Preset product term 0
B1            - Block Asynchronous Reset/Preset product term 1
C             - Combinatorial
Ck0           - Block clock generated from pin 20 or pin 23
Ck1           - Block clock generated from pin 20 or pin 23
Ck2           - Block clock generated from pin 62 or pin 65
Ck3           - Block clock generated from pin 62 or pin 65
clk           - Clock
CSM           - Central Switch Matrix
D             - D-type flip flop
G             - Ground
H             - High
implied       - Node occupying the macrocell drives the output pin
                but not defined in the design file.
inode         - Input node
Inp           - Input
ipair         - Input paired node
I/O           - Input or Output
L             - Low
L             - Latch
LOC           - Location
mcell <X>     - Source is macrocell from block <X>
Mux           - Multiplexer
mx            - Block Array input multiplexer
onode         - Output node
opair         - Output paired node
P             - Product Term
Pol           - Polarity
PT(s)         - Product term(s)
Reg           - Register
Res           - Reset control
RN_<pin_name> - Output node paired with <pin_name> created by Fitter.
S             - Synchronous mode
Set           - Preset control
T             - T-type flip flop
XOR           - Exclusive OR gate
<X>ir         - Input register in block <X>
.             - Not available or Not applicable

Partitioning 100% - Completed
Placement    100% - Completed
Routing      100% - Completed
%%% Fitting process is successful %%%
