     Design Name:  startrk2
 Targeted Device:  ispLSI1016-60LT44

Pre-Route Design Statistics
---------------------------

Number of GLBs:                 13
Number of I/Os:                 36
Number of Nets:                 58

Number of Free Inputs:          0
Number of Free Outputs:         0
Number of Free Three-States:    0
Number of Free Bidi's:          0

Number of Locked Input IOCs:    19
Number of Locked DIs:           4
Number of Locked Outputs:       6
Number of Locked Three-States:  4
Number of Locked Bidi's:        3

Number of CRIT Outputs:         0
Number of Global OEs:           0
Number of External Clocks:      0


GLB Utilization (Out of 16):	81%
I/O Utilization (Out of 36):	100%
Net Utilization (Out of 100):	58%


Nets with Fanout of  1:         33
Nets with Fanout of  2:         8
Nets with Fanout of  3:         10
Nets with Fanout of  4:         2
Nets with Fanout of  5:         4
Nets with Fanout of  7:         1

Average Fanout per Net:         1.97


GLBs with  1 Input(s):          1
GLBs with  3 Input(s):          1
GLBs with  4 Input(s):          2
GLBs with  7 Input(s):          3
GLBs with  8 Input(s):          2
GLBs with  9 Input(s):          1
GLBs with 13 Input(s):          1
GLBs with 14 Input(s):          1
GLBs with 16 Input(s):          1

Average Inputs per GLB:         7.77


GLBs with  1 Output(s):         1
GLBs with  2 Output(s):         5
GLBs with  3 Output(s):         6
GLBs with  4 Output(s):         1

Average Outputs per GLB:        2.54


Output Enable Nets

    Net Name                Net Fanout

        DTACKOE                 1
        DATAOE                  4
        IACKOUTOE               1
        INTOE                   1


--  No. of GLBs after successful routing : 16

****  Elapsed Time :  00:00:03

