REM Resource Datei Indizes fÅr STARHIM2 
'LET MIXER&=0 ! Formular/Dialog
LET MIXBOX1&=0 ! BOX in Baum MIXER 
LET MIXBOX2&=1 ! BOX in Baum MIXER 
LET MIXLOAD&=2 ! USERDEF in Baum MIXER 
LET MIXSAVE&=3 ! USERDEF in Baum MIXER 
LET MIXMAX&=4 ! BOXTEXT in Baum MIXER 
LET MIXACT&=5 ! BOXTEXT in Baum MIXER 
LET MIXMAXT&=6 ! TEXT in Baum MIXER 
LET MIXACTT&=7 ! TEXT in Baum MIXER 
LET MIXFILE&=8 ! BOXTEXT in Baum MIXER 
LET MIXFILET&=9 ! TEXT in Baum MIXER 
LET MIXBX1&=10 ! BOX in Baum MIXER 
LET MIXVBOX1&=11 ! BOX in Baum MIXER 
LET MIXFADE1&=12 ! USERDEF in Baum MIXER 
LET MIXVOL1&=13 ! USERDEF in Baum MIXER 
LET MIXDB1&=14 ! BOX in Baum MIXER 
LET MIXVOLD1&=18 ! TEXT in Baum MIXER 
LET MIXVOLM1&=22 ! TEXT in Baum MIXER 
LET MIXVOLZ1&=30 ! IMAGE in Baum MIXER 
LET MIXVOLL1&=31 ! BOX in Baum MIXER 
LET MIXVOLR1&=32 ! BOX in Baum MIXER 
LET MIXPKL1&=33 ! BOX in Baum MIXER 
LET MIXPKR1&=34 ! BOX in Baum MIXER 
LET MIXVOLT1&=35 ! BOXTEXT in Baum MIXER 
LET MIXVOLN1&=36 ! BOXTEXT in Baum MIXER 
LET MXBALBX1&=37 ! BOX in Baum MIXER 
LET MIXBALL1&=38 ! TEXT in Baum MIXER 
LET MIXBALR1&=39 ! TEXT in Baum MIXER 
LET MIXBALM1&=40 ! TEXT in Baum MIXER 
LET MIXBAL1&=41 ! USERDEF in Baum MIXER 
LET MIXBALP1&=42 ! IMAGE in Baum MIXER 
LET MIXTIT1&=43 ! BOXTEXT in Baum MIXER 
LET MIXBALT1&=44 ! BOXTEXT in Baum MIXER 
LET MIXBALN1&=45 ! BOXTEXT in Baum MIXER 
LET MIXON1&=46 ! USERDEF in Baum MIXER 
LET MIXALL1&=47 ! USERDEF in Baum MIXER 
LET MIXMUTE1&=48 ! USERDEF in Baum MIXER 
LET MIXTXT1&=49 ! BOXTEXT in Baum MIXER 
LET MIXBYP1&=50 ! BOXTEXT in Baum MIXER 
LET MIXBX2&=52 ! BOX in Baum MIXER 
LET MIXVBOX2&=53 ! BOX in Baum MIXER 
LET MIXFADE2&=54 ! USERDEF in Baum MIXER 
LET MIXVOL2&=55 ! USERDEF in Baum MIXER 
LET MIXDB2&=56 ! BOX in Baum MIXER 
LET MIXVOLD2&=60 ! TEXT in Baum MIXER 
LET MIXVOLM2&=64 ! TEXT in Baum MIXER 
LET MIXVOLZ2&=72 ! IMAGE in Baum MIXER 
LET MIXVOLL2&=73 ! BOX in Baum MIXER 
LET MIXVOLR2&=74 ! BOX in Baum MIXER 
LET MIXPKL2&=75 ! BOX in Baum MIXER 
LET MIXPKR2&=76 ! BOX in Baum MIXER 
LET MIXVOLT2&=77 ! BOXTEXT in Baum MIXER 
LET MIXVOLN2&=78 ! BOXTEXT in Baum MIXER 
LET MXBALBX2&=79 ! BOX in Baum MIXER 
LET MIXBALL2&=80 ! TEXT in Baum MIXER 
LET MIXBALR2&=81 ! TEXT in Baum MIXER 
LET MIXBALM2&=82 ! TEXT in Baum MIXER 
LET MIXBAL2&=83 ! USERDEF in Baum MIXER 
LET MIXBALP2&=84 ! IMAGE in Baum MIXER 
LET MIXTIT2&=85 ! BOXTEXT in Baum MIXER 
LET MIXBALT2&=86 ! BOXTEXT in Baum MIXER 
LET MIXBALN2&=87 ! BOXTEXT in Baum MIXER 
LET MIXON2&=88 ! USERDEF in Baum MIXER 
LET MIXALL2&=89 ! USERDEF in Baum MIXER 
LET MIXMUTE2&=90 ! USERDEF in Baum MIXER 
LET MIXTXT2&=91 ! BOXTEXT in Baum MIXER 
LET MIXBYP2&=92 ! BOXTEXT in Baum MIXER 
LET MIXBX3&=93 ! BOX in Baum MIXER 
LET MIXVBOX3&=94 ! BOX in Baum MIXER 
LET MIXFADE3&=95 ! USERDEF in Baum MIXER 
LET MIXVOL3&=96 ! USERDEF in Baum MIXER 
LET MIXDB3&=97 ! BOX in Baum MIXER 
LET MIXVOLD3&=101 ! TEXT in Baum MIXER 
LET MIXVOLM3&=105 ! TEXT in Baum MIXER 
LET MIXVOLZ3&=113 ! IMAGE in Baum MIXER 
LET MIXVOLL3&=114 ! BOX in Baum MIXER 
LET MIXVOLR3&=115 ! BOX in Baum MIXER 
LET MIXPKL3&=116 ! BOX in Baum MIXER 
LET MIXPKR3&=117 ! BOX in Baum MIXER 
LET MIXVOLT3&=118 ! BOXTEXT in Baum MIXER 
LET MIXVOLN3&=119 ! BOXTEXT in Baum MIXER 
LET MXBALBX3&=120 ! BOX in Baum MIXER 
LET MIXBALL3&=121 ! TEXT in Baum MIXER 
LET MIXBALR3&=122 ! TEXT in Baum MIXER 
LET MIXBALM3&=123 ! TEXT in Baum MIXER 
LET MIXBAL3&=124 ! USERDEF in Baum MIXER 
LET MIXBALP3&=125 ! IMAGE in Baum MIXER 
LET MIXTIT3&=126 ! BOXTEXT in Baum MIXER 
LET MIXBALT3&=127 ! BOXTEXT in Baum MIXER 
LET MIXBALN3&=128 ! BOXTEXT in Baum MIXER 
LET MIXON3&=129 ! USERDEF in Baum MIXER 
LET MIXALL3&=130 ! USERDEF in Baum MIXER 
LET MIXMUTE3&=131 ! USERDEF in Baum MIXER 
LET MIXTXT3&=132 ! BOXTEXT in Baum MIXER 
LET MIXBYP3&=133 ! BOXTEXT in Baum MIXER 
LET MIXBX4&=134 ! BOX in Baum MIXER 
LET MIXVBOX4&=135 ! BOX in Baum MIXER 
LET MIXFADE4&=136 ! USERDEF in Baum MIXER 
LET MIXVOL4&=137 ! USERDEF in Baum MIXER 
LET MIXDB4&=138 ! BOX in Baum MIXER 
LET MIXVOLD4&=142 ! TEXT in Baum MIXER 
LET MIXVOLM4&=146 ! TEXT in Baum MIXER 
LET MIXVOLZ4&=154 ! IMAGE in Baum MIXER 
LET MIXVOLL4&=155 ! BOX in Baum MIXER 
LET MIXVOLR4&=156 ! BOX in Baum MIXER 
LET MIXPKL4&=157 ! BOX in Baum MIXER 
LET MIXPKR4&=158 ! BOX in Baum MIXER 
LET MIXVOLT4&=159 ! BOXTEXT in Baum MIXER 
LET MIXVOLN4&=160 ! BOXTEXT in Baum MIXER 
LET MXBALBX4&=161 ! BOX in Baum MIXER 
LET MIXBALL4&=162 ! TEXT in Baum MIXER 
LET MIXBALR4&=163 ! TEXT in Baum MIXER 
LET MIXBALM4&=164 ! TEXT in Baum MIXER 
LET MIXBAL4&=165 ! USERDEF in Baum MIXER 
LET MIXBALP4&=166 ! IMAGE in Baum MIXER 
LET MIXTIT4&=167 ! BOXTEXT in Baum MIXER 
LET MIXBALT4&=168 ! BOXTEXT in Baum MIXER 
LET MIXBALN4&=169 ! BOXTEXT in Baum MIXER 
LET MIXON4&=170 ! USERDEF in Baum MIXER 
LET MIXALL4&=171 ! USERDEF in Baum MIXER 
LET MIXMUTE4&=172 ! USERDEF in Baum MIXER 
LET MIXTXT4&=173 ! BOXTEXT in Baum MIXER 
LET MIXBYP4&=174 ! BOXTEXT in Baum MIXER 
LET MIXBX5&=175 ! BOX in Baum MIXER 
LET MIXVBOX5&=176 ! BOX in Baum MIXER 
LET MIXFADE5&=177 ! USERDEF in Baum MIXER 
LET MIXVOL5&=178 ! USERDEF in Baum MIXER 
LET MIXDB5&=179 ! BOX in Baum MIXER 
LET MIXVOLD5&=183 ! TEXT in Baum MIXER 
LET MIXVOLM5&=187 ! TEXT in Baum MIXER 
LET MIXVOLZ5&=195 ! IMAGE in Baum MIXER 
LET MIXVOLL5&=196 ! BOX in Baum MIXER 
LET MIXVOLR5&=197 ! BOX in Baum MIXER 
LET MIXPKL5&=198 ! BOX in Baum MIXER 
LET MIXPKR5&=199 ! BOX in Baum MIXER 
LET MIXVOLT5&=200 ! BOXTEXT in Baum MIXER 
LET MIXVOLN5&=201 ! BOXTEXT in Baum MIXER 
LET MXBALBX5&=202 ! BOX in Baum MIXER 
LET MIXBALL5&=203 ! TEXT in Baum MIXER 
LET MIXBALR5&=204 ! TEXT in Baum MIXER 
LET MIXBALM5&=205 ! TEXT in Baum MIXER 
LET MIXBAL5&=206 ! USERDEF in Baum MIXER 
LET MIXBALP5&=207 ! IMAGE in Baum MIXER 
LET MIXTIT5&=208 ! BOXTEXT in Baum MIXER 
LET MIXBALT5&=209 ! BOXTEXT in Baum MIXER 
LET MIXBALN5&=210 ! BOXTEXT in Baum MIXER 
LET MIXON5&=211 ! USERDEF in Baum MIXER 
LET MIXALL5&=212 ! USERDEF in Baum MIXER 
LET MIXMUTE5&=213 ! USERDEF in Baum MIXER 
LET MIXTXT5&=214 ! BOXTEXT in Baum MIXER 
LET MIXBYP5&=215 ! BOXTEXT in Baum MIXER 
LET MIXBX6&=216 ! BOX in Baum MIXER 
LET MIXVBOX6&=217 ! BOX in Baum MIXER 
LET MIXFADE6&=218 ! USERDEF in Baum MIXER 
LET MIXVOL6&=219 ! USERDEF in Baum MIXER 
LET MIXDB6&=220 ! BOX in Baum MIXER 
LET MIXVOLD6&=224 ! TEXT in Baum MIXER 
LET MIXVOLM6&=228 ! TEXT in Baum MIXER 
LET MIXVOLZ6&=236 ! IMAGE in Baum MIXER 
LET MIXVOLL6&=237 ! BOX in Baum MIXER 
LET MIXVOLR6&=238 ! BOX in Baum MIXER 
LET MIXPKL6&=239 ! BOX in Baum MIXER 
LET MIXPKR6&=240 ! BOX in Baum MIXER 
LET MIXVOLT6&=241 ! BOXTEXT in Baum MIXER 
LET MIXVOLN6&=242 ! BOXTEXT in Baum MIXER 
LET MXBALBX6&=243 ! BOX in Baum MIXER 
LET MIXBALL6&=244 ! TEXT in Baum MIXER 
LET MIXBALR6&=245 ! TEXT in Baum MIXER 
LET MIXBALM6&=246 ! TEXT in Baum MIXER 
LET MIXBAL6&=247 ! USERDEF in Baum MIXER 
LET MIXBALP6&=248 ! IMAGE in Baum MIXER 
LET MIXTIT6&=249 ! BOXTEXT in Baum MIXER 
LET MIXBALT6&=250 ! BOXTEXT in Baum MIXER 
LET MIXBALN6&=251 ! BOXTEXT in Baum MIXER 
LET MIXON6&=252 ! USERDEF in Baum MIXER 
LET MIXALL6&=253 ! USERDEF in Baum MIXER 
LET MIXMUTE6&=254 ! USERDEF in Baum MIXER 
LET MIXTXT6&=255 ! BOXTEXT in Baum MIXER 
LET MIXBYP6&=256 ! BOXTEXT in Baum MIXER 
LET MIXBX7&=257 ! BOX in Baum MIXER 
LET MIXVBOX7&=258 ! BOX in Baum MIXER 
LET MIXFADE7&=259 ! USERDEF in Baum MIXER 
LET MIXVOL7&=260 ! USERDEF in Baum MIXER 
LET MIXDB7&=261 ! BOX in Baum MIXER 
LET MIXVOLD7&=265 ! TEXT in Baum MIXER 
LET MIXVOLM7&=269 ! TEXT in Baum MIXER 
LET MIXVOLZ7&=277 ! IMAGE in Baum MIXER 
LET MIXVOLL7&=278 ! BOX in Baum MIXER 
LET MIXVOLR7&=279 ! BOX in Baum MIXER 
LET MIXPKL7&=280 ! BOX in Baum MIXER 
LET MIXPKR7&=281 ! BOX in Baum MIXER 
LET MIXVOLT7&=282 ! BOXTEXT in Baum MIXER 
LET MIXVOLN7&=283 ! BOXTEXT in Baum MIXER 
LET MXBALBX7&=284 ! BOX in Baum MIXER 
LET MIXBALL7&=285 ! TEXT in Baum MIXER 
LET MIXBALR7&=286 ! TEXT in Baum MIXER 
LET MIXBALM7&=287 ! TEXT in Baum MIXER 
LET MIXBAL7&=288 ! USERDEF in Baum MIXER 
LET MIXBALP7&=289 ! IMAGE in Baum MIXER 
LET MIXTIT7&=290 ! BOXTEXT in Baum MIXER 
LET MIXBALT7&=291 ! BOXTEXT in Baum MIXER 
LET MIXBALN7&=292 ! BOXTEXT in Baum MIXER 
LET MIXON7&=293 ! USERDEF in Baum MIXER 
LET MIXALL7&=294 ! USERDEF in Baum MIXER 
LET MIXMUTE7&=295 ! USERDEF in Baum MIXER 
LET MIXTXT7&=296 ! BOXTEXT in Baum MIXER 
LET MIXBYP7&=297 ! BOXTEXT in Baum MIXER 
LET MIXBX8&=298 ! BOX in Baum MIXER 
LET MIXVBOX8&=299 ! BOX in Baum MIXER 
LET MIXFADE8&=300 ! USERDEF in Baum MIXER 
LET MIXVOL8&=301 ! USERDEF in Baum MIXER 
LET MIXDB8&=302 ! BOX in Baum MIXER 
LET MIXVOLD8&=306 ! TEXT in Baum MIXER 
LET MIXVOLM8&=310 ! TEXT in Baum MIXER 
LET MIXVOLZ8&=318 ! IMAGE in Baum MIXER 
LET MIXVOLL8&=319 ! BOX in Baum MIXER 
LET MIXVOLR8&=320 ! BOX in Baum MIXER 
LET MIXPKL8&=321 ! BOX in Baum MIXER 
LET MIXPKR8&=322 ! BOX in Baum MIXER 
LET MIXVOLT8&=323 ! BOXTEXT in Baum MIXER 
LET MIXVOLN8&=324 ! BOXTEXT in Baum MIXER 
LET MXBALBX8&=325 ! BOX in Baum MIXER 
LET MIXBALL8&=326 ! TEXT in Baum MIXER 
LET MIXBALR8&=327 ! TEXT in Baum MIXER 
LET MIXBALM8&=328 ! TEXT in Baum MIXER 
LET MIXBAL8&=329 ! USERDEF in Baum MIXER 
LET MIXBALP8&=330 ! IMAGE in Baum MIXER 
LET MIXTIT8&=331 ! BOXTEXT in Baum MIXER 
LET MIXBALT8&=332 ! BOXTEXT in Baum MIXER 
LET MIXBALN8&=333 ! BOXTEXT in Baum MIXER 
LET MIXON8&=334 ! USERDEF in Baum MIXER 
LET MIXALL8&=335 ! USERDEF in Baum MIXER 
LET MIXMUTE8&=336 ! USERDEF in Baum MIXER 
LET MIXTXT8&=337 ! BOXTEXT in Baum MIXER 
LET MIXBYP8&=338 ! BOXTEXT in Baum MIXER 
LET MIXBXM&=339 ! BOX in Baum MIXER 
LET MIXVBOXM&=340 ! BOX in Baum MIXER 
LET MIXFADEM&=341 ! USERDEF in Baum MIXER 
LET MIXVOLM&=342 ! USERDEF in Baum MIXER 
LET MIXDBM&=343 ! BOX in Baum MIXER 
LET MIXVOLDM&=347 ! TEXT in Baum MIXER 
LET MIXVOLMM&=351 ! TEXT in Baum MIXER 
LET MIXVOLZM&=359 ! IMAGE in Baum MIXER 
LET MIXVOLLM&=360 ! BOX in Baum MIXER 
LET MIXVOLRM&=361 ! BOX in Baum MIXER 
LET MIXPKLM&=362 ! BOX in Baum MIXER 
LET MIXPKRM&=363 ! BOX in Baum MIXER 
LET MIXVOLTM&=364 ! BOXTEXT in Baum MIXER 
LET MIXVOLNM&=365 ! BOXTEXT in Baum MIXER 
LET MXBALBXM&=366 ! BOX in Baum MIXER 
LET MIXBALLM&=367 ! TEXT in Baum MIXER 
LET MIXBALRM&=368 ! TEXT in Baum MIXER 
LET MIXBALMM&=369 ! TEXT in Baum MIXER 
LET MIXBALM&=370 ! USERDEF in Baum MIXER 
LET MIXBALPM&=371 ! IMAGE in Baum MIXER 
LET MIXTITM&=372 ! BOXTEXT in Baum MIXER 
LET MIXBALTM&=373 ! BOXTEXT in Baum MIXER 
LET MIXBALNM&=374 ! BOXTEXT in Baum MIXER 
LET MIXONM&=375 ! USERDEF in Baum MIXER 
LET MIXALLM&=376 ! USERDEF in Baum MIXER 
LET MIXMUTEM&=377 ! USERDEF in Baum MIXER 
LET MIXTXTM&=378 ! BOXTEXT in Baum MIXER 
LET MIXBYPM&=379 ! BOXTEXT in Baum MIXER 
LET MIXBX9&=380 ! BOX in Baum MIXER 
LET MIXVBOX9&=381 ! BOX in Baum MIXER 
LET MIXFADE9&=382 ! USERDEF in Baum MIXER 
LET MIXVOL9&=383 ! USERDEF in Baum MIXER 
LET MIXDB9&=384 ! BOX in Baum MIXER 
LET MIXVOLD9&=388 ! TEXT in Baum MIXER 
LET MIXVOLM9&=392 ! TEXT in Baum MIXER 
LET MIXVOLZ9&=400 ! IMAGE in Baum MIXER 
LET MIXVOLL9&=401 ! BOX in Baum MIXER 
LET MIXVOLR9&=402 ! BOX in Baum MIXER 
LET MIXPKL9&=403 ! BOX in Baum MIXER 
LET MIXPKR9&=404 ! BOX in Baum MIXER 
LET MIXVOLT9&=405 ! BOXTEXT in Baum MIXER 
LET MIXVOLN9&=406 ! BOXTEXT in Baum MIXER 
LET MXBALBX9&=407 ! BOX in Baum MIXER 
LET MIXBALL9&=408 ! TEXT in Baum MIXER 
LET MIXBALR9&=409 ! TEXT in Baum MIXER 
LET MIXBALM9&=410 ! TEXT in Baum MIXER 
LET MIXBAL9&=411 ! USERDEF in Baum MIXER 
LET MIXBALP9&=412 ! IMAGE in Baum MIXER 
LET MIXTIT9&=413 ! BOXTEXT in Baum MIXER 
LET MIXBALT9&=414 ! BOXTEXT in Baum MIXER 
LET MIXBALN9&=415 ! BOXTEXT in Baum MIXER 
LET MIXON9&=416 ! USERDEF in Baum MIXER 
LET MIXALL9&=417 ! USERDEF in Baum MIXER 
LET MIXMUTE9&=418 ! USERDEF in Baum MIXER 
LET MIXTXT9&=419 ! BOXTEXT in Baum MIXER 
LET MIXBYP9&=420 ! BOXTEXT in Baum MIXER 
LET MIXBX10&=421 ! BOX in Baum MIXER 
LET MXVBOX10&=422 ! BOX in Baum MIXER 
LET MIXFAD10&=423 ! USERDEF in Baum MIXER 
LET MIXVOL10&=424 ! USERDEF in Baum MIXER 
LET MIXDB10&=425 ! BOX in Baum MIXER 
LET MXVOLD10&=429 ! TEXT in Baum MIXER 
LET MXVOLM10&=433 ! TEXT in Baum MIXER 
LET MXVOLZ10&=441 ! IMAGE in Baum MIXER 
LET MXVOLL10&=442 ! BOX in Baum MIXER 
LET MXVOLR10&=443 ! BOX in Baum MIXER 
LET MIXPKL10&=444 ! BOX in Baum MIXER 
LET MIXPKR10&=445 ! BOX in Baum MIXER 
LET MXVOLT10&=446 ! BOXTEXT in Baum MIXER 
LET MXVOLN10&=447 ! BOXTEXT in Baum MIXER 
LET MBALBX10&=448 ! BOX in Baum MIXER 
LET MIXBLL10&=449 ! TEXT in Baum MIXER 
LET MIXBLR10&=450 ! TEXT in Baum MIXER 
LET MIXBLM10&=451 ! TEXT in Baum MIXER 
LET MIXBAL10&=452 ! USERDEF in Baum MIXER 
LET MIXBLP10&=453 ! IMAGE in Baum MIXER 
LET MIXTIT10&=454 ! BOXTEXT in Baum MIXER 
LET MIXBLT10&=455 ! BOXTEXT in Baum MIXER 
LET MIXBLN10&=456 ! BOXTEXT in Baum MIXER 
LET MIXON10&=457 ! USERDEF in Baum MIXER 
LET MIXALL10&=458 ! USERDEF in Baum MIXER 
LET MIXMUT10&=459 ! USERDEF in Baum MIXER 
LET MIXTXT10&=460 ! BOXTEXT in Baum MIXER 
LET MIXBYP10&=461 ! BOXTEXT in Baum MIXER 
LET MIXBX11&=462 ! BOX in Baum MIXER 
LET MXVBOX11&=463 ! BOX in Baum MIXER 
LET MIXFAD11&=464 ! USERDEF in Baum MIXER 
LET MIXVOL11&=465 ! USERDEF in Baum MIXER 
LET MIXDB11&=466 ! BOX in Baum MIXER 
LET MXVOLD11&=470 ! TEXT in Baum MIXER 
LET MXVOLM11&=474 ! TEXT in Baum MIXER 
LET MXVOLZ11&=482 ! IMAGE in Baum MIXER 
LET MXVOLL11&=483 ! BOX in Baum MIXER 
LET MXVOLR11&=484 ! BOX in Baum MIXER 
LET MIXPKL11&=485 ! BOX in Baum MIXER 
LET MIXPKR11&=486 ! BOX in Baum MIXER 
LET MXVOLT11&=487 ! BOXTEXT in Baum MIXER 
LET MXVOLN11&=488 ! BOXTEXT in Baum MIXER 
LET MBALBX11&=489 ! BOX in Baum MIXER 
LET MIXBLL11&=490 ! TEXT in Baum MIXER 
LET MIXBLR11&=491 ! TEXT in Baum MIXER 
LET MIXBLM11&=492 ! TEXT in Baum MIXER 
LET MIXBAL11&=493 ! USERDEF in Baum MIXER 
LET MIXBLP11&=494 ! IMAGE in Baum MIXER 
LET MIXTIT11&=495 ! BOXTEXT in Baum MIXER 
LET MIXBLT11&=496 ! BOXTEXT in Baum MIXER 
LET MIXBLN11&=497 ! BOXTEXT in Baum MIXER 
LET MIXON11&=498 ! USERDEF in Baum MIXER 
LET MIXALL11&=499 ! USERDEF in Baum MIXER 
LET MIXMUT11&=500 ! USERDEF in Baum MIXER 
LET MIXTXT11&=501 ! BOXTEXT in Baum MIXER 
LET MIXBYP11&=502 ! BOXTEXT in Baum MIXER 
LET MIXBX12&=503 ! BOX in Baum MIXER 
LET MXVBOX12&=504 ! BOX in Baum MIXER 
LET MIXFAD12&=505 ! USERDEF in Baum MIXER 
LET MIXVOL12&=506 ! USERDEF in Baum MIXER 
LET MIXDB12&=507 ! BOX in Baum MIXER 
LET MXVOLD12&=511 ! TEXT in Baum MIXER 
LET MXVOLM12&=515 ! TEXT in Baum MIXER 
LET MXVOLZ12&=523 ! IMAGE in Baum MIXER 
LET MXVOLL12&=524 ! BOX in Baum MIXER 
LET MXVOLR12&=525 ! BOX in Baum MIXER 
LET MIXPKL12&=526 ! BOX in Baum MIXER 
LET MIXPKR12&=527 ! BOX in Baum MIXER 
LET MXVOLT12&=528 ! BOXTEXT in Baum MIXER 
LET MXVOLN12&=529 ! BOXTEXT in Baum MIXER 
LET MBALBX12&=530 ! BOX in Baum MIXER 
LET MIXBLL12&=531 ! TEXT in Baum MIXER 
LET MIXBLR12&=532 ! TEXT in Baum MIXER 
LET MIXBLM12&=533 ! TEXT in Baum MIXER 
LET MIXBAL12&=534 ! USERDEF in Baum MIXER 
LET MIXBLP12&=535 ! IMAGE in Baum MIXER 
LET MIXTIT12&=536 ! BOXTEXT in Baum MIXER 
LET MIXBLT12&=537 ! BOXTEXT in Baum MIXER 
LET MIXBLN12&=538 ! BOXTEXT in Baum MIXER 
LET MIXON12&=539 ! USERDEF in Baum MIXER 
LET MIXALL12&=540 ! USERDEF in Baum MIXER 
LET MIXMUT12&=541 ! USERDEF in Baum MIXER 
LET MIXTXT12&=542 ! BOXTEXT in Baum MIXER 
LET MIXBYP12&=543 ! BOXTEXT in Baum MIXER 
LET MIXBX13&=544 ! BOX in Baum MIXER 
LET MXVBOX13&=545 ! BOX in Baum MIXER 
LET MIXFAD13&=546 ! USERDEF in Baum MIXER 
LET MIXVOL13&=547 ! USERDEF in Baum MIXER 
LET MIXDB13&=548 ! BOX in Baum MIXER 
LET MXVOLD13&=552 ! TEXT in Baum MIXER 
LET MXVOLM13&=556 ! TEXT in Baum MIXER 
LET MXVOLZ13&=564 ! IMAGE in Baum MIXER 
LET MXVOLL13&=565 ! BOX in Baum MIXER 
LET MXVOLR13&=566 ! BOX in Baum MIXER 
LET MIXPKL13&=567 ! BOX in Baum MIXER 
LET MIXPKR13&=568 ! BOX in Baum MIXER 
LET MXVOLT13&=569 ! BOXTEXT in Baum MIXER 
LET MXVOLN13&=570 ! BOXTEXT in Baum MIXER 
LET MBALBX13&=571 ! BOX in Baum MIXER 
LET MIXBLL13&=572 ! TEXT in Baum MIXER 
LET MIXBLR13&=573 ! TEXT in Baum MIXER 
LET MIXBLM13&=574 ! TEXT in Baum MIXER 
LET MIXBAL13&=575 ! USERDEF in Baum MIXER 
LET MIXBLP13&=576 ! IMAGE in Baum MIXER 
LET MIXTIT13&=577 ! BOXTEXT in Baum MIXER 
LET MIXBLT13&=578 ! BOXTEXT in Baum MIXER 
LET MIXBLN13&=579 ! BOXTEXT in Baum MIXER 
LET MIXON13&=580 ! USERDEF in Baum MIXER 
LET MIXALL13&=581 ! USERDEF in Baum MIXER 
LET MIXMUT13&=582 ! USERDEF in Baum MIXER 
LET MIXTXT13&=583 ! BOXTEXT in Baum MIXER 
LET MIXBYP13&=584 ! BOXTEXT in Baum MIXER 
LET MIXBX14&=585 ! BOX in Baum MIXER 
LET MXVBOX14&=586 ! BOX in Baum MIXER 
LET MIXFAD14&=587 ! USERDEF in Baum MIXER 
LET MIXVOL14&=588 ! USERDEF in Baum MIXER 
LET MIXDB14&=589 ! BOX in Baum MIXER 
LET MXVOLD14&=593 ! TEXT in Baum MIXER 
LET MXVOLM14&=597 ! TEXT in Baum MIXER 
LET MXVOLZ14&=605 ! IMAGE in Baum MIXER 
LET MXVOLL14&=606 ! BOX in Baum MIXER 
LET MXVOLR14&=607 ! BOX in Baum MIXER 
LET MIXPKL14&=608 ! BOX in Baum MIXER 
LET MIXPKR14&=609 ! BOX in Baum MIXER 
LET MXVOLT14&=610 ! BOXTEXT in Baum MIXER 
LET MXVOLN14&=611 ! BOXTEXT in Baum MIXER 
LET MBALBX14&=612 ! BOX in Baum MIXER 
LET MIXBLL14&=613 ! TEXT in Baum MIXER 
LET MIXBLR14&=614 ! TEXT in Baum MIXER 
LET MIXBLM14&=615 ! TEXT in Baum MIXER 
LET MIXBAL14&=616 ! USERDEF in Baum MIXER 
LET MIXBLP14&=617 ! IMAGE in Baum MIXER 
LET MIXTIT14&=618 ! BOXTEXT in Baum MIXER 
LET MIXBLT14&=619 ! BOXTEXT in Baum MIXER 
LET MIXBLN14&=620 ! BOXTEXT in Baum MIXER 
LET MIXON14&=621 ! USERDEF in Baum MIXER 
LET MIXALL14&=622 ! USERDEF in Baum MIXER 
LET MIXMUT14&=623 ! USERDEF in Baum MIXER 
LET MIXTXT14&=624 ! BOXTEXT in Baum MIXER 
LET MIXBYP14&=625 ! BOXTEXT in Baum MIXER 
LET MIXBX15&=626 ! BOX in Baum MIXER 
LET MXVBOX15&=627 ! BOX in Baum MIXER 
LET MIXFAD15&=628 ! USERDEF in Baum MIXER 
LET MIXVOL15&=629 ! USERDEF in Baum MIXER 
LET MIXDB15&=630 ! BOX in Baum MIXER 
LET MXVOLD15&=634 ! TEXT in Baum MIXER 
LET MXVOLM15&=638 ! TEXT in Baum MIXER 
LET MXVOLZ15&=646 ! IMAGE in Baum MIXER 
LET MXVOLL15&=647 ! BOX in Baum MIXER 
LET MXVOLR15&=648 ! BOX in Baum MIXER 
LET MIXPKL15&=649 ! BOX in Baum MIXER 
LET MIXPKR15&=650 ! BOX in Baum MIXER 
LET MXVOLT15&=651 ! BOXTEXT in Baum MIXER 
LET MXVOLN15&=652 ! BOXTEXT in Baum MIXER 
LET MBALBX15&=653 ! BOX in Baum MIXER 
LET MIXBLL15&=654 ! TEXT in Baum MIXER 
LET MIXBLR15&=655 ! TEXT in Baum MIXER 
LET MIXBLM15&=656 ! TEXT in Baum MIXER 
LET MIXBAL15&=657 ! USERDEF in Baum MIXER 
LET MIXBLP15&=658 ! IMAGE in Baum MIXER 
LET MIXTIT15&=659 ! BOXTEXT in Baum MIXER 
LET MIXBLT15&=660 ! BOXTEXT in Baum MIXER 
LET MIXBLN15&=661 ! BOXTEXT in Baum MIXER 
LET MIXON15&=662 ! USERDEF in Baum MIXER 
LET MIXALL15&=663 ! USERDEF in Baum MIXER 
LET MIXMUT15&=664 ! USERDEF in Baum MIXER 
LET MIXTXT15&=665 ! BOXTEXT in Baum MIXER 
LET MIXBYP15&=666 ! BOXTEXT in Baum MIXER 
LET MIXBX16&=667 ! BOX in Baum MIXER 
LET MXVBOX16&=668 ! BOX in Baum MIXER 
LET MIXFAD16&=669 ! USERDEF in Baum MIXER 
LET MIXVOL16&=670 ! USERDEF in Baum MIXER 
LET MIXDB16&=671 ! BOX in Baum MIXER 
LET MXVOLD16&=675 ! TEXT in Baum MIXER 
LET MXVOLM16&=679 ! TEXT in Baum MIXER 
LET MXVOLZ16&=687 ! IMAGE in Baum MIXER 
LET MXVOLL16&=688 ! BOX in Baum MIXER 
LET MXVOLR16&=689 ! BOX in Baum MIXER 
LET MIXPKL16&=690 ! BOX in Baum MIXER 
LET MIXPKR16&=691 ! BOX in Baum MIXER 
LET MXVOLT16&=692 ! BOXTEXT in Baum MIXER 
LET MXVOLN16&=693 ! BOXTEXT in Baum MIXER 
LET MBALBX16&=694 ! BOX in Baum MIXER 
LET MIXBLL16&=695 ! TEXT in Baum MIXER 
LET MIXBLR16&=696 ! TEXT in Baum MIXER 
LET MIXBLM16&=697 ! TEXT in Baum MIXER 
LET MIXBAL16&=698 ! USERDEF in Baum MIXER 
LET MIXBLP16&=699 ! IMAGE in Baum MIXER 
LET MIXTIT16&=700 ! BOXTEXT in Baum MIXER 
LET MIXBLT16&=701 ! BOXTEXT in Baum MIXER 
LET MIXBLN16&=702 ! BOXTEXT in Baum MIXER 
LET MIXON16&=703 ! USERDEF in Baum MIXER 
LET MIXALL16&=704 ! USERDEF in Baum MIXER 
LET MIXMUT16&=705 ! USERDEF in Baum MIXER 
LET MIXTXT16&=706 ! BOXTEXT in Baum MIXER 
LET MIXBYP16&=707 ! BOXTEXT in Baum MIXER 
LET MIXBOX3&=708 ! BOX in Baum MIXER 
LET MIXSTOP&=709 ! USERDEF in Baum MIXER 
LET MIXWAIT&=710 ! USERDEF in Baum MIXER 
LET MIXHELP&=711 ! BOXTEXT in Baum MIXER 
LET MIXEXIT&=712 ! BUTTON in Baum MIXER 
LET MIXREC&=713 ! USERDEF in Baum MIXER 
LET MIXPLAY&=714 ! USERDEF in Baum MIXER 
LET MIXAREC&=715 ! USERDEF in Baum MIXER 
LET MIXRECP&=716 ! USERDEF in Baum MIXER 
LET MPKHL&=717 ! USERDEF in Baum MIXER 
LET MPKHSLID&=718 ! BOX in Baum MIXER 
LET MPKHBUT&=719 ! BUTTON in Baum MIXER 
LET MPKHR&=720 ! USERDEF in Baum MIXER 
LET MIXPEAK&=721 ! BOXTEXT in Baum MIXER 
LET MIXPEAKT&=722 ! TEXT in Baum MIXER 
LET MIXERR&=723 ! BOXTEXT in Baum MIXER 
LET MIXERRT&=724 ! TEXT in Baum MIXER 
LET DSICON&=725 ! USERDEF in Baum MIXER 
