REM Resource Datei Indizes fÅr STARLOC1 
'LET SMPEDIT&=0 ! Formular/Dialog
LET EDITBOX7&=0 ! BOX in Baum SMPEDIT 
LET EDITBOX&=1 ! BOX in Baum SMPEDIT 
LET ZOMSLIDE&=2 ! BOX in Baum SMPEDIT 
LET ZOOMBUTT&=3 ! BUTTON in Baum SMPEDIT 
LET ZOOML&=4 ! USERDEF in Baum SMPEDIT 
LET ZOOMR&=5 ! USERDEF in Baum SMPEDIT 
LET CSMINTEX&=7 ! TEXT in Baum SMPEDIT 
LET CEMAXTEX&=8 ! TEXT in Baum SMPEDIT 
LET CSTXT&=9 ! BOXTEXT in Baum SMPEDIT 
LET CETXT&=10 ! BOXTEXT in Baum SMPEDIT 
LET SMPL3&=12 ! USERDEF in Baum SMPEDIT 
LET SMPL2&=13 ! USERDEF in Baum SMPEDIT 
LET SMPL1&=14 ! USERDEF in Baum SMPEDIT 
LET SMPR1&=15 ! USERDEF in Baum SMPEDIT 
LET SMPR2&=16 ! USERDEF in Baum SMPEDIT 
LET SMPR3&=17 ! USERDEF in Baum SMPEDIT 
LET SMPANF&=18 ! USERDEF in Baum SMPEDIT 
LET SMPMID&=19 ! USERDEF in Baum SMPEDIT 
LET SMPEND&=20 ! USERDEF in Baum SMPEDIT 
LET EDITBOX5&=21 ! BOX in Baum SMPEDIT 
LET MOVER&=23 ! BOXTEXT in Baum SMPEDIT 
LET MOVECIRC&=24 ! BOXCHAR in Baum SMPEDIT 
LET TRASH&=25 ! USERDEF in Baum SMPEDIT 
LET SMPAUTO2&=28 ! USERDEF in Baum SMPEDIT 
LET SMPSTRT2&=29 ! USERDEF in Baum SMPEDIT 
LET RECPLAY3&=30 ! USERDEF in Baum SMPEDIT 
LET SMPPLAY&=31 ! USERDEF in Baum SMPEDIT 
LET SMPSTOP&=32 ! USERDEF in Baum SMPEDIT 
LET SMPWAIT&=33 ! USERDEF in Baum SMPEDIT 
LET HARD&=34 ! USERDEF in Baum SMPEDIT 
LET SMPLEN&=37 ! BOXTEXT in Baum SMPEDIT 
LET SMPSEC&=38 ! BOXTEXT in Baum SMPEDIT 
LET SMPFILE&=39 ! BOXTEXT in Baum SMPEDIT 
LET SMPRATE&=40 ! BOXTEXT in Baum SMPEDIT 
LET SHOWXY&=41 ! BOXTEXT in Baum SMPEDIT 
LET PNTPRSMP&=42 ! BOXTEXT in Baum SMPEDIT 
LET SMPNAME&=43 ! BOXTEXT in Baum SMPEDIT 
LET FREEMEM&=44 ! BOXTEXT in Baum SMPEDIT 
LET CLOCK&=45 ! BOXTEXT in Baum SMPEDIT 
LET RESOLU&=47 ! BOXTEXT in Baum SMPEDIT 
LET RATE&=51 ! BOXTEXT in Baum SMPEDIT 
LET RATECIRC&=52 ! BOXCHAR in Baum SMPEDIT 
LET FLYER&=53 ! USERDEF in Baum SMPEDIT 
LET SMPEDHLP&=55 ! BOXTEXT in Baum SMPEDIT 
LET SMPEXIT&=56 ! BUTTON in Baum SMPEDIT 
LET EDITBOX6&=57 ! BOX in Baum SMPEDIT 
LET SMPPMARK&=58 ! USERDEF in Baum SMPEDIT 
LET MIDI&=59 ! USERDEF in Baum SMPEDIT 
LET MINTEXT&=60 ! BOXTEXT in Baum SMPEDIT 
LET SMPLOOP&=61 ! USERDEF in Baum SMPEDIT 
LET SMPCBLK&=62 ! USERDEF in Baum SMPEDIT 
LET PIXZOOM&=63 ! USERDEF in Baum SMPEDIT 
LET EDITBOX3&=64 ! BOX in Baum SMPEDIT 
LET EDMTIMS&=65 ! BOXTEXT in Baum SMPEDIT 
LET EDMTIME&=66 ! BOXTEXT in Baum SMPEDIT 
LET EDMDOWN&=67 ! USERDEF in Baum SMPEDIT 
LET EDMSLIDE&=68 ! BOX in Baum SMPEDIT 
LET EDMBUT&=69 ! BUTTON in Baum SMPEDIT 
LET EDMUP&=70 ! USERDEF in Baum SMPEDIT 
LET EDMNR&=71 ! BOXTEXT in Baum SMPEDIT 
LET EDMTIMI&=72 ! BOXTEXT in Baum SMPEDIT 
LET EDMTIMR&=73 ! BOXTEXT in Baum SMPEDIT 
LET EDMTXT&=74 ! BOXTEXT in Baum SMPEDIT 
LET EDMBOX&=75 ! BOX in Baum SMPEDIT 
LET EDMBUTS&=76 ! USERDEF in Baum SMPEDIT 
LET EDMBUTE&=77 ! USERDEF in Baum SMPEDIT 
LET EDMBUTI&=78 ! USERDEF in Baum SMPEDIT 
LET EDMBUTR&=79 ! USERDEF in Baum SMPEDIT 
LET EDITBOX2&=80 ! BOX in Baum SMPEDIT 
LET SETUPER&=81 ! USERDEF in Baum SMPEDIT 
LET EDFADE&=82 ! USERDEF in Baum SMPEDIT 
LET PEAKSW2&=83 ! USERDEF in Baum SMPEDIT 
LET DISK&=84 ! USERDEF in Baum SMPEDIT 
LET LOOPART&=85 ! USERDEF in Baum SMPEDIT 
LET BLOCFUNC&=86 ! USERDEF in Baum SMPEDIT 
LET ARRANGE&=87 ! USERDEF in Baum SMPEDIT 
LET SMPLOAD&=88 ! USERDEF in Baum SMPEDIT 
LET SMPSAVE&=89 ! USERDEF in Baum SMPEDIT 
LET INFOICON&=90 ! USERDEF in Baum SMPEDIT 
LET EDMIDI&=91 ! USERDEF in Baum SMPEDIT 
LET TRAK&=92 ! USERDEF in Baum SMPEDIT 
LET EDSMP16&=93 ! USERDEF in Baum SMPEDIT 
LET SWDSP&=94 ! USERDEF in Baum SMPEDIT 
LET SMPDBANK&=95 ! USERDEF in Baum SMPEDIT 
LET SWMARK&=96 ! USERDEF in Baum SMPEDIT 
LET WMODES&=97 ! USERDEF in Baum SMPEDIT 
LET SWYZOOM&=98 ! USERDEF in Baum SMPEDIT 
LET SWCLICK&=99 ! USERDEF in Baum SMPEDIT 
LET SWDRAW&=100 ! USERDEF in Baum SMPEDIT 
LET SWBLK&=101 ! USERDEF in Baum SMPEDIT 
LET SCRUBS&=102 ! USERDEF in Baum SMPEDIT 
LET SWSEARCH&=103 ! USERDEF in Baum SMPEDIT 
LET CURVBOX&=104 ! BOX in Baum SMPEDIT 
LET EDITBOX4&=105 ! BOX in Baum SMPEDIT 
LET EDITBOX8&=106 ! BOX in Baum SMPEDIT 
LET SMPTXR&=107 ! TEXT in Baum SMPEDIT 
LET SMPTXL&=108 ! TEXT in Baum SMPEDIT 
LET RM80&=109 ! BOXTEXT in Baum SMPEDIT 
LET RP0&=110 ! BOXTEXT in Baum SMPEDIT 
LET RP80&=111 ! BOXTEXT in Baum SMPEDIT 
LET RP60&=112 ! BOXTEXT in Baum SMPEDIT 
LET RP40&=113 ! BOXTEXT in Baum SMPEDIT 
LET RM60&=114 ! BOXTEXT in Baum SMPEDIT 
LET RM40&=115 ! BOXTEXT in Baum SMPEDIT 
LET LP80&=116 ! BOXTEXT in Baum SMPEDIT 
LET LM80&=117 ! BOXTEXT in Baum SMPEDIT 
LET LP40&=118 ! BOXTEXT in Baum SMPEDIT 
LET LP60&=119 ! BOXTEXT in Baum SMPEDIT 
LET LM60&=120 ! BOXTEXT in Baum SMPEDIT 
LET LM40&=121 ! BOXTEXT in Baum SMPEDIT 
LET LM20&=122 ! BOXTEXT in Baum SMPEDIT 
LET LP0&=123 ! BOXTEXT in Baum SMPEDIT 
LET RP20&=124 ! BOXTEXT in Baum SMPEDIT 
LET RM20&=125 ! BOXTEXT in Baum SMPEDIT 
LET LP20&=126 ! BOXTEXT in Baum SMPEDIT 
LET SCRLSLDE&=127 ! BOX in Baum SMPEDIT 
LET SCROLBUT&=128 ! BUTTON in Baum SMPEDIT 
LET LSCROLL&=129 ! USERDEF in Baum SMPEDIT 
LET RSCROLL&=130 ! USERDEF in Baum SMPEDIT 
LET LR100&=131 ! BOXTEXT in Baum SMPEDIT 
LET BLKFILEL&=138 ! BOX in Baum SMPEDIT 
LET BLKFILER&=139 ! BOX in Baum SMPEDIT 
LET BLKFILE&=140 ! TEXT in Baum SMPEDIT 
'LET ARRANGER&=1 ! Formular/Dialog
LET ARRBOX&=0 ! BOX in Baum ARRANGER 
LET ARRBOX2&=1 ! BOX in Baum ARRANGER 
LET HLPEDIT2&=2 ! USERDEF in Baum ARRANGER 
LET ARRLOAD&=3 ! USERDEF in Baum ARRANGER 
LET ARRSAVE&=4 ! USERDEF in Baum ARRANGER 
LET ARRMIDI&=5 ! USERDEF in Baum ARRANGER 
LET ARRINS&=6 ! USERDEF in Baum ARRANGER 
LET ARRDEL&=7 ! USERDEF in Baum ARRANGER 
LET SMPAUTO3&=9 ! USERDEF in Baum ARRANGER 
LET SMPSTRT3&=10 ! USERDEF in Baum ARRANGER 
LET PAUSE&=11 ! USERDEF in Baum ARRANGER 
LET REWIND&=12 ! USERDEF in Baum ARRANGER 
LET RECPLAY&=13 ! USERDEF in Baum ARRANGER 
LET SMPPLAY2&=14 ! USERDEF in Baum ARRANGER 
LET SMPRPLAY&=15 ! USERDEF in Baum ARRANGER 
LET FORWARD&=16 ! USERDEF in Baum ARRANGER 
LET ARRSTRT&=17 ! USERDEF in Baum ARRANGER 
LET ARREND&=18 ! USERDEF in Baum ARRANGER 
LET STOP&=19 ! USERDEF in Baum ARRANGER 
LET ARRBOX4&=20 ! BOX in Baum ARRANGER 
LET PLAYLEN&=21 ! BOXTEXT in Baum ARRANGER 
LET ARREAL&=22 ! USERDEF in Baum ARRANGER 
LET ARRBLK&=23 ! USERDEF in Baum ARRANGER 
LET ARRBOX3&=24 ! BOX in Baum ARRANGER 
LET ARRM1&=26 ! USERDEF in Baum ARRANGER 
LET ARRM2&=27 ! USERDEF in Baum ARRANGER 
LET ARRM3&=28 ! USERDEF in Baum ARRANGER 
LET ARRM4&=29 ! USERDEF in Baum ARRANGER 
LET ARRTRI1&=33 ! BUTTON in Baum ARRANGER 
LET ARRTRI2&=34 ! BUTTON in Baum ARRANGER 
LET ARRTRI3&=35 ! BUTTON in Baum ARRANGER 
LET ARRTRI4&=36 ! BUTTON in Baum ARRANGER 
LET ARRLOOP1&=39 ! USERDEF in Baum ARRANGER 
LET ARRLOOP2&=40 ! USERDEF in Baum ARRANGER 
LET ARRLOOP3&=41 ! USERDEF in Baum ARRANGER 
LET ARRLOOP4&=42 ! USERDEF in Baum ARRANGER 
LET ARRDEL1&=49 ! USERDEF in Baum ARRANGER 
LET ARRDEL2&=50 ! USERDEF in Baum ARRANGER 
LET ARRDEL3&=51 ! USERDEF in Baum ARRANGER 
LET ARRDEL4&=52 ! USERDEF in Baum ARRANGER 
LET HARDSTRT&=53 ! USERDEF in Baum ARRANGER 
LET HARDEND&=54 ! USERDEF in Baum ARRANGER 
LET ARRPLAY1&=57 ! USERDEF in Baum ARRANGER 
LET ARRPLAY2&=58 ! USERDEF in Baum ARRANGER 
LET ARRPLAY3&=59 ! USERDEF in Baum ARRANGER 
LET ARRPLAY4&=60 ! USERDEF in Baum ARRANGER 
LET SPUR1&=61 ! BOXTEXT in Baum ARRANGER 
LET SPUR2&=62 ! BOXTEXT in Baum ARRANGER 
LET SPUR3&=63 ! BOXTEXT in Baum ARRANGER 
LET SPUR4&=64 ! BOXTEXT in Baum ARRANGER 
LET ARRNR1&=65 ! BOXTEXT in Baum ARRANGER 
LET ARRNR2&=66 ! BOXTEXT in Baum ARRANGER 
LET ARRNR3&=67 ! BOXTEXT in Baum ARRANGER 
LET ARRNR4&=68 ! BOXTEXT in Baum ARRANGER 
LET ARRMEM1&=69 ! BOXTEXT in Baum ARRANGER 
LET ARRMEM2&=70 ! BOXTEXT in Baum ARRANGER 
LET ARRMEM3&=71 ! BOXTEXT in Baum ARRANGER 
LET ARRMEM4&=72 ! BOXTEXT in Baum ARRANGER 
LET ARRSMPR1&=73 ! BOXTEXT in Baum ARRANGER 
LET ARRSMPR2&=74 ! BOXTEXT in Baum ARRANGER 
LET ARRSMPR3&=75 ! BOXTEXT in Baum ARRANGER 
LET ARRSMPR4&=76 ! BOXTEXT in Baum ARRANGER 
LET ARRCH1&=77 ! BOXTEXT in Baum ARRANGER 
LET ARRCH2&=78 ! BOXTEXT in Baum ARRANGER 
LET ARRCH3&=79 ! BOXTEXT in Baum ARRANGER 
LET ARRCH4&=80 ! BOXTEXT in Baum ARRANGER 
LET ARRNOTE1&=81 ! BOXTEXT in Baum ARRANGER 
LET ARRNOTE2&=82 ! BOXTEXT in Baum ARRANGER 
LET ARRNOTE3&=83 ! BOXTEXT in Baum ARRANGER 
LET ARRNOTE4&=84 ! BOXTEXT in Baum ARRANGER 
LET HARDST1&=85 ! BOXTEXT in Baum ARRANGER 
LET HARDST2&=86 ! BOXTEXT in Baum ARRANGER 
LET HARDST3&=87 ! BOXTEXT in Baum ARRANGER 
LET HARDST4&=88 ! BOXTEXT in Baum ARRANGER 
LET HARDE1&=89 ! BOXTEXT in Baum ARRANGER 
LET HARDE2&=90 ! BOXTEXT in Baum ARRANGER 
LET HARDE3&=91 ! BOXTEXT in Baum ARRANGER 
LET HARDE4&=92 ! BOXTEXT in Baum ARRANGER 
LET HARDLEN1&=93 ! BOXTEXT in Baum ARRANGER 
LET HARDLEN2&=94 ! BOXTEXT in Baum ARRANGER 
LET HARDLEN3&=95 ! BOXTEXT in Baum ARRANGER 
LET HARDLEN4&=96 ! BOXTEXT in Baum ARRANGER 
LET ARRSLIDE&=97 ! BOX in Baum ARRANGER 
LET ARRSLBUT&=98 ! BUTTON in Baum ARRANGER 
LET ARREXIT&=99 ! BUTTON in Baum ARRANGER 
LET ARRHELP&=100 ! BOXTEXT in Baum ARRANGER 
LET ARRCLIP&=101 ! USERDEF in Baum ARRANGER 
LET ARRPRINT&=102 ! USERDEF in Baum ARRANGER 
LET KLAVIER&=103 ! USERDEF in Baum ARRANGER 
LET SLIDEUP&=104 ! USERDEF in Baum ARRANGER 
LET SLIDEDWN&=105 ! USERDEF in Baum ARRANGER 
LET PLAYNAME&=106 ! BOXTEXT in Baum ARRANGER 
LET ARRTRASH&=107 ! USERDEF in Baum ARRANGER 
'LET TRAKKER&=2 ! Formular/Dialog
LET TRAKBOX&=0 ! BOX in Baum TRAKKER 
LET TRAKBOX3&=1 ! BOX in Baum TRAKKER 
LET HLPEDIT3&=2 ! USERDEF in Baum TRAKKER 
LET HRDMERG2&=3 ! USERDEF in Baum TRAKKER 
LET TRAKLOAD&=4 ! USERDEF in Baum TRAKKER 
LET TRAKPLAY&=5 ! USERDEF in Baum TRAKKER 
LET TRAKDEL&=6 ! USERDEF in Baum TRAKKER 
LET TRAKSALL&=7 ! USERDEF in Baum TRAKKER 
LET TRAKLALL&=8 ! USERDEF in Baum TRAKKER 
LET KILLTRAK&=9 ! USERDEF in Baum TRAKKER 
LET TRAKCLIP&=10 ! USERDEF in Baum TRAKKER 
LET TBLKSEL&=11 ! USERDEF in Baum TRAKKER 
LET TBLKMOVE&=12 ! USERDEF in Baum TRAKKER 
LET TBLKCOPY&=13 ! USERDEF in Baum TRAKKER 
LET TBLKDRAG&=14 ! USERDEF in Baum TRAKKER 
LET TBLKEDIT&=15 ! USERDEF in Baum TRAKKER 
LET TBLKSNAP&=16 ! USERDEF in Baum TRAKKER 
LET TBLKVOL&=17 ! USERDEF in Baum TRAKKER 
LET TBLKCUT&=18 ! USERDEF in Baum TRAKKER 
LET TRKCD&=19 ! USERDEF in Baum TRAKKER 
LET TIMELINE&=20 ! BOXTEXT in Baum TRAKKER 
LET TRKSLOT&=21 ! BOXTEXT in Baum TRAKKER 
LET TRAKEDBX&=22 ! BOX in Baum TRAKKER 
LET TRAKBOX2&=23 ! BOX in Baum TRAKKER 
LET TRAKBOX5&=24 ! BOX in Baum TRAKKER 
LET TRKBX1&=25 ! BOX in Baum TRAKKER 
LET TRKLEVO1&=26 ! USERDEF in Baum TRAKKER 
LET TRKLEVT1&=27 ! BOXTEXT in Baum TRAKKER 
LET TRKLEVU1&=28 ! USERDEF in Baum TRAKKER 
LET TRKMUTE1&=29 ! USERDEF in Baum TRAKKER 
LET TRAKK1&=30 ! BOXTEXT in Baum TRAKKER 
LET TRKSOLO1&=31 ! USERDEF in Baum TRAKKER 
LET TRKACT1&=32 ! USERDEF in Baum TRAKKER 
LET TRKBX3&=33 ! BOX in Baum TRAKKER 
LET TRKLEVO3&=34 ! USERDEF in Baum TRAKKER 
LET TRKLEVT3&=35 ! BOXTEXT in Baum TRAKKER 
LET TRKLEVU3&=36 ! USERDEF in Baum TRAKKER 
LET TRKMUTE3&=37 ! USERDEF in Baum TRAKKER 
LET TRAKK3&=38 ! BOXTEXT in Baum TRAKKER 
LET TRKSOLO3&=39 ! USERDEF in Baum TRAKKER 
LET TRKACT3&=40 ! USERDEF in Baum TRAKKER 
LET TRKTXT3&=41 ! BOXTEXT in Baum TRAKKER 
LET PANL3&=42 ! USERDEF in Baum TRAKKER 
LET PANTXT3&=43 ! BOXTEXT in Baum TRAKKER 
LET TRKBX4&=44 ! BOX in Baum TRAKKER 
LET TRKLEVO4&=45 ! USERDEF in Baum TRAKKER 
LET TRKLEVT4&=46 ! BOXTEXT in Baum TRAKKER 
LET TRKLEVU4&=47 ! USERDEF in Baum TRAKKER 
LET TRKMUTE4&=48 ! USERDEF in Baum TRAKKER 
LET TRAKK4&=49 ! BOXTEXT in Baum TRAKKER 
LET TRKSOLO4&=50 ! USERDEF in Baum TRAKKER 
LET TRKACT4&=51 ! USERDEF in Baum TRAKKER 
LET TRKTXT4&=52 ! BOXTEXT in Baum TRAKKER 
LET PANL4&=53 ! USERDEF in Baum TRAKKER 
LET PANTXT4&=54 ! BOXTEXT in Baum TRAKKER 
LET TRKBX2&=55 ! BOX in Baum TRAKKER 
LET TRKLEVO2&=56 ! USERDEF in Baum TRAKKER 
LET TRKLEVT2&=57 ! BOXTEXT in Baum TRAKKER 
LET TRKLEVU2&=58 ! USERDEF in Baum TRAKKER 
LET TRKMUTE2&=59 ! USERDEF in Baum TRAKKER 
LET TRAKK2&=60 ! BOXTEXT in Baum TRAKKER 
LET TRKSOLO2&=61 ! USERDEF in Baum TRAKKER 
LET TRKACT2&=62 ! USERDEF in Baum TRAKKER 
LET TRKTXT2&=63 ! BOXTEXT in Baum TRAKKER 
LET PANL2&=64 ! USERDEF in Baum TRAKKER 
LET PANTXT2&=65 ! BOXTEXT in Baum TRAKKER 
LET TRKTXT1&=66 ! BOXTEXT in Baum TRAKKER 
LET PANR1&=67 ! USERDEF in Baum TRAKKER 
LET PANL1&=68 ! USERDEF in Baum TRAKKER 
LET PANTXT1&=69 ! BOXTEXT in Baum TRAKKER 
LET PANR2&=70 ! USERDEF in Baum TRAKKER 
LET PANR3&=71 ! USERDEF in Baum TRAKKER 
LET PANR4&=72 ! USERDEF in Baum TRAKKER 
LET TRKTITXT&=73 ! TEXT in Baum TRAKKER 
LET SPURSLID&=74 ! BOX in Baum TRAKKER 
LET SPURYBUT&=75 ! BUTTON in Baum TRAKKER 
LET SPURO&=76 ! USERDEF in Baum TRAKKER 
LET SPURU&=77 ! USERDEF in Baum TRAKKER 
LET TRAKSLID&=78 ! BOX in Baum TRAKKER 
LET TRAKXBUT&=79 ! BUTTON in Baum TRAKKER 
LET TRAKXR&=80 ! USERDEF in Baum TRAKKER 
LET TRAKXL&=81 ! USERDEF in Baum TRAKKER 
LET ZOOMXL&=82 ! USERDEF in Baum TRAKKER 
LET ZOOMXR&=83 ! USERDEF in Baum TRAKKER 
LET ZOOMSLID&=84 ! BOX in Baum TRAKKER 
LET ZOOMXBUT&=85 ! BUTTON in Baum TRAKKER 
LET TRAKBXW&=86 ! BOX in Baum TRAKKER 
LET TRKMON&=88 ! BOXTEXT in Baum TRAKKER 
LET TRAKSTRT&=96 ! BOXTEXT in Baum TRAKKER 
LET TRAKEND&=97 ! BOXTEXT in Baum TRAKKER 
LET TRAKDUR&=98 ! BOXTEXT in Baum TRAKKER 
LET TRAKLEN&=99 ! BOXTEXT in Baum TRAKKER 
LET TRKSMPTE&=100 ! BOXTEXT in Baum TRAKKER 
LET TRKSIZE&=101 ! BOXTEXT in Baum TRAKKER 
LET TPSTRT&=102 ! BOXTEXT in Baum TRAKKER 
LET TPEND&=103 ! BOXTEXT in Baum TRAKKER 
LET STRTL&=104 ! USERDEF in Baum TRAKKER 
LET STRTR&=105 ! USERDEF in Baum TRAKKER 
LET LEND&=106 ! USERDEF in Baum TRAKKER 
LET REND&=107 ! USERDEF in Baum TRAKKER 
LET LTIME&=108 ! USERDEF in Baum TRAKKER 
LET RTIME&=109 ! USERDEF in Baum TRAKKER 
LET TPSL&=110 ! USERDEF in Baum TRAKKER 
LET TPSR&=111 ! USERDEF in Baum TRAKKER 
LET TPEL&=112 ! USERDEF in Baum TRAKKER 
LET TPER&=113 ! USERDEF in Baum TRAKKER 
LET TRKBLK&=114 ! USERDEF in Baum TRAKKER 
LET TRKCOPY&=115 ! USERDEF in Baum TRAKKER 
LET TRKDEL&=116 ! USERDEF in Baum TRAKKER 
LET TBLKPLAY&=119 ! USERDEF in Baum TRAKKER 
LET TNAMCOM&=122 ! USERDEF in Baum TRAKKER 
LET CURVE&=123 ! USERDEF in Baum TRAKKER 
LET TRKSOLO&=124 ! USERDEF in Baum TRAKKER 
LET TRAKINFO&=125 ! BOXTEXT in Baum TRAKKER 
LET TRAKBOX4&=126 ! BOX in Baum TRAKKER 
LET TRAKTIME&=127 ! BOXTEXT in Baum TRAKKER 
LET TRAKNAME&=128 ! BOXTEXT in Baum TRAKKER 
LET TRKERR&=129 ! BOXTEXT in Baum TRAKKER 
LET PAUSE2&=131 ! USERDEF in Baum TRAKKER 
LET REWIND2&=132 ! USERDEF in Baum TRAKKER 
LET STOP2&=133 ! USERDEF in Baum TRAKKER 
LET RECPLAY2&=134 ! USERDEF in Baum TRAKKER 
LET SMPPLAY3&=135 ! USERDEF in Baum TRAKKER 
LET SMPRPLA2&=136 ! USERDEF in Baum TRAKKER 
LET FORWARD2&=137 ! USERDEF in Baum TRAKKER 
LET TRAKANF&=138 ! USERDEF in Baum TRAKKER 
LET TRAKFULL&=139 ! USERDEF in Baum TRAKKER 
LET SMPSTRT4&=140 ! USERDEF in Baum TRAKKER 
LET SMPAUTO4&=141 ! USERDEF in Baum TRAKKER 
LET TRKVBOX&=142 ! BOXTEXT in Baum TRAKKER 
LET TRKVOL&=144 ! USERDEF in Baum TRAKKER 
LET TRKLVOL&=148 ! BOX in Baum TRAKKER 
LET TRKRVOL&=149 ! BOX in Baum TRAKKER 
LET TRKLMAX&=150 ! BOX in Baum TRAKKER 
LET TRKRMAX&=151 ! BOX in Baum TRAKKER 
LET TRK4&=152 ! USERDEF in Baum TRAKKER 
LET TRK8&=153 ! USERDEF in Baum TRAKKER 
LET TRK12&=154 ! USERDEF in Baum TRAKKER 
LET TRK16&=155 ! USERDEF in Baum TRAKKER 
LET TRAKHELP&=156 ! BOXTEXT in Baum TRAKKER 
LET TRAKEXIT&=157 ! BUTTON in Baum TRAKKER 
'LET FSEL&=3 ! Formular/Dialog
LET FSELBOX&=0 ! BOX in Baum FSEL 
LET FSELBOX2&=1 ! BOX in Baum FSEL 
LET FSBUT1&=2 ! BOXTEXT in Baum FSEL 
LET FSBUT2&=3 ! BOXTEXT in Baum FSEL 
LET FSBUT3&=4 ! BOXTEXT in Baum FSEL 
LET FSBUT4&=5 ! BOXTEXT in Baum FSEL 
LET FSBUT5&=6 ! BOXTEXT in Baum FSEL 
LET FSBUT6&=7 ! BOXTEXT in Baum FSEL 
LET FSBUT7&=8 ! BOXTEXT in Baum FSEL 
LET FSBUT8&=9 ! BOXTEXT in Baum FSEL 
LET FSBUT9&=10 ! BOXTEXT in Baum FSEL 
LET FSBUT10&=11 ! BOXTEXT in Baum FSEL 
LET FSBUT11&=12 ! BOXTEXT in Baum FSEL 
LET FSBUT12&=13 ! BOXTEXT in Baum FSEL 
LET FSBUT13&=14 ! BOXTEXT in Baum FSEL 
LET FSBUT14&=15 ! BOXTEXT in Baum FSEL 
LET FSBUT15&=16 ! BOXTEXT in Baum FSEL 
LET FSTXT1&=17 ! BOXTEXT in Baum FSEL 
LET FSTXT2&=18 ! BOXTEXT in Baum FSEL 
LET FSTXT3&=19 ! BOXTEXT in Baum FSEL 
LET FSTXT4&=20 ! BOXTEXT in Baum FSEL 
LET FSTXT5&=21 ! BOXTEXT in Baum FSEL 
LET FSTXT6&=22 ! BOXTEXT in Baum FSEL 
LET FSTXT7&=23 ! BOXTEXT in Baum FSEL 
LET FSTXT8&=24 ! BOXTEXT in Baum FSEL 
LET FSTXT9&=25 ! BOXTEXT in Baum FSEL 
LET FSTXT10&=26 ! BOXTEXT in Baum FSEL 
LET FSTXT11&=27 ! BOXTEXT in Baum FSEL 
LET FSTXT12&=28 ! BOXTEXT in Baum FSEL 
LET FSTXT13&=29 ! BOXTEXT in Baum FSEL 
LET FSTXT14&=30 ! BOXTEXT in Baum FSEL 
LET FSTXT15&=31 ! BOXTEXT in Baum FSEL 
LET FSSLIDE&=32 ! BOX in Baum FSEL 
LET FSSLDBUT&=33 ! BUTTON in Baum FSEL 
LET FSHELP&=34 ! BOXTEXT in Baum FSEL 
LET FSSLDUP&=36 ! USERDEF in Baum FSEL 
LET FSSLDDWN&=37 ! USERDEF in Baum FSEL 
LET NFSELTXT&=38 ! TEXT in Baum FSEL 
LET FSELBOX4&=39 ! BOX in Baum FSEL 
LET FSOK&=40 ! BUTTON in Baum FSEL 
LET FSEXIT&=41 ! BUTTON in Baum FSEL 
LET FSTIME&=42 ! BOXTEXT in Baum FSEL 
LET TFSEARCH&=43 ! BUTTON in Baum FSEL 
LET FSPLAY&=44 ! USERDEF in Baum FSEL 
LET FSMATIC&=45 ! USERDEF in Baum FSEL 
LET FSINS&=46 ! USERDEF in Baum FSEL 
LET FSDEL&=47 ! USERDEF in Baum FSEL 
LET FSLOAD&=48 ! USERDEF in Baum FSEL 
LET FSSAVE&=49 ! USERDEF in Baum FSEL 
LET FSCLF&=50 ! USERDEF in Baum FSEL 
LET FSSTOP&=51 ! USERDEF in Baum FSEL 
LET FSWAIT&=52 ! USERDEF in Baum FSEL 
LET FSEND&=53 ! USERDEF in Baum FSEL 
LET FSLPLAY&=54 ! USERDEF in Baum FSEL 
LET TFSABC&=55 ! USERDEF in Baum FSEL 
LET FSELBOX3&=56 ! BOX in Baum FSEL 
LET FSORDNER&=57 ! BUTTON in Baum FSEL 
LET FSOTXT&=58 ! BOXTEXT in Baum FSEL 
LET FSADD&=59 ! BUTTON in Baum FSEL 
LET FSNEW&=60 ! BUTTON in Baum FSEL 
