REM Resource Datei Indizes fÅr STARHIC1 
'LET SMPEDIT&=0 ! Formular/Dialog
LET EDITBOX7&=0 ! BOX in Baum SMPEDIT 
LET EDITBOX&=1 ! BOX in Baum SMPEDIT 
LET MOVER&=3 ! BOXTEXT in Baum SMPEDIT 
LET MOVECIRC&=4 ! BOXCHAR in Baum SMPEDIT 
LET RATE&=6 ! BOXTEXT in Baum SMPEDIT 
LET RATECIRC&=7 ! BOXCHAR in Baum SMPEDIT 
LET CSMINTEX&=9 ! TEXT in Baum SMPEDIT 
LET CEMAXTEX&=10 ! TEXT in Baum SMPEDIT 
LET RESOLU&=22 ! BOXTEXT in Baum SMPEDIT 
LET RESOLIRC&=23 ! BOXCHAR in Baum SMPEDIT 
LET EDITIME&=24 ! BOXTEXT in Baum SMPEDIT 
LET ZOMSLIDE&=25 ! BOX in Baum SMPEDIT 
LET ZOOMBUTT&=26 ! BUTTON in Baum SMPEDIT 
LET RECPLAY3&=27 ! USERDEF in Baum SMPEDIT 
LET HARD&=28 ! USERDEF in Baum SMPEDIT 
LET SMPAUTO2&=29 ! USERDEF in Baum SMPEDIT 
LET SMPSTRT2&=30 ! USERDEF in Baum SMPEDIT 
LET SMPPLAY&=31 ! USERDEF in Baum SMPEDIT 
LET SMPSTOP&=32 ! USERDEF in Baum SMPEDIT 
LET SMPWAIT&=33 ! USERDEF in Baum SMPEDIT 
LET FLYER&=34 ! USERDEF in Baum SMPEDIT 
LET TRASH&=35 ! USERDEF in Baum SMPEDIT 
LET EDITBOX6&=36 ! BOX in Baum SMPEDIT 
LET SMPPMARK&=37 ! USERDEF in Baum SMPEDIT 
LET MIDI&=38 ! USERDEF in Baum SMPEDIT 
LET MINTEXT&=39 ! BOXTEXT in Baum SMPEDIT 
LET SMPLOOP&=40 ! USERDEF in Baum SMPEDIT 
LET SMPCBLK&=41 ! USERDEF in Baum SMPEDIT 
LET ZOOML&=42 ! USERDEF in Baum SMPEDIT 
LET ZOOMR&=43 ! USERDEF in Baum SMPEDIT 
LET PIXZOOM&=44 ! USERDEF in Baum SMPEDIT 
LET EDITBOX5&=45 ! BOX in Baum SMPEDIT 
LET SMPANF&=46 ! USERDEF in Baum SMPEDIT 
LET SMPR1&=47 ! USERDEF in Baum SMPEDIT 
LET SMPL1&=48 ! USERDEF in Baum SMPEDIT 
LET SMPL2&=49 ! USERDEF in Baum SMPEDIT 
LET SMPR2&=50 ! USERDEF in Baum SMPEDIT 
LET SMPL3&=51 ! USERDEF in Baum SMPEDIT 
LET SMPMID&=52 ! USERDEF in Baum SMPEDIT 
LET SMPEND&=53 ! USERDEF in Baum SMPEDIT 
LET SMPR3&=54 ! USERDEF in Baum SMPEDIT 
LET EDITBOX3&=55 ! BOX in Baum SMPEDIT 
LET EDMTIMS&=56 ! BOXTEXT in Baum SMPEDIT 
LET EDMTIME&=57 ! BOXTEXT in Baum SMPEDIT 
LET EDMDOWN&=58 ! USERDEF in Baum SMPEDIT 
LET EDMSLIDE&=59 ! BOX in Baum SMPEDIT 
LET EDMBUT&=60 ! BUTTON in Baum SMPEDIT 
LET EDMUP&=61 ! USERDEF in Baum SMPEDIT 
LET EDMNR&=62 ! BOXTEXT in Baum SMPEDIT 
LET EDMTIMI&=63 ! BOXTEXT in Baum SMPEDIT 
LET EDMTIMR&=64 ! BOXTEXT in Baum SMPEDIT 
LET EDMBOX&=65 ! BOX in Baum SMPEDIT 
LET EDMBUTS&=66 ! USERDEF in Baum SMPEDIT 
LET EDMBUTE&=67 ! USERDEF in Baum SMPEDIT 
LET EDMBUTI&=68 ! USERDEF in Baum SMPEDIT 
LET EDMBUTR&=69 ! USERDEF in Baum SMPEDIT 
LET EDMTXT&=70 ! BOXTEXT in Baum SMPEDIT 
LET CSTXT&=71 ! BOXTEXT in Baum SMPEDIT 
LET CETXT&=72 ! BOXTEXT in Baum SMPEDIT 
LET SMPSEC&=74 ! BOXTEXT in Baum SMPEDIT 
LET SMPFILE&=75 ! BOXTEXT in Baum SMPEDIT 
LET CLOCK&=76 ! BOXTEXT in Baum SMPEDIT 
LET SHOWXY&=77 ! BOXTEXT in Baum SMPEDIT 
LET PNTPRSMP&=78 ! BOXTEXT in Baum SMPEDIT 
LET FREEMEM&=79 ! BOXTEXT in Baum SMPEDIT 
LET SMPRATE&=80 ! BOXTEXT in Baum SMPEDIT 
LET SMPNAME&=81 ! BOXTEXT in Baum SMPEDIT 
LET SMPLEN&=82 ! BOXTEXT in Baum SMPEDIT 
LET SMPEDHLP&=83 ! BOXTEXT in Baum SMPEDIT 
LET SMPEXIT&=84 ! BUTTON in Baum SMPEDIT 
LET EDITBOX2&=85 ! BOX in Baum SMPEDIT 
LET SETUPER&=86 ! USERDEF in Baum SMPEDIT 
LET EDFADE&=87 ! USERDEF in Baum SMPEDIT 
LET PEAKSW2&=88 ! USERDEF in Baum SMPEDIT 
LET DISK&=89 ! USERDEF in Baum SMPEDIT 
LET LOOPART&=90 ! USERDEF in Baum SMPEDIT 
LET BLOCFUNC&=91 ! USERDEF in Baum SMPEDIT 
LET ARRANGE&=92 ! USERDEF in Baum SMPEDIT 
LET SMPLOAD&=93 ! USERDEF in Baum SMPEDIT 
LET SMPSAVE&=94 ! USERDEF in Baum SMPEDIT 
LET INFOICON&=95 ! USERDEF in Baum SMPEDIT 
LET EDMIDI&=96 ! USERDEF in Baum SMPEDIT 
LET TRAK&=97 ! USERDEF in Baum SMPEDIT 
LET EDSMP16&=98 ! USERDEF in Baum SMPEDIT 
LET SWDSP&=99 ! USERDEF in Baum SMPEDIT 
LET SMPDBANK&=100 ! USERDEF in Baum SMPEDIT 
LET WMODES&=101 ! USERDEF in Baum SMPEDIT 
LET SCRUBS&=102 ! USERDEF in Baum SMPEDIT 
LET SWMARK&=103 ! USERDEF in Baum SMPEDIT 
LET SWBLK&=104 ! USERDEF in Baum SMPEDIT 
LET SWSEARCH&=105 ! USERDEF in Baum SMPEDIT 
LET SWYZOOM&=106 ! USERDEF in Baum SMPEDIT 
LET SWCLICK&=107 ! USERDEF in Baum SMPEDIT 
LET SWDRAW&=108 ! USERDEF in Baum SMPEDIT 
LET EDCUE&=109 ! USERDEF in Baum SMPEDIT 
LET EDPART&=110 ! USERDEF in Baum SMPEDIT 
LET CURVBOX&=111 ! BOX in Baum SMPEDIT 
LET EDITBOX4&=112 ! BOX in Baum SMPEDIT 
LET EDITBOX8&=113 ! BOX in Baum SMPEDIT 
LET SMPTXR&=114 ! TEXT in Baum SMPEDIT 
LET SMPTXL&=115 ! TEXT in Baum SMPEDIT 
LET RM80&=116 ! BOXTEXT in Baum SMPEDIT 
LET RP0&=117 ! BOXTEXT in Baum SMPEDIT 
LET RP80&=118 ! BOXTEXT in Baum SMPEDIT 
LET RP60&=119 ! BOXTEXT in Baum SMPEDIT 
LET RP40&=120 ! BOXTEXT in Baum SMPEDIT 
LET RM60&=121 ! BOXTEXT in Baum SMPEDIT 
LET RM40&=122 ! BOXTEXT in Baum SMPEDIT 
LET LP80&=123 ! BOXTEXT in Baum SMPEDIT 
LET LM80&=124 ! BOXTEXT in Baum SMPEDIT 
LET LP40&=125 ! BOXTEXT in Baum SMPEDIT 
LET LP60&=126 ! BOXTEXT in Baum SMPEDIT 
LET LM60&=127 ! BOXTEXT in Baum SMPEDIT 
LET LM40&=128 ! BOXTEXT in Baum SMPEDIT 
LET LM20&=129 ! BOXTEXT in Baum SMPEDIT 
LET LP0&=130 ! BOXTEXT in Baum SMPEDIT 
LET RP20&=131 ! BOXTEXT in Baum SMPEDIT 
LET RM20&=132 ! BOXTEXT in Baum SMPEDIT 
LET LP20&=133 ! BOXTEXT in Baum SMPEDIT 
LET SCRLSLDE&=134 ! BOX in Baum SMPEDIT 
LET SCROLBUT&=135 ! BUTTON in Baum SMPEDIT 
LET LSCROLL&=136 ! USERDEF in Baum SMPEDIT 
LET RSCROLL&=137 ! USERDEF in Baum SMPEDIT 
LET LR100&=138 ! BOXTEXT in Baum SMPEDIT 
LET BLKFILE&=145 ! TEXT in Baum SMPEDIT 
LET BLKFILEL&=146 ! BOX in Baum SMPEDIT 
LET BLKFILER&=147 ! BOX in Baum SMPEDIT 
'LET ARRANGER&=1 ! Formular/Dialog
LET ARRBOX&=0 ! BOX in Baum ARRANGER 
LET ARRBOX2&=1 ! BOX in Baum ARRANGER 
LET HLPEDIT2&=2 ! USERDEF in Baum ARRANGER 
LET ARRLOAD&=3 ! USERDEF in Baum ARRANGER 
LET ARRSAVE&=4 ! USERDEF in Baum ARRANGER 
LET ARRMIDI&=5 ! USERDEF in Baum ARRANGER 
LET ARRINS&=6 ! USERDEF in Baum ARRANGER 
LET ARRDEL&=7 ! USERDEF in Baum ARRANGER 
LET SMPAUTO3&=9 ! USERDEF in Baum ARRANGER 
LET SMPSTRT3&=10 ! USERDEF in Baum ARRANGER 
LET PAUSE&=11 ! USERDEF in Baum ARRANGER 
LET REWIND&=12 ! USERDEF in Baum ARRANGER 
LET RECPLAY&=13 ! USERDEF in Baum ARRANGER 
LET SMPPLAY2&=14 ! USERDEF in Baum ARRANGER 
LET SMPRPLAY&=15 ! USERDEF in Baum ARRANGER 
LET FORWARD&=16 ! USERDEF in Baum ARRANGER 
LET ARRSTRT&=17 ! USERDEF in Baum ARRANGER 
LET ARREND&=18 ! USERDEF in Baum ARRANGER 
LET STOP&=19 ! USERDEF in Baum ARRANGER 
LET ARRBOX4&=20 ! BOX in Baum ARRANGER 
LET PLAYLEN&=21 ! BOXTEXT in Baum ARRANGER 
LET ARREAL&=22 ! USERDEF in Baum ARRANGER 
LET ARRBLK&=23 ! USERDEF in Baum ARRANGER 
LET ARRBOX3&=24 ! BOX in Baum ARRANGER 
LET ARRM1&=26 ! USERDEF in Baum ARRANGER 
LET ARRM2&=27 ! USERDEF in Baum ARRANGER 
LET ARRM3&=28 ! USERDEF in Baum ARRANGER 
LET ARRM4&=29 ! USERDEF in Baum ARRANGER 
LET ARRTRI1&=33 ! BUTTON in Baum ARRANGER 
LET ARRTRI2&=34 ! BUTTON in Baum ARRANGER 
LET ARRTRI3&=35 ! BUTTON in Baum ARRANGER 
LET ARRTRI4&=36 ! BUTTON in Baum ARRANGER 
LET ARRLOOP1&=39 ! USERDEF in Baum ARRANGER 
LET ARRLOOP2&=40 ! USERDEF in Baum ARRANGER 
LET ARRLOOP3&=41 ! USERDEF in Baum ARRANGER 
LET ARRLOOP4&=42 ! USERDEF in Baum ARRANGER 
LET ARRDEL1&=49 ! USERDEF in Baum ARRANGER 
LET ARRDEL2&=50 ! USERDEF in Baum ARRANGER 
LET ARRDEL3&=51 ! USERDEF in Baum ARRANGER 
LET ARRDEL4&=52 ! USERDEF in Baum ARRANGER 
LET HARDSTRT&=53 ! USERDEF in Baum ARRANGER 
LET HARDEND&=54 ! USERDEF in Baum ARRANGER 
LET ARRPLAY1&=57 ! USERDEF in Baum ARRANGER 
LET ARRPLAY2&=58 ! USERDEF in Baum ARRANGER 
LET ARRPLAY3&=59 ! USERDEF in Baum ARRANGER 
LET ARRPLAY4&=60 ! USERDEF in Baum ARRANGER 
LET SPUR1&=61 ! BOXTEXT in Baum ARRANGER 
LET SPUR2&=62 ! BOXTEXT in Baum ARRANGER 
LET SPUR3&=63 ! BOXTEXT in Baum ARRANGER 
LET SPUR4&=64 ! BOXTEXT in Baum ARRANGER 
LET ARRMEM1&=65 ! BOXTEXT in Baum ARRANGER 
LET ARRMEM2&=66 ! BOXTEXT in Baum ARRANGER 
LET ARRMEM3&=67 ! BOXTEXT in Baum ARRANGER 
LET ARRMEM4&=68 ! BOXTEXT in Baum ARRANGER 
LET ARRNR1&=69 ! BOXTEXT in Baum ARRANGER 
LET ARRNR2&=70 ! BOXTEXT in Baum ARRANGER 
LET ARRNR3&=71 ! BOXTEXT in Baum ARRANGER 
LET ARRNR4&=72 ! BOXTEXT in Baum ARRANGER 
LET HARDST1&=73 ! BOXTEXT in Baum ARRANGER 
LET HARDST2&=74 ! BOXTEXT in Baum ARRANGER 
LET HARDST3&=75 ! BOXTEXT in Baum ARRANGER 
LET HARDST4&=76 ! BOXTEXT in Baum ARRANGER 
LET HARDE1&=77 ! BOXTEXT in Baum ARRANGER 
LET HARDE2&=78 ! BOXTEXT in Baum ARRANGER 
LET HARDE3&=79 ! BOXTEXT in Baum ARRANGER 
LET HARDE4&=80 ! BOXTEXT in Baum ARRANGER 
LET HARDLEN1&=81 ! BOXTEXT in Baum ARRANGER 
LET HARDLEN2&=82 ! BOXTEXT in Baum ARRANGER 
LET HARDLEN3&=83 ! BOXTEXT in Baum ARRANGER 
LET HARDLEN4&=84 ! BOXTEXT in Baum ARRANGER 
LET ARRSMPR1&=85 ! BOXTEXT in Baum ARRANGER 
LET ARRSMPR2&=86 ! BOXTEXT in Baum ARRANGER 
LET ARRSMPR3&=87 ! BOXTEXT in Baum ARRANGER 
LET ARRSMPR4&=88 ! BOXTEXT in Baum ARRANGER 
LET ARRCH1&=89 ! BOXTEXT in Baum ARRANGER 
LET ARRCH2&=90 ! BOXTEXT in Baum ARRANGER 
LET ARRCH3&=91 ! BOXTEXT in Baum ARRANGER 
LET ARRCH4&=92 ! BOXTEXT in Baum ARRANGER 
LET ARRNOTE1&=93 ! BOXTEXT in Baum ARRANGER 
LET ARRNOTE2&=94 ! BOXTEXT in Baum ARRANGER 
LET ARRNOTE3&=95 ! BOXTEXT in Baum ARRANGER 
LET ARRNOTE4&=96 ! BOXTEXT in Baum ARRANGER 
LET ARRSLIDE&=97 ! BOX in Baum ARRANGER 
LET ARRSLBUT&=98 ! BUTTON in Baum ARRANGER 
LET ARREXIT&=99 ! BUTTON in Baum ARRANGER 
LET ARRHELP&=100 ! BOXTEXT in Baum ARRANGER 
LET ARRCLIP&=101 ! USERDEF in Baum ARRANGER 
LET ARRPRINT&=102 ! USERDEF in Baum ARRANGER 
LET KLAVIER&=103 ! USERDEF in Baum ARRANGER 
LET SLIDEUP&=104 ! USERDEF in Baum ARRANGER 
LET SLIDEDWN&=105 ! USERDEF in Baum ARRANGER 
LET PLAYNAME&=106 ! BOXTEXT in Baum ARRANGER 
LET ARRTRASH&=107 ! USERDEF in Baum ARRANGER 
'LET TRAKKER&=2 ! Formular/Dialog
LET TRAKBOX&=0 ! BOX in Baum TRAKKER 
LET TRAKBOX3&=1 ! BOX in Baum TRAKKER 
LET HLPEDIT3&=2 ! USERDEF in Baum TRAKKER 
LET HRDMERG2&=3 ! USERDEF in Baum TRAKKER 
LET TRAKLOAD&=4 ! USERDEF in Baum TRAKKER 
LET TRAKPLAY&=5 ! USERDEF in Baum TRAKKER 
LET TRAKDEL&=6 ! USERDEF in Baum TRAKKER 
LET TRAKSALL&=7 ! USERDEF in Baum TRAKKER 
LET TRAKLALL&=8 ! USERDEF in Baum TRAKKER 
LET KILLTRAK&=9 ! USERDEF in Baum TRAKKER 
LET TRAKCLIP&=10 ! USERDEF in Baum TRAKKER 
LET TBLKSEL&=11 ! USERDEF in Baum TRAKKER 
LET TBLKMOVE&=12 ! USERDEF in Baum TRAKKER 
LET TBLKCOPY&=13 ! USERDEF in Baum TRAKKER 
LET TBLKDRAG&=14 ! USERDEF in Baum TRAKKER 
LET TBLKEDIT&=15 ! USERDEF in Baum TRAKKER 
LET TBLKSNAP&=16 ! USERDEF in Baum TRAKKER 
LET TBLKVOL&=17 ! USERDEF in Baum TRAKKER 
LET TBLKCUT&=18 ! USERDEF in Baum TRAKKER 
LET TRKCD&=19 ! USERDEF in Baum TRAKKER 
LET TRTFILEL&=26 ! BOX in Baum TRAKKER 
LET TRTFILE&=27 ! TEXT in Baum TRAKKER 
LET TRTFILER&=28 ! BOX in Baum TRAKKER 
LET TRAKEDBX&=29 ! BOX in Baum TRAKKER 
LET TRAKBOX2&=30 ! BOX in Baum TRAKKER 
LET TRAKBOX5&=31 ! BOX in Baum TRAKKER 
LET TRKBX1&=32 ! BOX in Baum TRAKKER 
LET TRKLEVO1&=33 ! USERDEF in Baum TRAKKER 
LET TRKLEVT1&=34 ! BOXTEXT in Baum TRAKKER 
LET TRAKK1&=35 ! BOXTEXT in Baum TRAKKER 
LET TRKTXT1&=36 ! BOXTEXT in Baum TRAKKER 
LET TRKACT1&=37 ! USERDEF in Baum TRAKKER 
LET TRKSOLO1&=38 ! USERDEF in Baum TRAKKER 
LET TRKMUTE1&=39 ! USERDEF in Baum TRAKKER 
LET PANTXT1&=40 ! BOXTEXT in Baum TRAKKER 
LET PANL1&=41 ! USERDEF in Baum TRAKKER 
LET PANR1&=42 ! USERDEF in Baum TRAKKER 
LET TRKLEVU1&=43 ! USERDEF in Baum TRAKKER 
LET TRKBX2&=44 ! BOX in Baum TRAKKER 
LET TRKLEVO2&=45 ! USERDEF in Baum TRAKKER 
LET TRKLEVT2&=46 ! BOXTEXT in Baum TRAKKER 
LET TRAKK2&=47 ! BOXTEXT in Baum TRAKKER 
LET TRKTXT2&=48 ! BOXTEXT in Baum TRAKKER 
LET TRKACT2&=49 ! USERDEF in Baum TRAKKER 
LET TRKSOLO2&=50 ! USERDEF in Baum TRAKKER 
LET TRKMUTE2&=51 ! USERDEF in Baum TRAKKER 
LET PANTXT2&=52 ! BOXTEXT in Baum TRAKKER 
LET PANL2&=53 ! USERDEF in Baum TRAKKER 
LET PANR2&=54 ! USERDEF in Baum TRAKKER 
LET TRKLEVU2&=55 ! USERDEF in Baum TRAKKER 
LET TRKBX4&=56 ! BOX in Baum TRAKKER 
LET TRKLEVO4&=57 ! USERDEF in Baum TRAKKER 
LET TRKLEVT4&=58 ! BOXTEXT in Baum TRAKKER 
LET TRAKK4&=59 ! BOXTEXT in Baum TRAKKER 
LET TRKTXT4&=60 ! BOXTEXT in Baum TRAKKER 
LET TRKACT4&=61 ! USERDEF in Baum TRAKKER 
LET TRKSOLO4&=62 ! USERDEF in Baum TRAKKER 
LET TRKMUTE4&=63 ! USERDEF in Baum TRAKKER 
LET PANTXT4&=64 ! BOXTEXT in Baum TRAKKER 
LET PANL4&=65 ! USERDEF in Baum TRAKKER 
LET PANR4&=66 ! USERDEF in Baum TRAKKER 
LET TRKLEVU4&=67 ! USERDEF in Baum TRAKKER 
LET TRKBX3&=68 ! BOX in Baum TRAKKER 
LET TRKLEVO3&=69 ! USERDEF in Baum TRAKKER 
LET TRKLEVT3&=70 ! BOXTEXT in Baum TRAKKER 
LET TRAKK3&=71 ! BOXTEXT in Baum TRAKKER 
LET TRKTXT3&=72 ! BOXTEXT in Baum TRAKKER 
LET TRKACT3&=73 ! USERDEF in Baum TRAKKER 
LET TRKSOLO3&=74 ! USERDEF in Baum TRAKKER 
LET TRKMUTE3&=75 ! USERDEF in Baum TRAKKER 
LET PANTXT3&=76 ! BOXTEXT in Baum TRAKKER 
LET PANL3&=77 ! USERDEF in Baum TRAKKER 
LET PANR3&=78 ! USERDEF in Baum TRAKKER 
LET TRKLEVU3&=79 ! USERDEF in Baum TRAKKER 
LET TRAKSLID&=80 ! BOX in Baum TRAKKER 
LET TRAKXBUT&=81 ! BUTTON in Baum TRAKKER 
LET TRAKXL&=82 ! USERDEF in Baum TRAKKER 
LET TIMELINE&=83 ! BOXTEXT in Baum TRAKKER 
LET TRKSLOT&=84 ! BOXTEXT in Baum TRAKKER 
LET TRKTITXT&=85 ! TEXT in Baum TRAKKER 
LET SPURSLID&=86 ! BOX in Baum TRAKKER 
LET SPURYBUT&=87 ! BUTTON in Baum TRAKKER 
LET ZOOMXR&=88 ! USERDEF in Baum TRAKKER 
LET ZOOMSLID&=89 ! BOX in Baum TRAKKER 
LET ZOOMXBUT&=90 ! BUTTON in Baum TRAKKER 
LET ZOOMXL&=91 ! USERDEF in Baum TRAKKER 
LET TIMELIN2&=92 ! BOXTEXT in Baum TRAKKER 
LET TRKSLOT2&=93 ! BOXTEXT in Baum TRAKKER 
LET TRAKXR&=94 ! USERDEF in Baum TRAKKER 
LET SPURO&=95 ! USERDEF in Baum TRAKKER 
LET SPURU&=96 ! USERDEF in Baum TRAKKER 
LET TRAKBXW&=97 ! BOX in Baum TRAKKER 
LET TRAKSTRT&=102 ! BOXTEXT in Baum TRAKKER 
LET TRAKEND&=103 ! BOXTEXT in Baum TRAKKER 
LET TRAKDUR&=104 ! BOXTEXT in Baum TRAKKER 
LET TRAKLEN&=105 ! BOXTEXT in Baum TRAKKER 
LET STRTL&=106 ! USERDEF in Baum TRAKKER 
LET STRTR&=107 ! USERDEF in Baum TRAKKER 
LET LEND&=108 ! USERDEF in Baum TRAKKER 
LET REND&=109 ! USERDEF in Baum TRAKKER 
LET TRKSMPTE&=113 ! BOXTEXT in Baum TRAKKER 
LET TRKSIZE&=114 ! BOXTEXT in Baum TRAKKER 
LET TPSTRT&=115 ! BOXTEXT in Baum TRAKKER 
LET TPEND&=116 ! BOXTEXT in Baum TRAKKER 
LET LTIME&=117 ! USERDEF in Baum TRAKKER 
LET RTIME&=118 ! USERDEF in Baum TRAKKER 
LET TPSL&=119 ! USERDEF in Baum TRAKKER 
LET TPSR&=120 ! USERDEF in Baum TRAKKER 
LET TPEL&=121 ! USERDEF in Baum TRAKKER 
LET TPER&=122 ! USERDEF in Baum TRAKKER 
LET TRKBLK&=123 ! USERDEF in Baum TRAKKER 
LET TRKCOPY&=124 ! USERDEF in Baum TRAKKER 
LET TRKDEL&=125 ! USERDEF in Baum TRAKKER 
LET TBLKPLAY&=128 ! USERDEF in Baum TRAKKER 
LET TNAMCOM&=131 ! USERDEF in Baum TRAKKER 
LET CURVE&=132 ! USERDEF in Baum TRAKKER 
LET TRKSOLO&=133 ! USERDEF in Baum TRAKKER 
LET TRAKINFO&=134 ! BOXTEXT in Baum TRAKKER 
LET TRAKBOX4&=135 ! BOX in Baum TRAKKER 
LET TRAKTIME&=136 ! BOXTEXT in Baum TRAKKER 
LET TRAKNAME&=137 ! BOXTEXT in Baum TRAKKER 
LET TRKERR&=138 ! BOXTEXT in Baum TRAKKER 
LET PAUSE2&=140 ! USERDEF in Baum TRAKKER 
LET REWIND2&=141 ! USERDEF in Baum TRAKKER 
LET STOP2&=142 ! USERDEF in Baum TRAKKER 
LET RECPLAY2&=143 ! USERDEF in Baum TRAKKER 
LET SMPPLAY3&=144 ! USERDEF in Baum TRAKKER 
LET SMPRPLA2&=145 ! USERDEF in Baum TRAKKER 
LET FORWARD2&=146 ! USERDEF in Baum TRAKKER 
LET TRAKANF&=147 ! USERDEF in Baum TRAKKER 
LET TRAKFULL&=148 ! USERDEF in Baum TRAKKER 
LET SMPSTRT4&=149 ! USERDEF in Baum TRAKKER 
LET SMPAUTO4&=150 ! USERDEF in Baum TRAKKER 
LET TRKLVOL&=151 ! BOX in Baum TRAKKER 
LET TRKRVOL&=152 ! BOX in Baum TRAKKER 
LET TRKLMAX&=153 ! BOX in Baum TRAKKER 
LET TRKRMAX&=154 ! BOX in Baum TRAKKER 
LET TRKVBOX&=157 ! BOXTEXT in Baum TRAKKER 
LET TRKVOL&=159 ! USERDEF in Baum TRAKKER 
LET TRAKBOX6&=161 ! BOX in Baum TRAKKER 
LET TRK4&=162 ! BOXTEXT in Baum TRAKKER 
LET TRK8&=163 ! BOXTEXT in Baum TRAKKER 
LET TRK12&=164 ! BOXTEXT in Baum TRAKKER 
LET TRK16&=165 ! BOXTEXT in Baum TRAKKER 
LET TRKMON&=168 ! BOXTEXT in Baum TRAKKER 
LET TRAKHELP&=170 ! BOXTEXT in Baum TRAKKER 
LET TRAKEXIT&=171 ! BUTTON in Baum TRAKKER 
'LET FSEL&=3 ! Formular/Dialog
LET FSELBOX&=0 ! BOX in Baum FSEL 
LET FSELBOX2&=1 ! BOX in Baum FSEL 
LET FSBUT1&=2 ! BOXTEXT in Baum FSEL 
LET FSBUT2&=3 ! BOXTEXT in Baum FSEL 
LET FSBUT3&=4 ! BOXTEXT in Baum FSEL 
LET FSBUT4&=5 ! BOXTEXT in Baum FSEL 
LET FSBUT5&=6 ! BOXTEXT in Baum FSEL 
LET FSBUT6&=7 ! BOXTEXT in Baum FSEL 
LET FSBUT7&=8 ! BOXTEXT in Baum FSEL 
LET FSBUT8&=9 ! BOXTEXT in Baum FSEL 
LET FSBUT9&=10 ! BOXTEXT in Baum FSEL 
LET FSBUT10&=11 ! BOXTEXT in Baum FSEL 
LET FSBUT11&=12 ! BOXTEXT in Baum FSEL 
LET FSBUT12&=13 ! BOXTEXT in Baum FSEL 
LET FSBUT13&=14 ! BOXTEXT in Baum FSEL 
LET FSBUT14&=15 ! BOXTEXT in Baum FSEL 
LET FSBUT15&=16 ! BOXTEXT in Baum FSEL 
LET FSTXT1&=17 ! BOXTEXT in Baum FSEL 
LET FSTXT2&=18 ! BOXTEXT in Baum FSEL 
LET FSTXT3&=19 ! BOXTEXT in Baum FSEL 
LET FSTXT4&=20 ! BOXTEXT in Baum FSEL 
LET FSTXT5&=21 ! BOXTEXT in Baum FSEL 
LET FSTXT6&=22 ! BOXTEXT in Baum FSEL 
LET FSTXT7&=23 ! BOXTEXT in Baum FSEL 
LET FSTXT8&=24 ! BOXTEXT in Baum FSEL 
LET FSTXT9&=25 ! BOXTEXT in Baum FSEL 
LET FSTXT10&=26 ! BOXTEXT in Baum FSEL 
LET FSTXT11&=27 ! BOXTEXT in Baum FSEL 
LET FSTXT12&=28 ! BOXTEXT in Baum FSEL 
LET FSTXT13&=29 ! BOXTEXT in Baum FSEL 
LET FSTXT14&=30 ! BOXTEXT in Baum FSEL 
LET FSTXT15&=31 ! BOXTEXT in Baum FSEL 
LET FSSLIDE&=32 ! BOX in Baum FSEL 
LET FSSLDBUT&=33 ! BUTTON in Baum FSEL 
LET FSHELP&=34 ! BOXTEXT in Baum FSEL 
LET FSSLDUP&=36 ! USERDEF in Baum FSEL 
LET FSSLDDWN&=37 ! USERDEF in Baum FSEL 
LET NFSELTXT&=38 ! TEXT in Baum FSEL 
LET FSELBOX3&=39 ! BOX in Baum FSEL 
LET FSORDNER&=40 ! BUTTON in Baum FSEL 
LET FSOTXT&=41 ! BOXTEXT in Baum FSEL 
LET FSADD&=42 ! BUTTON in Baum FSEL 
LET FSNEW&=43 ! BUTTON in Baum FSEL 
LET FSELBOX4&=44 ! BOX in Baum FSEL 
LET FSPLAY&=45 ! USERDEF in Baum FSEL 
LET FSMATIC&=46 ! USERDEF in Baum FSEL 
LET FSINS&=47 ! USERDEF in Baum FSEL 
LET FSDEL&=48 ! USERDEF in Baum FSEL 
LET FSLOAD&=49 ! USERDEF in Baum FSEL 
LET FSSAVE&=50 ! USERDEF in Baum FSEL 
LET FSCLF&=51 ! USERDEF in Baum FSEL 
LET FSSTOP&=52 ! USERDEF in Baum FSEL 
LET FSWAIT&=53 ! USERDEF in Baum FSEL 
LET FSEND&=54 ! USERDEF in Baum FSEL 
LET FSTIME&=55 ! BOXTEXT in Baum FSEL 
LET FSLPLAY&=56 ! USERDEF in Baum FSEL 
LET FSOK&=57 ! BUTTON in Baum FSEL 
LET FSEXIT&=58 ! BUTTON in Baum FSEL 
LET TFSABC&=59 ! USERDEF in Baum FSEL 
LET TFSEARCH&=60 ! BUTTON in Baum FSEL 
