REM Resource Datei Indizes fÅr STARLOM2 
'LET MIXER&=0 ! Formular/Dialog
LET MIXBOX1&=0 ! BOX in Baum MIXER 
LET MIXBOX2&=1 ! BOX in Baum MIXER 
LET MIXFILE&=2 ! BOXTEXT in Baum MIXER 
LET MIXPEAK&=3 ! BOXTEXT in Baum MIXER 
LET MIXERR&=4 ! BOXTEXT in Baum MIXER 
LET MIXBX1&=5 ! BOX in Baum MIXER 
LET MIXVBOX1&=6 ! BOX in Baum MIXER 
LET MIXFADE1&=7 ! USERDEF in Baum MIXER 
LET MIXVOL1&=8 ! USERDEF in Baum MIXER 
LET MIXDB1&=9 ! BOX in Baum MIXER 
LET MIXVOLD1&=13 ! TEXT in Baum MIXER 
LET MIXVOLM1&=17 ! TEXT in Baum MIXER 
LET MIXVOLZ1&=25 ! IMAGE in Baum MIXER 
LET MIXVOLL1&=26 ! BOX in Baum MIXER 
LET MIXVOLR1&=27 ! BOX in Baum MIXER 
LET MIXPKL1&=28 ! BOX in Baum MIXER 
LET MIXPKR1&=29 ! BOX in Baum MIXER 
LET MIXVOLT1&=30 ! BOXTEXT in Baum MIXER 
LET MIXVOLN1&=31 ! BOXTEXT in Baum MIXER 
LET MXBALBX1&=32 ! BOX in Baum MIXER 
LET MIXBALL1&=33 ! TEXT in Baum MIXER 
LET MIXBALR1&=34 ! TEXT in Baum MIXER 
LET MIXBALM1&=35 ! TEXT in Baum MIXER 
LET MIXBAL1&=36 ! USERDEF in Baum MIXER 
LET MIXBALP1&=37 ! IMAGE in Baum MIXER 
LET MIXTIT1&=38 ! BOXTEXT in Baum MIXER 
LET MIXBALT1&=39 ! BOXTEXT in Baum MIXER 
LET MIXBALN1&=40 ! BOXTEXT in Baum MIXER 
LET MIXON1&=41 ! USERDEF in Baum MIXER 
LET MIXALL1&=42 ! USERDEF in Baum MIXER 
LET MIXMUTE1&=43 ! USERDEF in Baum MIXER 
LET MIXTXT1&=44 ! BOXTEXT in Baum MIXER 
LET MIXBYP1&=45 ! USERDEF in Baum MIXER 
LET MIXBX2&=47 ! BOX in Baum MIXER 
LET MIXVBOX2&=48 ! BOX in Baum MIXER 
LET MIXFADE2&=49 ! USERDEF in Baum MIXER 
LET MIXVOL2&=50 ! USERDEF in Baum MIXER 
LET MIXDB2&=51 ! BOX in Baum MIXER 
LET MIXVOLD2&=55 ! TEXT in Baum MIXER 
LET MIXVOLM2&=59 ! TEXT in Baum MIXER 
LET MIXVOLZ2&=67 ! IMAGE in Baum MIXER 
LET MIXVOLL2&=68 ! BOX in Baum MIXER 
LET MIXVOLR2&=69 ! BOX in Baum MIXER 
LET MIXPKL2&=70 ! BOX in Baum MIXER 
LET MIXPKR2&=71 ! BOX in Baum MIXER 
LET MIXVOLT2&=72 ! BOXTEXT in Baum MIXER 
LET MIXVOLN2&=73 ! BOXTEXT in Baum MIXER 
LET MXBALBX2&=74 ! BOX in Baum MIXER 
LET MIXBALL2&=75 ! TEXT in Baum MIXER 
LET MIXBALR2&=76 ! TEXT in Baum MIXER 
LET MIXBALM2&=77 ! TEXT in Baum MIXER 
LET MIXBAL2&=78 ! USERDEF in Baum MIXER 
LET MIXBALP2&=79 ! IMAGE in Baum MIXER 
LET MIXTIT2&=80 ! BOXTEXT in Baum MIXER 
LET MIXBALT2&=81 ! BOXTEXT in Baum MIXER 
LET MIXBALN2&=82 ! BOXTEXT in Baum MIXER 
LET MIXON2&=83 ! USERDEF in Baum MIXER 
LET MIXALL2&=84 ! USERDEF in Baum MIXER 
LET MIXMUTE2&=85 ! USERDEF in Baum MIXER 
LET MIXTXT2&=86 ! BOXTEXT in Baum MIXER 
LET MIXBYP2&=87 ! USERDEF in Baum MIXER 
LET MIXBX3&=88 ! BOX in Baum MIXER 
LET MIXVBOX3&=89 ! BOX in Baum MIXER 
LET MIXFADE3&=90 ! USERDEF in Baum MIXER 
LET MIXVOL3&=91 ! USERDEF in Baum MIXER 
LET MIXDB3&=92 ! BOX in Baum MIXER 
LET MIXVOLD3&=96 ! TEXT in Baum MIXER 
LET MIXVOLM3&=100 ! TEXT in Baum MIXER 
LET MIXVOLZ3&=108 ! IMAGE in Baum MIXER 
LET MIXVOLL3&=109 ! BOX in Baum MIXER 
LET MIXVOLR3&=110 ! BOX in Baum MIXER 
LET MIXPKL3&=111 ! BOX in Baum MIXER 
LET MIXPKR3&=112 ! BOX in Baum MIXER 
LET MIXVOLT3&=113 ! BOXTEXT in Baum MIXER 
LET MIXVOLN3&=114 ! BOXTEXT in Baum MIXER 
LET MXBALBX3&=115 ! BOX in Baum MIXER 
LET MIXBALL3&=116 ! TEXT in Baum MIXER 
LET MIXBALR3&=117 ! TEXT in Baum MIXER 
LET MIXBALM3&=118 ! TEXT in Baum MIXER 
LET MIXBAL3&=119 ! USERDEF in Baum MIXER 
LET MIXBALP3&=120 ! IMAGE in Baum MIXER 
LET MIXTIT3&=121 ! BOXTEXT in Baum MIXER 
LET MIXBALT3&=122 ! BOXTEXT in Baum MIXER 
LET MIXBALN3&=123 ! BOXTEXT in Baum MIXER 
LET MIXON3&=124 ! USERDEF in Baum MIXER 
LET MIXALL3&=125 ! USERDEF in Baum MIXER 
LET MIXMUTE3&=126 ! USERDEF in Baum MIXER 
LET MIXTXT3&=127 ! BOXTEXT in Baum MIXER 
LET MIXBYP3&=128 ! USERDEF in Baum MIXER 
LET MIXBX4&=129 ! BOX in Baum MIXER 
LET MIXVBOX4&=130 ! BOX in Baum MIXER 
LET MIXFADE4&=131 ! USERDEF in Baum MIXER 
LET MIXVOL4&=132 ! USERDEF in Baum MIXER 
LET MIXDB4&=133 ! BOX in Baum MIXER 
LET MIXVOLD4&=137 ! TEXT in Baum MIXER 
LET MIXVOLM4&=141 ! TEXT in Baum MIXER 
LET MIXVOLZ4&=149 ! IMAGE in Baum MIXER 
LET MIXVOLL4&=150 ! BOX in Baum MIXER 
LET MIXVOLR4&=151 ! BOX in Baum MIXER 
LET MIXPKL4&=152 ! BOX in Baum MIXER 
LET MIXPKR4&=153 ! BOX in Baum MIXER 
LET MIXVOLT4&=154 ! BOXTEXT in Baum MIXER 
LET MIXVOLN4&=155 ! BOXTEXT in Baum MIXER 
LET MXBALBX4&=156 ! BOX in Baum MIXER 
LET MIXBALL4&=157 ! TEXT in Baum MIXER 
LET MIXBALR4&=158 ! TEXT in Baum MIXER 
LET MIXBALM4&=159 ! TEXT in Baum MIXER 
LET MIXBAL4&=160 ! USERDEF in Baum MIXER 
LET MIXBALP4&=161 ! IMAGE in Baum MIXER 
LET MIXTIT4&=162 ! BOXTEXT in Baum MIXER 
LET MIXBALT4&=163 ! BOXTEXT in Baum MIXER 
LET MIXBALN4&=164 ! BOXTEXT in Baum MIXER 
LET MIXON4&=165 ! USERDEF in Baum MIXER 
LET MIXALL4&=166 ! USERDEF in Baum MIXER 
LET MIXMUTE4&=167 ! USERDEF in Baum MIXER 
LET MIXTXT4&=168 ! BOXTEXT in Baum MIXER 
LET MIXBYP4&=169 ! USERDEF in Baum MIXER 
LET MIXBX5&=170 ! BOX in Baum MIXER 
LET MIXVBOX5&=171 ! BOX in Baum MIXER 
LET MIXFADE5&=172 ! USERDEF in Baum MIXER 
LET MIXVOL5&=173 ! USERDEF in Baum MIXER 
LET MIXDB5&=174 ! BOX in Baum MIXER 
LET MIXVOLD5&=178 ! TEXT in Baum MIXER 
LET MIXVOLM5&=182 ! TEXT in Baum MIXER 
LET MIXVOLZ5&=190 ! IMAGE in Baum MIXER 
LET MIXVOLL5&=191 ! BOX in Baum MIXER 
LET MIXVOLR5&=192 ! BOX in Baum MIXER 
LET MIXPKL5&=193 ! BOX in Baum MIXER 
LET MIXPKR5&=194 ! BOX in Baum MIXER 
LET MIXVOLT5&=195 ! BOXTEXT in Baum MIXER 
LET MIXVOLN5&=196 ! BOXTEXT in Baum MIXER 
LET MXBALBX5&=197 ! BOX in Baum MIXER 
LET MIXBALL5&=198 ! TEXT in Baum MIXER 
LET MIXBALR5&=199 ! TEXT in Baum MIXER 
LET MIXBALM5&=200 ! TEXT in Baum MIXER 
LET MIXBAL5&=201 ! USERDEF in Baum MIXER 
LET MIXBALP5&=202 ! IMAGE in Baum MIXER 
LET MIXTIT5&=203 ! BOXTEXT in Baum MIXER 
LET MIXBALT5&=204 ! BOXTEXT in Baum MIXER 
LET MIXBALN5&=205 ! BOXTEXT in Baum MIXER 
LET MIXON5&=206 ! USERDEF in Baum MIXER 
LET MIXALL5&=207 ! USERDEF in Baum MIXER 
LET MIXMUTE5&=208 ! USERDEF in Baum MIXER 
LET MIXTXT5&=209 ! BOXTEXT in Baum MIXER 
LET MYXBYP5&=210 ! USERDEF in Baum MIXER 
LET MIXBX6&=211 ! BOX in Baum MIXER 
LET MIXVBOX6&=212 ! BOX in Baum MIXER 
LET MIXFADE6&=213 ! USERDEF in Baum MIXER 
LET MIXVOL6&=214 ! USERDEF in Baum MIXER 
LET MIXDB6&=215 ! BOX in Baum MIXER 
LET MIXVOLD6&=219 ! TEXT in Baum MIXER 
LET MIXVOLM6&=223 ! TEXT in Baum MIXER 
LET MIXVOLZ6&=231 ! IMAGE in Baum MIXER 
LET MIXVOLL6&=232 ! BOX in Baum MIXER 
LET MIXVOLR6&=233 ! BOX in Baum MIXER 
LET MIXPKL6&=234 ! BOX in Baum MIXER 
LET MIXPKR6&=235 ! BOX in Baum MIXER 
LET MIXVOLT6&=236 ! BOXTEXT in Baum MIXER 
LET MIXVOLN6&=237 ! BOXTEXT in Baum MIXER 
LET MXBALBX6&=238 ! BOX in Baum MIXER 
LET MIXBALL6&=239 ! TEXT in Baum MIXER 
LET MIXBALR6&=240 ! TEXT in Baum MIXER 
LET MIXBALM6&=241 ! TEXT in Baum MIXER 
LET MIXBAL6&=242 ! USERDEF in Baum MIXER 
LET MIXBALP6&=243 ! IMAGE in Baum MIXER 
LET MIXTIT6&=244 ! BOXTEXT in Baum MIXER 
LET MIXBALT6&=245 ! BOXTEXT in Baum MIXER 
LET MIXBALN6&=246 ! BOXTEXT in Baum MIXER 
LET MIXON6&=247 ! USERDEF in Baum MIXER 
LET MIXALL6&=248 ! USERDEF in Baum MIXER 
LET MIXMUTE6&=249 ! USERDEF in Baum MIXER 
LET MIXTXT6&=250 ! BOXTEXT in Baum MIXER 
LET MYXBYP6&=251 ! USERDEF in Baum MIXER 
LET MIXBX7&=252 ! BOX in Baum MIXER 
LET MIXVBOX7&=253 ! BOX in Baum MIXER 
LET MIXFADE7&=254 ! USERDEF in Baum MIXER 
LET MIXVOL7&=255 ! USERDEF in Baum MIXER 
LET MIXDB7&=256 ! BOX in Baum MIXER 
LET MIXVOLD7&=260 ! TEXT in Baum MIXER 
LET MIXVOLM7&=264 ! TEXT in Baum MIXER 
LET MIXVOLZ7&=272 ! IMAGE in Baum MIXER 
LET MIXVOLL7&=273 ! BOX in Baum MIXER 
LET MIXVOLR7&=274 ! BOX in Baum MIXER 
LET MIXPKL7&=275 ! BOX in Baum MIXER 
LET MIXPKR7&=276 ! BOX in Baum MIXER 
LET MIXVOLT7&=277 ! BOXTEXT in Baum MIXER 
LET MIXVOLN7&=278 ! BOXTEXT in Baum MIXER 
LET MXBALBX7&=279 ! BOX in Baum MIXER 
LET MIXBALL7&=280 ! TEXT in Baum MIXER 
LET MIXBALR7&=281 ! TEXT in Baum MIXER 
LET MIXBALM7&=282 ! TEXT in Baum MIXER 
LET MIXBAL7&=283 ! USERDEF in Baum MIXER 
LET MIXBALP7&=284 ! IMAGE in Baum MIXER 
LET MIXTIT7&=285 ! BOXTEXT in Baum MIXER 
LET MIXBALT7&=286 ! BOXTEXT in Baum MIXER 
LET MIXBALN7&=287 ! BOXTEXT in Baum MIXER 
LET MIXON7&=288 ! USERDEF in Baum MIXER 
LET MIXALL7&=289 ! USERDEF in Baum MIXER 
LET MIXMUTE7&=290 ! USERDEF in Baum MIXER 
LET MIXTXT7&=291 ! BOXTEXT in Baum MIXER 
LET MIXBYP7&=292 ! USERDEF in Baum MIXER 
LET MIXBX8&=293 ! BOX in Baum MIXER 
LET MIXVBOX8&=294 ! BOX in Baum MIXER 
LET MIXFADE8&=295 ! USERDEF in Baum MIXER 
LET MIXVOL8&=296 ! USERDEF in Baum MIXER 
LET MIXDB8&=297 ! BOX in Baum MIXER 
LET MIXVOLD8&=301 ! TEXT in Baum MIXER 
LET MIXVOLM8&=305 ! TEXT in Baum MIXER 
LET MIXVOLZ8&=313 ! IMAGE in Baum MIXER 
LET MIXVOLL8&=314 ! BOX in Baum MIXER 
LET MIXVOLR8&=315 ! BOX in Baum MIXER 
LET MIXPKL8&=316 ! BOX in Baum MIXER 
LET MIXPKR8&=317 ! BOX in Baum MIXER 
LET MIXVOLT8&=318 ! BOXTEXT in Baum MIXER 
LET MIXVOLN8&=319 ! BOXTEXT in Baum MIXER 
LET MXBALBX8&=320 ! BOX in Baum MIXER 
LET MIXBALL8&=321 ! TEXT in Baum MIXER 
LET MIXBALR8&=322 ! TEXT in Baum MIXER 
LET MIXBALM8&=323 ! TEXT in Baum MIXER 
LET MIXBAL8&=324 ! USERDEF in Baum MIXER 
LET MIXBALP8&=325 ! IMAGE in Baum MIXER 
LET MIXTIT8&=326 ! BOXTEXT in Baum MIXER 
LET MIXBALT8&=327 ! BOXTEXT in Baum MIXER 
LET MIXBALN8&=328 ! BOXTEXT in Baum MIXER 
LET MIXON8&=329 ! USERDEF in Baum MIXER 
LET MIXALL8&=330 ! USERDEF in Baum MIXER 
LET MIXMUTE8&=331 ! USERDEF in Baum MIXER 
LET MIXTXT8&=332 ! BOXTEXT in Baum MIXER 
LET MIXBYP8&=333 ! USERDEF in Baum MIXER 
LET MIXBOX3&=334 ! BOX in Baum MIXER 
LET MIXLOAD&=335 ! USERDEF in Baum MIXER 
LET MIXSAVE&=336 ! USERDEF in Baum MIXER 
LET MIXHELP&=337 ! BOXTEXT in Baum MIXER 
LET DSICON&=338 ! USERDEF in Baum MIXER 
LET MIXAREC&=339 ! USERDEF in Baum MIXER 
LET MIXREC&=340 ! USERDEF in Baum MIXER 
LET MIXSTOP&=341 ! USERDEF in Baum MIXER 
LET MIXPLAY&=342 ! USERDEF in Baum MIXER 
LET MIXWAIT&=343 ! USERDEF in Baum MIXER 
LET MIXEXIT&=344 ! BUTTON in Baum MIXER 
LET MIXMAX&=345 ! BOXTEXT in Baum MIXER 
LET MIXMAXT&=346 ! TEXT in Baum MIXER 
LET MIXACT&=347 ! BOXTEXT in Baum MIXER 
LET MIXACTT&=348 ! TEXT in Baum MIXER 
LET MPKHSLID&=349 ! BOX in Baum MIXER 
LET MPKHBUT&=350 ! BUTTON in Baum MIXER 
LET MPKHL&=351 ! USERDEF in Baum MIXER 
LET MPKHR&=352 ! USERDEF in Baum MIXER 
LET MIXBXM&=353 ! BOX in Baum MIXER 
LET MIXVBOXM&=354 ! BOX in Baum MIXER 
LET MIXFADEM&=355 ! USERDEF in Baum MIXER 
LET MIXVOLM&=356 ! USERDEF in Baum MIXER 
LET MIXDBM&=357 ! BOX in Baum MIXER 
LET MIXVOLDM&=361 ! TEXT in Baum MIXER 
LET MIXVOLMM&=365 ! TEXT in Baum MIXER 
LET MIXVOLZM&=373 ! IMAGE in Baum MIXER 
LET MIXVOLLM&=374 ! BOX in Baum MIXER 
LET MIXVOLRM&=375 ! BOX in Baum MIXER 
LET MIXPKLM&=376 ! BOX in Baum MIXER 
LET MIXPKRM&=377 ! BOX in Baum MIXER 
LET MIXVOLTM&=378 ! BOXTEXT in Baum MIXER 
LET MIXVOLNM&=379 ! BOXTEXT in Baum MIXER 
LET MXBALBXM&=380 ! BOX in Baum MIXER 
LET MIXBALLM&=381 ! TEXT in Baum MIXER 
LET MIXBALRM&=382 ! TEXT in Baum MIXER 
LET MIXBALMM&=383 ! TEXT in Baum MIXER 
LET MIXBALM&=384 ! USERDEF in Baum MIXER 
LET MIXBALPM&=385 ! IMAGE in Baum MIXER 
LET MIXTITM&=386 ! BOXTEXT in Baum MIXER 
LET MIXBALTM&=387 ! BOXTEXT in Baum MIXER 
LET MIXBALNM&=388 ! BOXTEXT in Baum MIXER 
LET MIXONM&=389 ! USERDEF in Baum MIXER 
LET MIXALLM&=390 ! USERDEF in Baum MIXER 
LET MIXMUTEM&=391 ! USERDEF in Baum MIXER 
LET MIXTXTM&=392 ! BOXTEXT in Baum MIXER 
LET MIXBYPM&=393 ! USERDEF in Baum MIXER 
