REM Resource Datei Indizes fÅr STARMONO 
'LET INFO&=0 ! Formular/Dialog
LET INFOBOX&=0 ! BOX in Baum INFO 
LET INFOEXIT&=1 ! BUTTON in Baum INFO 
LET HELPINFO&=2 ! BOXTEXT in Baum INFO 
LET CPYRDRV&=4 ! TEXT in Baum INFO 
LET CPYRIGHT&=5 ! TEXT in Baum INFO 
LET INFOBILD&=11 ! USERDEF in Baum INFO 
LET SWELOGO&=18 ! USERDEF in Baum INFO 
LET INFOREG0&=19 ! TEXT in Baum INFO 
LET INFOREG1&=20 ! TEXT in Baum INFO 
LET INFOREG2&=21 ! TEXT in Baum INFO 
LET INFOREG3&=22 ! TEXT in Baum INFO 
LET INFOREG4&=23 ! TEXT in Baum INFO 
LET INFOHARD&=24 ! TEXT in Baum INFO 
'LET PEAK&=1 ! Formular/Dialog
LET PEAKBOX&=0 ! BOX in Baum PEAK 
LET PEAKTL&=1 ! TEXT in Baum PEAK 
LET PEAKTR&=2 ! TEXT in Baum PEAK 
LET PLMAX&=3 ! BUTTON in Baum PEAK 
LET PRMAX&=4 ! BUTTON in Baum PEAK 
LET PEAKBOX2&=5 ! BOX in Baum PEAK 
LET PMDB2&=6 ! TEXT in Baum PEAK 
LET PMDB3&=7 ! TEXT in Baum PEAK 
LET PMDB4&=8 ! TEXT in Baum PEAK 
LET PMDB5&=9 ! TEXT in Baum PEAK 
LET PMDB6&=10 ! TEXT in Baum PEAK 
LET PMDB7&=11 ! TEXT in Baum PEAK 
LET PMDB8&=12 ! TEXT in Baum PEAK 
LET PMDB9&=13 ! TEXT in Baum PEAK 
LET PMDB10&=14 ! TEXT in Baum PEAK 
LET PMDB1&=15 ! TEXT in Baum PEAK 
LET PEAKL&=16 ! USERDEF in Baum PEAK 
LET PEAKR&=17 ! USERDEF in Baum PEAK 
LET PMOVER&=18 ! TEXT in Baum PEAK 
LET PEAKNAME&=19 ! BOXTEXT in Baum PEAK 
LET PKMBOX&=20 ! BOX in Baum PEAK 
LET VOLBOX&=21 ! BOX in Baum PEAK 
LET VOLFADER&=22 ! ICON in Baum PEAK 
LET VOLUME&=23 ! USERDEF in Baum PEAK 
LET SMPAUTOP&=25 ! USERDEF in Baum PEAK 
LET SMPSTRTP&=26 ! USERDEF in Baum PEAK 
LET PLAYPEAK&=27 ! USERDEF in Baum PEAK 
LET RECERROR&=28 ! BOXTEXT in Baum PEAK 
LET BALBOX&=30 ! BOXTEXT in Baum PEAK 
LET BALANCE&=32 ! USERDEF in Baum PEAK 
LET RECPEAKS&=34 ! BOXTEXT in Baum PEAK 
LET PEAKDB&=36 ! BOXTEXT in Baum PEAK 
LET PEAKBAL&=37 ! BOXTEXT in Baum PEAK 
LET BALANCEM&=55 ! TEXT in Baum PEAK 
LET HARDPEAK&=56 ! USERDEF in Baum PEAK 
LET PLAYSTOP&=57 ! USERDEF in Baum PEAK 
LET PEAKWAIT&=58 ! USERDEF in Baum PEAK 
LET VOLZERO&=59 ! TEXT in Baum PEAK 
LET VOLINOUT&=60 ! USERDEF in Baum PEAK 
LET PEAKCH1&=61 ! BOXTEXT in Baum PEAK 
LET PEAKCH4&=62 ! BOXTEXT in Baum PEAK 
LET PEAKCH2&=63 ! BOXTEXT in Baum PEAK 
LET PEAKCH3&=64 ! BOXTEXT in Baum PEAK 
LET LPHOLD&=65 ! USERDEF in Baum PEAK 
LET PHLDSLID&=66 ! BOX in Baum PEAK 
LET PHOLDBUT&=67 ! BUTTON in Baum PEAK 
LET RPHOLD&=68 ! USERDEF in Baum PEAK 
LET PKMBOX2&=69 ! BOX in Baum PEAK 
LET PEAKPOS&=70 ! BOXTEXT in Baum PEAK 
LET PEAKMAX&=71 ! BOXTEXT in Baum PEAK 
LET PEAKMAXT&=72 ! TEXT in Baum PEAK 
LET PEAKPOST&=73 ! TEXT in Baum PEAK 
LET PEAKMUTE&=74 ! USERDEF in Baum PEAK 
LET BALZERO&=75 ! USERDEF in Baum PEAK 
LET PEAKHELP&=76 ! BOXTEXT in Baum PEAK 
LET PEAKEXIT&=77 ! BUTTON in Baum PEAK 
'LET BLKFUNC&=2 ! Formular/Dialog
LET BLKBOX&=0 ! BOX in Baum BLKFUNC 
LET CUTIN&=1 ! USERDEF in Baum BLKFUNC 
LET CUTOUT&=2 ! USERDEF in Baum BLKFUNC 
LET BLKEXIT&=3 ! BUTTON in Baum BLKFUNC 
LET BLKHELP&=5 ! BOXTEXT in Baum BLKFUNC 
LET CUTDEL&=6 ! USERDEF in Baum BLKFUNC 
LET NORM&=10 ! USERDEF in Baum BLKFUNC 
LET RESMP&=11 ! USERDEF in Baum BLKFUNC 
LET MONO&=12 ! USERDEF in Baum BLKFUNC 
LET CONMIX&=13 ! USERDEF in Baum BLKFUNC 
LET CONINS&=14 ! USERDEF in Baum BLKFUNC 
LET CONSPACE&=15 ! USERDEF in Baum BLKFUNC 
LET NEGATE&=23 ! USERDEF in Baum BLKFUNC 
LET LRCHANGE&=25 ! USERDEF in Baum BLKFUNC 
LET CONV24&=31 ! USERDEF in Baum BLKFUNC 
LET CONV16&=32 ! USERDEF in Baum BLKFUNC 
LET SERNR&=35 ! TEXT in Baum BLKFUNC 
'LET CUELIST&=3 ! Formular/Dialog
LET CUEBOX&=0 ! BOX in Baum CUELIST 
LET CUEBOX2&=1 ! BOX in Baum CUELIST 
LET CUEX1&=2 ! BOXTEXT in Baum CUELIST 
LET CUEX2&=3 ! BOXTEXT in Baum CUELIST 
LET CUEX3&=4 ! BOXTEXT in Baum CUELIST 
LET CUEX4&=5 ! BOXTEXT in Baum CUELIST 
LET CUEX5&=6 ! BOXTEXT in Baum CUELIST 
LET CUEX6&=7 ! BOXTEXT in Baum CUELIST 
LET CUEX7&=8 ! BOXTEXT in Baum CUELIST 
LET CUEX8&=9 ! BOXTEXT in Baum CUELIST 
LET CUEX9&=10 ! BOXTEXT in Baum CUELIST 
LET CUEX10&=11 ! BOXTEXT in Baum CUELIST 
LET CUENR1&=12 ! BOXTEXT in Baum CUELIST 
LET CUENR2&=13 ! BOXTEXT in Baum CUELIST 
LET CUENR3&=14 ! BOXTEXT in Baum CUELIST 
LET CUENR4&=15 ! BOXTEXT in Baum CUELIST 
LET CUENR5&=16 ! BOXTEXT in Baum CUELIST 
LET CUENR6&=17 ! BOXTEXT in Baum CUELIST 
LET CUENR7&=18 ! BOXTEXT in Baum CUELIST 
LET CUENR8&=19 ! BOXTEXT in Baum CUELIST 
LET CUENR9&=20 ! BOXTEXT in Baum CUELIST 
LET CUENR10&=21 ! BOXTEXT in Baum CUELIST 
LET CUET1&=22 ! BOXTEXT in Baum CUELIST 
LET CUET2&=23 ! BOXTEXT in Baum CUELIST 
LET CUET3&=24 ! BOXTEXT in Baum CUELIST 
LET CUET4&=25 ! BOXTEXT in Baum CUELIST 
LET CUET5&=26 ! BOXTEXT in Baum CUELIST 
LET CUET6&=27 ! BOXTEXT in Baum CUELIST 
LET CUET7&=28 ! BOXTEXT in Baum CUELIST 
LET CUET8&=29 ! BOXTEXT in Baum CUELIST 
LET CUET9&=30 ! BOXTEXT in Baum CUELIST 
LET CUET10&=31 ! BOXTEXT in Baum CUELIST 
LET CUES1&=32 ! BOXTEXT in Baum CUELIST 
LET CUES2&=33 ! BOXTEXT in Baum CUELIST 
LET CUES3&=34 ! BOXTEXT in Baum CUELIST 
LET CUES4&=35 ! BOXTEXT in Baum CUELIST 
LET CUES5&=36 ! BOXTEXT in Baum CUELIST 
LET CUES6&=37 ! BOXTEXT in Baum CUELIST 
LET CUES7&=38 ! BOXTEXT in Baum CUELIST 
LET CUES8&=39 ! BOXTEXT in Baum CUELIST 
LET CUES9&=40 ! BOXTEXT in Baum CUELIST 
LET CUES10&=41 ! BOXTEXT in Baum CUELIST 
LET CUEE1&=42 ! BOXTEXT in Baum CUELIST 
LET CUEE2&=43 ! BOXTEXT in Baum CUELIST 
LET CUEE3&=44 ! BOXTEXT in Baum CUELIST 
LET CUEE4&=45 ! BOXTEXT in Baum CUELIST 
LET CUEE5&=46 ! BOXTEXT in Baum CUELIST 
LET CUEE6&=47 ! BOXTEXT in Baum CUELIST 
LET CUEE7&=48 ! BOXTEXT in Baum CUELIST 
LET CUEE8&=49 ! BOXTEXT in Baum CUELIST 
LET CUEE9&=50 ! BOXTEXT in Baum CUELIST 
LET CUEE10&=51 ! BOXTEXT in Baum CUELIST 
LET CUEL1&=52 ! BOXTEXT in Baum CUELIST 
LET CUEL2&=53 ! BOXTEXT in Baum CUELIST 
LET CUEL3&=54 ! BOXTEXT in Baum CUELIST 
LET CUEL4&=55 ! BOXTEXT in Baum CUELIST 
LET CUEL5&=56 ! BOXTEXT in Baum CUELIST 
LET CUEL6&=57 ! BOXTEXT in Baum CUELIST 
LET CUEL7&=58 ! BOXTEXT in Baum CUELIST 
LET CUEL8&=59 ! BOXTEXT in Baum CUELIST 
LET CUEL9&=60 ! BOXTEXT in Baum CUELIST 
LET CUEL10&=61 ! BOXTEXT in Baum CUELIST 
LET CUESLIDE&=62 ! BOX in Baum CUELIST 
LET CUESLBUT&=63 ! BUTTON in Baum CUELIST 
LET CUEOK&=64 ! BUTTON in Baum CUELIST 
LET CUEHELP&=65 ! BOXTEXT in Baum CUELIST 
LET CUELINK&=66 ! BUTTON in Baum CUELIST 
LET CUEADD&=67 ! BUTTON in Baum CUELIST 
LET CUEINS&=68 ! BUTTON in Baum CUELIST 
LET CUELOAD&=69 ! USERDEF in Baum CUELIST 
LET CUESAVE&=70 ! USERDEF in Baum CUELIST 
LET CUEKILL&=71 ! USERDEF in Baum CUELIST 
LET CUESLUP&=72 ! USERDEF in Baum CUELIST 
LET CUESLDWN&=73 ! USERDEF in Baum CUELIST 
LET CUEDEL&=74 ! BUTTON in Baum CUELIST 
LET CUEPLAY&=78 ! USERDEF in Baum CUELIST 
LET CUESTOP&=79 ! USERDEF in Baum CUELIST 
LET CUESIZE&=80 ! BOXTEXT in Baum CUELIST 
LET CUEWAIT&=81 ! USERDEF in Baum CUELIST 
LET CUEPOS&=83 ! BOXTEXT in Baum CUELIST 
LET CUECHNGE&=88 ! BUTTON in Baum CUELIST 
LET CUEMIX&=89 ! USERDEF in Baum CUELIST 
LET CUECD&=91 ! USERDEF in Baum CUELIST 
'LET VIRTUAL&=4 ! Formular/Dialog
LET VIRTBOX&=0 ! BOX in Baum VIRTUAL 
LET VIRTHELP&=2 ! BOXTEXT in Baum VIRTUAL 
LET VIRTBLOC&=4 ! BUTTON in Baum VIRTUAL 
LET VIRTOK&=5 ! BUTTON in Baum VIRTUAL 
LET VIRTBOX3&=6 ! BOX in Baum VIRTUAL 
LET VBLKSTRT&=7 ! FTEXT in Baum VIRTUAL 
LET VSECONDS&=8 ! BUTTON in Baum VIRTUAL 
LET VSAMPLES&=9 ! BUTTON in Baum VIRTUAL 
LET VBLKMLEN&=10 ! BOXTEXT in Baum VIRTUAL 
LET VBLKVLEN&=12 ! BOXTEXT in Baum VIRTUAL 
LET VSLIDER&=13 ! BOX in Baum VIRTUAL 
LET VSLBUT&=14 ! BUTTON in Baum VIRTUAL 
LET VIRTBOX2&=15 ! BOX in Baum VIRTUAL 
LET VIRTWORK&=16 ! BUTTON in Baum VIRTUAL 
LET VIRTDIR&=17 ! BUTTON in Baum VIRTUAL 
LET VRSLIDE&=18 ! USERDEF in Baum VIRTUAL 
LET VLSLIDE&=19 ! USERDEF in Baum VIRTUAL 
LET VIRTNO&=21 ! BUTTON in Baum VIRTUAL 
LET VIRTPLAY&=22 ! USERDEF in Baum VIRTUAL 
LET VIRTSTOP&=24 ! USERDEF in Baum VIRTUAL 
'LET RECORD&=5 ! Formular/Dialog
LET RECBOX&=0 ! BOX in Baum RECORD 
LET RECFREE&=1 ! BOXTEXT in Baum RECORD 
LET RECOK&=2 ! BUTTON in Baum RECORD 
LET RECEXIT&=3 ! BUTTON in Baum RECORD 
LET TIMEMELD&=4 ! TEXT in Baum RECORD 
LET RECHELP&=5 ! BOXTEXT in Baum RECORD 
LET TIMETXT&=9 ! FTEXT in Baum RECORD 
LET TINPUL1&=12 ! USERDEF in Baum RECORD 
LET TINPUL2&=14 ! USERDEF in Baum RECORD 
LET TINPUL3&=15 ! USERDEF in Baum RECORD 
LET TINPUL4&=16 ! USERDEF in Baum RECORD 
LET TINPUH1&=17 ! USERDEF in Baum RECORD 
LET TINPUH2&=18 ! USERDEF in Baum RECORD 
LET TINPUH3&=19 ! USERDEF in Baum RECORD 
LET TINPUH4&=20 ! USERDEF in Baum RECORD 
LET TINPDH1&=21 ! USERDEF in Baum RECORD 
LET TINPDH2&=22 ! USERDEF in Baum RECORD 
LET TINPDH3&=23 ! USERDEF in Baum RECORD 
LET TINPDH4&=24 ! USERDEF in Baum RECORD 
LET TINPDL1&=25 ! USERDEF in Baum RECORD 
LET TINPDL2&=26 ! USERDEF in Baum RECORD 
LET TINPDL3&=27 ! USERDEF in Baum RECORD 
LET TINPDL4&=28 ! USERDEF in Baum RECORD 
LET RECTI1&=31 ! BOX in Baum RECORD 
LET RECTI2&=32 ! BOX in Baum RECORD 
LET RECTI3&=33 ! BOX in Baum RECORD 
LET RECTI4&=34 ! BOX in Baum RECORD 
LET TINMIN&=35 ! BUTTON in Baum RECORD 
LET TINMAX&=36 ! BUTTON in Baum RECORD 
'LET SAVEBLOC&=6 ! Formular/Dialog
LET SAVEBOX&=0 ! BOX in Baum SAVEBLOC 
LET SAVALL&=1 ! USERDEF in Baum SAVEBLOC 
LET SAVBLOCK&=2 ! USERDEF in Baum SAVEBLOC 
LET SAVEXIT&=3 ! BUTTON in Baum SAVEBLOC 
LET SAVETXT&=4 ! TEXT in Baum SAVEBLOC 
LET SAVEHELP&=5 ! BOXTEXT in Baum SAVEBLOC 
'LET ABACKUP&=7 ! Formular/Dialog
LET ABACKBOX&=0 ! BOX in Baum ABACKUP 
LET ABACKTXT&=1 ! BOXTEXT in Baum ABACKUP 
LET ABACKOK&=2 ! BUTTON in Baum ABACKUP 
LET ABACKEX&=3 ! BUTTON in Baum ABACKUP 
LET ABACKHLP&=5 ! BOXTEXT in Baum ABACKUP 
LET ABACKR1&=8 ! USERDEF in Baum ABACKUP 
LET ABACKR2&=9 ! USERDEF in Baum ABACKUP 
LET ABACKL1&=10 ! USERDEF in Baum ABACKUP 
LET ABACKL2&=11 ! USERDEF in Baum ABACKUP 
LET ABACKBO2&=12 ! BOX in Baum ABACKUP 
LET ABACK&=13 ! BUTTON in Baum ABACKUP 
LET ABACKNAM&=14 ! BUTTON in Baum ABACKUP 
'LET MIDIEDIT&=8 ! Formular/Dialog
LET MIDIBOX&=0 ! BOX in Baum MIDIEDIT 
LET NOTETXT&=1 ! BOXTEXT in Baum MIDIEDIT 
LET CHTXT&=3 ! BOXTEXT in Baum MIDIEDIT 
LET MIDIOK&=5 ! BUTTON in Baum MIDIEDIT 
LET HELPMIDI&=6 ! BOXTEXT in Baum MIDIEDIT 
LET MIDINUP&=9 ! USERDEF in Baum MIDIEDIT 
LET MIDIOUP&=10 ! USERDEF in Baum MIDIEDIT 
LET MIDINDWN&=11 ! USERDEF in Baum MIDIEDIT 
LET MIDIODWN&=12 ! USERDEF in Baum MIDIEDIT 
LET MIDICUP&=13 ! USERDEF in Baum MIDIEDIT 
LET MIDICDWN&=14 ! USERDEF in Baum MIDIEDIT 
'LET NORMALIZ&=9 ! Formular/Dialog
LET NORMBOX&=0 ! BOX in Baum NORMALIZ 
LET NORMOK&=2 ! BUTTON in Baum NORMALIZ 
LET NORMEXIT&=3 ! BUTTON in Baum NORMALIZ 
LET MAXDB&=4 ! BOXTEXT in Baum NORMALIZ 
LET NORMBOX2&=6 ! BOX in Baum NORMALIZ 
LET NORMAUTO&=7 ! BUTTON in Baum NORMALIZ 
LET NORMADJ&=8 ! BUTTON in Baum NORMALIZ 
LET HELPNORM&=9 ! BOXTEXT in Baum NORMALIZ 
LET NORMDB&=11 ! BOXTEXT in Baum NORMALIZ 
LET NORMSHAD&=13 ! BOX in Baum NORMALIZ 
LET NORMBOX3&=14 ! BOX in Baum NORMALIZ 
LET NORML1&=15 ! USERDEF in Baum NORMALIZ 
LET NORML2&=16 ! USERDEF in Baum NORMALIZ 
LET NORML3&=17 ! USERDEF in Baum NORMALIZ 
LET NORMR1&=18 ! USERDEF in Baum NORMALIZ 
LET NORMR2&=19 ! USERDEF in Baum NORMALIZ 
LET NORMR3&=20 ! USERDEF in Baum NORMALIZ 
'LET RESAMPLE&=10 ! Formular/Dialog
LET RESMPBOX&=0 ! BOX in Baum RESAMPLE 
LET RSMPTXT1&=2 ! TEXT in Baum RESAMPLE 
LET RESMPBX2&=3 ! BOX in Baum RESAMPLE 
LET RESTXT&=4 ! FBOXTEXT in Baum RESAMPLE 
LET RESMPSEL&=7 ! BOXTEXT in Baum RESAMPLE 
LET RESMPIRC&=8 ! BOXCHAR in Baum RESAMPLE 
LET RESMPSEC&=10 ! BOXTEXT in Baum RESAMPLE 
LET RESMPLEN&=11 ! BOXTEXT in Baum RESAMPLE 
LET RESMPFAC&=12 ! BOXTEXT in Baum RESAMPLE 
LET RESMPBX3&=13 ! BOX in Baum RESAMPLE 
LET RESOTHER&=14 ! FBOXTEXT in Baum RESAMPLE 
LET RSMPTXT2&=15 ! TEXT in Baum RESAMPLE 
LET RESL3&=16 ! USERDEF in Baum RESAMPLE 
LET RESL2&=17 ! USERDEF in Baum RESAMPLE 
LET RESL1&=18 ! USERDEF in Baum RESAMPLE 
LET RESR1&=19 ! USERDEF in Baum RESAMPLE 
LET RESR2&=20 ! USERDEF in Baum RESAMPLE 
LET RESR3&=21 ! USERDEF in Baum RESAMPLE 
LET ADJRESMP&=22 ! BUTTON in Baum RESAMPLE 
LET HELPRSMP&=23 ! BOXTEXT in Baum RESAMPLE 
LET RESEXIT&=24 ! BUTTON in Baum RESAMPLE 
LET RESOK&=25 ! BUTTON in Baum RESAMPLE 
'LET MRKFIND&=11 ! Formular/Dialog
LET MRKFBOX&=0 ! BOX in Baum MRKFIND 
LET MRKFEX&=2 ! BUTTON in Baum MRKFIND 
LET MRKFHELP&=3 ! BOXTEXT in Baum MRKFIND 
LET MRKFOK&=4 ! BUTTON in Baum MRKFIND 
LET MRKFBOX2&=6 ! BOX in Baum MRKFIND 
LET MRKFTIMS&=7 ! BOXTEXT in Baum MRKFIND 
LET MRKFTIME&=8 ! BOXTEXT in Baum MRKFIND 
LET MRKFDOWN&=9 ! USERDEF in Baum MRKFIND 
LET MRKFSLID&=10 ! BOX in Baum MRKFIND 
LET MRKFBUT&=11 ! BUTTON in Baum MRKFIND 
LET MRKFUP&=12 ! USERDEF in Baum MRKFIND 
LET MRKFNR&=13 ! BOXTEXT in Baum MRKFIND 
LET MRKFTIMI&=14 ! BOXTEXT in Baum MRKFIND 
LET MRKFTIMR&=15 ! BOXTEXT in Baum MRKFIND 
LET MRKFTXT&=16 ! BOXTEXT in Baum MRKFIND 
LET MRKFBOX3&=17 ! BOX in Baum MRKFIND 
LET MRKFBUTS&=18 ! USERDEF in Baum MRKFIND 
LET MRKFBUTE&=19 ! USERDEF in Baum MRKFIND 
LET MRKFBUTI&=20 ! USERDEF in Baum MRKFIND 
LET MRKFBUTR&=21 ! USERDEF in Baum MRKFIND 
'LET DISKED&=12 ! Formular/Dialog
LET DSKEDBOX&=0 ! BOX in Baum DISKED 
LET DSKEDEX&=1 ! BUTTON in Baum DISKED 
LET DSKEDHLP&=2 ! BOXTEXT in Baum DISKED 
LET DSKEDBX4&=4 ! BOX in Baum DISKED 
LET DSKEDBX2&=5 ! BOX in Baum DISKED 
LET DSKEDIT&=6 ! FTEXT in Baum DISKED 
LET DSKREN&=8 ! USERDEF in Baum DISKED 
LET DSKOPIE&=9 ! USERDEF in Baum DISKED 
LET DSKEDBX3&=10 ! BOX in Baum DISKED 
LET DSKEDTXT&=11 ! BOXTEXT in Baum DISKED 
LET DSKILL&=13 ! USERDEF in Baum DISKED 
'LET XFADE&=13 ! Formular/Dialog
LET XFADEBOX&=0 ! BOX in Baum XFADE 
LET XFADEXIT&=1 ! BUTTON in Baum XFADE 
LET XFADEHLP&=2 ! BOXTEXT in Baum XFADE 
LET XFADEBX2&=4 ! BOX in Baum XFADE 
LET XFADENO&=5 ! USERDEF in Baum XFADE 
LET XFADEUP&=6 ! USERDEF in Baum XFADE 
LET XFADCROS&=7 ! USERDEF in Baum XFADE 
LET XFADEDWN&=8 ! USERDEF in Baum XFADE 
LET XFADEBX3&=9 ! BOX in Baum XFADE 
'LET PARTSEL&=14 ! Formular/Dialog
LET PARTBOX&=0 ! BOX in Baum PARTSEL 
LET PARTC&=2 ! BUTTON in Baum PARTSEL 
LET PART6&=31 ! BUTTON in Baum PARTSEL 
LET PARTFSC&=32 ! BOXTEXT in Baum PARTSEL 
LET PARTFS6&=61 ! BOXTEXT in Baum PARTSEL 
LET PARTIC&=62 ! USERDEF in Baum PARTSEL 
LET PARTTC&=92 ! TEXT in Baum PARTSEL 
LET PARTACT&=122 ! BUTTON in Baum PARTSEL 
LET PARTHELP&=123 ! BOXTEXT in Baum PARTSEL 
LET PARTLD&=124 ! BUTTON in Baum PARTSEL 
LET PARTSAV&=125 ! BUTTON in Baum PARTSEL 
LET PARTEXIT&=126 ! BUTTON in Baum PARTSEL 
LET PARTOK&=127 ! BUTTON in Baum PARTSEL 
LET PARTACHK&=128 ! BUTTON in Baum PARTSEL 
LET PARTCHK&=129 ! BUTTON in Baum PARTSEL 
LET PARTUTIL&=130 ! BUTTON in Baum PARTSEL 
'LET CLOCKS&=15 ! Formular/Dialog
LET CLKBOX&=0 ! BOX in Baum CLOCKS 
LET CLOCKEX&=2 ! BUTTON in Baum CLOCKS 
LET CLOCKHLP&=3 ! BOXTEXT in Baum CLOCKS 
LET CLOCKOK&=4 ! BUTTON in Baum CLOCKS 
LET CLKBOX2&=6 ! BOX in Baum CLOCKS 
LET CLOCK1&=7 ! BOXTEXT in Baum CLOCKS 
LET CLOCK2&=8 ! BOXTEXT in Baum CLOCKS 
LET CLKDOWN&=9 ! USERDEF in Baum CLOCKS 
LET CLKSLID&=10 ! BOX in Baum CLOCKS 
LET CLKBUT&=11 ! BUTTON in Baum CLOCKS 
LET CLKUP&=12 ! USERDEF in Baum CLOCKS 
LET CLOCK3&=13 ! BOXTEXT in Baum CLOCKS 
LET CLOCK4&=14 ! BOXTEXT in Baum CLOCKS 
LET CLOCK5&=15 ! BOXTEXT in Baum CLOCKS 
LET CLOCKM&=16 ! BOXTEXT in Baum CLOCKS 
