REM Resource Datei Indizes fÅr STARHIM1 
'LET SMPEDIT&=0 ! Formular/Dialog
LET EDITBOX7&=0 ! BOX in Baum SMPEDIT 
LET EDITBOX&=1 ! BOX in Baum SMPEDIT 
LET CSMINTEX&=3 ! TEXT in Baum SMPEDIT 
LET CEMAXTEX&=4 ! TEXT in Baum SMPEDIT 
LET ZOMSLIDE&=16 ! BOX in Baum SMPEDIT 
LET ZOOMBUTT&=17 ! BUTTON in Baum SMPEDIT 
LET ZOOML&=18 ! USERDEF in Baum SMPEDIT 
LET ZOOMR&=19 ! USERDEF in Baum SMPEDIT 
LET PIXZOOM&=20 ! USERDEF in Baum SMPEDIT 
LET EDITBOX5&=21 ! BOX in Baum SMPEDIT 
LET SMPANF&=22 ! USERDEF in Baum SMPEDIT 
LET SMPR1&=23 ! USERDEF in Baum SMPEDIT 
LET SMPL1&=24 ! USERDEF in Baum SMPEDIT 
LET SMPL2&=25 ! USERDEF in Baum SMPEDIT 
LET SMPR2&=26 ! USERDEF in Baum SMPEDIT 
LET SMPL3&=27 ! USERDEF in Baum SMPEDIT 
LET SMPMID&=28 ! USERDEF in Baum SMPEDIT 
LET SMPEND&=29 ! USERDEF in Baum SMPEDIT 
LET SMPR3&=30 ! USERDEF in Baum SMPEDIT 
LET MOVER&=32 ! BOXTEXT in Baum SMPEDIT 
LET MOVECIRC&=33 ! BOXCHAR in Baum SMPEDIT 
LET EDITBOX3&=34 ! BOX in Baum SMPEDIT 
LET EDMTIMS&=35 ! BOXTEXT in Baum SMPEDIT 
LET EDMTIME&=36 ! BOXTEXT in Baum SMPEDIT 
LET EDMDOWN&=37 ! USERDEF in Baum SMPEDIT 
LET EDMSLIDE&=38 ! BOX in Baum SMPEDIT 
LET EDMBUT&=39 ! BUTTON in Baum SMPEDIT 
LET EDMUP&=40 ! USERDEF in Baum SMPEDIT 
LET EDMNR&=41 ! BOXTEXT in Baum SMPEDIT 
LET EDMTIMI&=42 ! BOXTEXT in Baum SMPEDIT 
LET EDMTIMR&=43 ! BOXTEXT in Baum SMPEDIT 
LET EDMTXT&=44 ! BOXTEXT in Baum SMPEDIT 
LET EDMBOX&=45 ! BOX in Baum SMPEDIT 
LET EDMBUTS&=46 ! USERDEF in Baum SMPEDIT 
LET EDMBUTE&=47 ! USERDEF in Baum SMPEDIT 
LET EDMBUTI&=48 ! USERDEF in Baum SMPEDIT 
LET EDMBUTR&=49 ! USERDEF in Baum SMPEDIT 
LET CSTXT&=50 ! BOXTEXT in Baum SMPEDIT 
LET CETXT&=51 ! BOXTEXT in Baum SMPEDIT 
LET RESOLU&=52 ! BOXTEXT in Baum SMPEDIT 
LET RESOLIRC&=53 ! BOXCHAR in Baum SMPEDIT 
LET RATE&=55 ! BOXTEXT in Baum SMPEDIT 
LET RATECIRC&=56 ! BOXCHAR in Baum SMPEDIT 
LET EDITIME&=57 ! BOXTEXT in Baum SMPEDIT 
LET RECPLAY3&=58 ! USERDEF in Baum SMPEDIT 
LET HARD&=59 ! USERDEF in Baum SMPEDIT 
LET SMPAUTO2&=60 ! USERDEF in Baum SMPEDIT 
LET SMPSTRT2&=61 ! USERDEF in Baum SMPEDIT 
LET SMPPLAY&=62 ! USERDEF in Baum SMPEDIT 
LET SMPSTOP&=63 ! USERDEF in Baum SMPEDIT 
LET SMPWAIT&=64 ! USERDEF in Baum SMPEDIT 
LET SMPSEC&=66 ! BOXTEXT in Baum SMPEDIT 
LET SMPFILE&=67 ! BOXTEXT in Baum SMPEDIT 
LET CLOCK&=68 ! BOXTEXT in Baum SMPEDIT 
LET SHOWXY&=69 ! BOXTEXT in Baum SMPEDIT 
LET PNTPRSMP&=70 ! BOXTEXT in Baum SMPEDIT 
LET FREEMEM&=71 ! BOXTEXT in Baum SMPEDIT 
LET SMPRATE&=72 ! BOXTEXT in Baum SMPEDIT 
LET SMPNAME&=73 ! BOXTEXT in Baum SMPEDIT 
LET SMPLEN&=74 ! BOXTEXT in Baum SMPEDIT 
LET FLYER&=75 ! USERDEF in Baum SMPEDIT 
LET TRASH&=76 ! USERDEF in Baum SMPEDIT 
LET EDITBOX6&=77 ! BOX in Baum SMPEDIT 
LET SMPPMARK&=78 ! USERDEF in Baum SMPEDIT 
LET MIDI&=79 ! USERDEF in Baum SMPEDIT 
LET MINTEXT&=80 ! BOXTEXT in Baum SMPEDIT 
LET SMPLOOP&=81 ! USERDEF in Baum SMPEDIT 
LET SMPCBLK&=82 ! USERDEF in Baum SMPEDIT 
LET SMPEDHLP&=83 ! BOXTEXT in Baum SMPEDIT 
LET SMPEXIT&=84 ! BUTTON in Baum SMPEDIT 
LET EDITBOX2&=85 ! BOX in Baum SMPEDIT 
LET EDFADE&=86 ! USERDEF in Baum SMPEDIT 
LET EDMIDI&=87 ! USERDEF in Baum SMPEDIT 
LET PEAKSW2&=88 ! USERDEF in Baum SMPEDIT 
LET DISK&=89 ! USERDEF in Baum SMPEDIT 
LET LOOPART&=90 ! USERDEF in Baum SMPEDIT 
LET BLOCFUNC&=91 ! USERDEF in Baum SMPEDIT 
LET ARRANGE&=92 ! USERDEF in Baum SMPEDIT 
LET SMPLOAD&=93 ! USERDEF in Baum SMPEDIT 
LET SMPSAVE&=94 ! USERDEF in Baum SMPEDIT 
LET INFOICON&=95 ! USERDEF in Baum SMPEDIT 
LET WMODES&=96 ! USERDEF in Baum SMPEDIT 
LET TRAK&=97 ! USERDEF in Baum SMPEDIT 
LET EDSMP16&=98 ! USERDEF in Baum SMPEDIT 
LET SWDSP&=99 ! USERDEF in Baum SMPEDIT 
LET SMPDBANK&=100 ! USERDEF in Baum SMPEDIT 
LET SETUPER&=101 ! USERDEF in Baum SMPEDIT 
LET SCRUBS&=102 ! USERDEF in Baum SMPEDIT 
LET SWMARK&=103 ! USERDEF in Baum SMPEDIT 
LET SWBLK&=104 ! USERDEF in Baum SMPEDIT 
LET SWSEARCH&=105 ! USERDEF in Baum SMPEDIT 
LET SWYZOOM&=106 ! USERDEF in Baum SMPEDIT 
LET SWCLICK&=107 ! USERDEF in Baum SMPEDIT 
LET SWDRAW&=108 ! USERDEF in Baum SMPEDIT 
LET EDPART&=109 ! USERDEF in Baum SMPEDIT 
LET EDCUE&=110 ! USERDEF in Baum SMPEDIT 
LET CURVBOX&=111 ! BOX in Baum SMPEDIT 
LET EDITBOX4&=112 ! BOX in Baum SMPEDIT 
LET EDITBOX8&=113 ! BOX in Baum SMPEDIT 
LET SMPTXR&=114 ! TEXT in Baum SMPEDIT 
LET SMPTXL&=115 ! TEXT in Baum SMPEDIT 
LET RM80&=116 ! BOXTEXT in Baum SMPEDIT 
LET RP0&=117 ! BOXTEXT in Baum SMPEDIT 
LET RP80&=118 ! BOXTEXT in Baum SMPEDIT 
LET RP60&=119 ! BOXTEXT in Baum SMPEDIT 
LET RP40&=120 ! BOXTEXT in Baum SMPEDIT 
LET RM60&=121 ! BOXTEXT in Baum SMPEDIT 
LET RM40&=122 ! BOXTEXT in Baum SMPEDIT 
LET LP80&=123 ! BOXTEXT in Baum SMPEDIT 
LET LM80&=124 ! BOXTEXT in Baum SMPEDIT 
LET LP40&=125 ! BOXTEXT in Baum SMPEDIT 
LET LP60&=126 ! BOXTEXT in Baum SMPEDIT 
LET LM60&=127 ! BOXTEXT in Baum SMPEDIT 
LET LM40&=128 ! BOXTEXT in Baum SMPEDIT 
LET LM20&=129 ! BOXTEXT in Baum SMPEDIT 
LET LP0&=130 ! BOXTEXT in Baum SMPEDIT 
LET RP20&=131 ! BOXTEXT in Baum SMPEDIT 
LET RM20&=132 ! BOXTEXT in Baum SMPEDIT 
LET LP20&=133 ! BOXTEXT in Baum SMPEDIT 
LET SCRLSLDE&=134 ! BOX in Baum SMPEDIT 
LET SCROLBUT&=135 ! BUTTON in Baum SMPEDIT 
LET LSCROLL&=136 ! USERDEF in Baum SMPEDIT 
LET RSCROLL&=137 ! USERDEF in Baum SMPEDIT 
LET LR100&=138 ! BOXTEXT in Baum SMPEDIT 
LET BLKFILE&=145 ! TEXT in Baum SMPEDIT 
LET BLKFILEL&=146 ! BOX in Baum SMPEDIT 
LET BLKFILER&=147 ! BOX in Baum SMPEDIT 
'LET ARRANGER&=1 ! Formular/Dialog
LET ARRBOX&=0 ! BOX in Baum ARRANGER 
LET ARRBOX2&=1 ! BOX in Baum ARRANGER 
LET HLPEDIT2&=2 ! USERDEF in Baum ARRANGER 
LET ARRLOAD&=3 ! USERDEF in Baum ARRANGER 
LET ARRSAVE&=4 ! USERDEF in Baum ARRANGER 
LET ARRMIDI&=5 ! USERDEF in Baum ARRANGER 
LET ARRINS&=6 ! USERDEF in Baum ARRANGER 
LET ARRDEL&=7 ! USERDEF in Baum ARRANGER 
LET SMPAUTO3&=9 ! USERDEF in Baum ARRANGER 
LET SMPSTRT3&=10 ! USERDEF in Baum ARRANGER 
LET PAUSE&=11 ! USERDEF in Baum ARRANGER 
LET REWIND&=12 ! USERDEF in Baum ARRANGER 
LET RECPLAY&=13 ! USERDEF in Baum ARRANGER 
LET SMPPLAY2&=14 ! USERDEF in Baum ARRANGER 
LET SMPRPLAY&=15 ! USERDEF in Baum ARRANGER 
LET FORWARD&=16 ! USERDEF in Baum ARRANGER 
LET ARRSTRT&=17 ! USERDEF in Baum ARRANGER 
LET ARREND&=18 ! USERDEF in Baum ARRANGER 
LET STOP&=19 ! USERDEF in Baum ARRANGER 
LET ARRBOX4&=20 ! BOX in Baum ARRANGER 
LET PLAYLEN&=21 ! BOXTEXT in Baum ARRANGER 
LET ARREAL&=22 ! USERDEF in Baum ARRANGER 
LET ARRBLK&=23 ! USERDEF in Baum ARRANGER 
LET ARRBOX3&=24 ! BOX in Baum ARRANGER 
LET ARRM1&=26 ! USERDEF in Baum ARRANGER 
LET ARRM2&=27 ! USERDEF in Baum ARRANGER 
LET ARRM3&=28 ! USERDEF in Baum ARRANGER 
LET ARRM4&=29 ! USERDEF in Baum ARRANGER 
LET ARRTRI1&=33 ! BUTTON in Baum ARRANGER 
LET ARRTRI2&=34 ! BUTTON in Baum ARRANGER 
LET ARRTRI3&=35 ! BUTTON in Baum ARRANGER 
LET ARRTRI4&=36 ! BUTTON in Baum ARRANGER 
LET ARRLOOP1&=39 ! USERDEF in Baum ARRANGER 
LET ARRLOOP2&=40 ! USERDEF in Baum ARRANGER 
LET ARRLOOP3&=41 ! USERDEF in Baum ARRANGER 
LET ARRLOOP4&=42 ! USERDEF in Baum ARRANGER 
LET ARRDEL1&=49 ! USERDEF in Baum ARRANGER 
LET ARRDEL2&=50 ! USERDEF in Baum ARRANGER 
LET ARRDEL3&=51 ! USERDEF in Baum ARRANGER 
LET ARRDEL4&=52 ! USERDEF in Baum ARRANGER 
LET HARDSTRT&=53 ! USERDEF in Baum ARRANGER 
LET HARDEND&=54 ! USERDEF in Baum ARRANGER 
LET ARRPLAY1&=57 ! USERDEF in Baum ARRANGER 
LET ARRPLAY2&=58 ! USERDEF in Baum ARRANGER 
LET ARRPLAY3&=59 ! USERDEF in Baum ARRANGER 
LET ARRPLAY4&=60 ! USERDEF in Baum ARRANGER 
LET SPUR1&=61 ! BOXTEXT in Baum ARRANGER 
LET SPUR2&=62 ! BOXTEXT in Baum ARRANGER 
LET SPUR3&=63 ! BOXTEXT in Baum ARRANGER 
LET SPUR4&=64 ! BOXTEXT in Baum ARRANGER 
LET ARRSMPR1&=65 ! BOXTEXT in Baum ARRANGER 
LET ARRSMPR2&=66 ! BOXTEXT in Baum ARRANGER 
LET ARRSMPR3&=67 ! BOXTEXT in Baum ARRANGER 
LET ARRSMPR4&=68 ! BOXTEXT in Baum ARRANGER 
LET ARRCH1&=69 ! BOXTEXT in Baum ARRANGER 
LET ARRCH2&=70 ! BOXTEXT in Baum ARRANGER 
LET ARRCH3&=71 ! BOXTEXT in Baum ARRANGER 
LET ARRCH4&=72 ! BOXTEXT in Baum ARRANGER 
LET ARRNOTE1&=73 ! BOXTEXT in Baum ARRANGER 
LET ARRNOTE2&=74 ! BOXTEXT in Baum ARRANGER 
LET ARRNOTE3&=75 ! BOXTEXT in Baum ARRANGER 
LET ARRNOTE4&=76 ! BOXTEXT in Baum ARRANGER 
LET HARDST1&=77 ! BOXTEXT in Baum ARRANGER 
LET HARDST2&=78 ! BOXTEXT in Baum ARRANGER 
LET HARDST3&=79 ! BOXTEXT in Baum ARRANGER 
LET HARDST4&=80 ! BOXTEXT in Baum ARRANGER 
LET HARDE1&=81 ! BOXTEXT in Baum ARRANGER 
LET HARDE2&=82 ! BOXTEXT in Baum ARRANGER 
LET HARDE3&=83 ! BOXTEXT in Baum ARRANGER 
LET HARDE4&=84 ! BOXTEXT in Baum ARRANGER 
LET HARDLEN1&=85 ! BOXTEXT in Baum ARRANGER 
LET HARDLEN2&=86 ! BOXTEXT in Baum ARRANGER 
LET HARDLEN3&=87 ! BOXTEXT in Baum ARRANGER 
LET HARDLEN4&=88 ! BOXTEXT in Baum ARRANGER 
LET ARRMEM1&=89 ! BOXTEXT in Baum ARRANGER 
LET ARRMEM2&=90 ! BOXTEXT in Baum ARRANGER 
LET ARRMEM3&=91 ! BOXTEXT in Baum ARRANGER 
LET ARRMEM4&=92 ! BOXTEXT in Baum ARRANGER 
LET ARRNR1&=93 ! BOXTEXT in Baum ARRANGER 
LET ARRNR2&=94 ! BOXTEXT in Baum ARRANGER 
LET ARRNR3&=95 ! BOXTEXT in Baum ARRANGER 
LET ARRNR4&=96 ! BOXTEXT in Baum ARRANGER 
LET ARRSLIDE&=97 ! BOX in Baum ARRANGER 
LET ARRSLBUT&=98 ! BUTTON in Baum ARRANGER 
LET ARREXIT&=99 ! BUTTON in Baum ARRANGER 
LET ARRHELP&=100 ! BOXTEXT in Baum ARRANGER 
LET ARRCLIP&=101 ! USERDEF in Baum ARRANGER 
LET ARRPRINT&=102 ! USERDEF in Baum ARRANGER 
LET KLAVIER&=103 ! USERDEF in Baum ARRANGER 
LET SLIDEUP&=104 ! USERDEF in Baum ARRANGER 
LET SLIDEDWN&=105 ! USERDEF in Baum ARRANGER 
LET PLAYNAME&=106 ! BOXTEXT in Baum ARRANGER 
LET ARRTRASH&=107 ! USERDEF in Baum ARRANGER 
'LET TRAKKER&=2 ! Formular/Dialog
LET TRAKBOX&=0 ! BOX in Baum TRAKKER 
LET TRTFILEL&=8 ! BOX in Baum TRAKKER 
LET TRTFILE&=9 ! TEXT in Baum TRAKKER 
LET TRTFILER&=10 ! BOX in Baum TRAKKER 
LET TRAKBOX3&=11 ! BOX in Baum TRAKKER 
LET HLPEDIT3&=12 ! USERDEF in Baum TRAKKER 
LET HRDMERG2&=13 ! USERDEF in Baum TRAKKER 
LET TRAKLOAD&=14 ! USERDEF in Baum TRAKKER 
LET TRAKPLAY&=15 ! USERDEF in Baum TRAKKER 
LET TRAKDEL&=16 ! USERDEF in Baum TRAKKER 
LET TRAKSALL&=17 ! USERDEF in Baum TRAKKER 
LET TRAKLALL&=18 ! USERDEF in Baum TRAKKER 
LET KILLTRAK&=19 ! USERDEF in Baum TRAKKER 
LET TRAKCLIP&=20 ! USERDEF in Baum TRAKKER 
LET TBLKSEL&=21 ! USERDEF in Baum TRAKKER 
LET TBLKMOVE&=22 ! USERDEF in Baum TRAKKER 
LET TBLKCOPY&=23 ! USERDEF in Baum TRAKKER 
LET TBLKDRAG&=24 ! USERDEF in Baum TRAKKER 
LET TBLKEDIT&=25 ! USERDEF in Baum TRAKKER 
LET TBLKSNAP&=26 ! USERDEF in Baum TRAKKER 
LET TBLKVOL&=27 ! USERDEF in Baum TRAKKER 
LET TBLKCUT&=28 ! USERDEF in Baum TRAKKER 
LET TRKCD&=29 ! USERDEF in Baum TRAKKER 
LET TRAKEDBX&=30 ! BOX in Baum TRAKKER 
LET TRAKBOX2&=31 ! BOX in Baum TRAKKER 
LET TRAKBOX5&=32 ! BOX in Baum TRAKKER 
LET TRKBX1&=33 ! BOX in Baum TRAKKER 
LET TRKLEVO1&=34 ! USERDEF in Baum TRAKKER 
LET TRKLEVT1&=35 ! BOXTEXT in Baum TRAKKER 
LET TRAKK1&=36 ! BOXTEXT in Baum TRAKKER 
LET TRKTXT1&=37 ! BOXTEXT in Baum TRAKKER 
LET TRKACT1&=38 ! USERDEF in Baum TRAKKER 
LET TRKSOLO1&=39 ! USERDEF in Baum TRAKKER 
LET TRKMUTE1&=40 ! USERDEF in Baum TRAKKER 
LET PANTXT1&=41 ! BOXTEXT in Baum TRAKKER 
LET PANL1&=42 ! USERDEF in Baum TRAKKER 
LET PANR1&=43 ! USERDEF in Baum TRAKKER 
LET TRKLEVU1&=44 ! USERDEF in Baum TRAKKER 
LET TRKBX2&=45 ! BOX in Baum TRAKKER 
LET TRKLEVO2&=46 ! USERDEF in Baum TRAKKER 
LET TRKLEVT2&=47 ! BOXTEXT in Baum TRAKKER 
LET TRAKK2&=48 ! BOXTEXT in Baum TRAKKER 
LET TRKTXT2&=49 ! BOXTEXT in Baum TRAKKER 
LET TRKACT2&=50 ! USERDEF in Baum TRAKKER 
LET TRKSOLO2&=51 ! USERDEF in Baum TRAKKER 
LET TRKMUTE2&=52 ! USERDEF in Baum TRAKKER 
LET PANTXT2&=53 ! BOXTEXT in Baum TRAKKER 
LET PANL2&=54 ! USERDEF in Baum TRAKKER 
LET PANR2&=55 ! USERDEF in Baum TRAKKER 
LET TRKLEVU2&=56 ! USERDEF in Baum TRAKKER 
LET TRKBX4&=57 ! BOX in Baum TRAKKER 
LET TRKLEVO4&=58 ! USERDEF in Baum TRAKKER 
LET TRKLEVT4&=59 ! BOXTEXT in Baum TRAKKER 
LET TRAKK4&=60 ! BOXTEXT in Baum TRAKKER 
LET TRKTXT4&=61 ! BOXTEXT in Baum TRAKKER 
LET TRKACT4&=62 ! USERDEF in Baum TRAKKER 
LET TRKSOLO4&=63 ! USERDEF in Baum TRAKKER 
LET TRKMUTE4&=64 ! USERDEF in Baum TRAKKER 
LET PANTXT4&=65 ! BOXTEXT in Baum TRAKKER 
LET PANL4&=66 ! USERDEF in Baum TRAKKER 
LET PANR4&=67 ! USERDEF in Baum TRAKKER 
LET TRKLEVU4&=68 ! USERDEF in Baum TRAKKER 
LET TRKBX3&=69 ! BOX in Baum TRAKKER 
LET TRKLEVO3&=70 ! USERDEF in Baum TRAKKER 
LET TRKLEVT3&=71 ! BOXTEXT in Baum TRAKKER 
LET TRAKK3&=72 ! BOXTEXT in Baum TRAKKER 
LET TRKTXT3&=73 ! BOXTEXT in Baum TRAKKER 
LET TRKACT3&=74 ! USERDEF in Baum TRAKKER 
LET TRKSOLO3&=75 ! USERDEF in Baum TRAKKER 
LET TRKMUTE3&=76 ! USERDEF in Baum TRAKKER 
LET PANTXT3&=77 ! BOXTEXT in Baum TRAKKER 
LET PANL3&=78 ! USERDEF in Baum TRAKKER 
LET PANR3&=79 ! USERDEF in Baum TRAKKER 
LET TRKLEVU3&=80 ! USERDEF in Baum TRAKKER 
LET TRAKSLID&=81 ! BOX in Baum TRAKKER 
LET TRAKXBUT&=82 ! BUTTON in Baum TRAKKER 
LET TRAKXL&=83 ! USERDEF in Baum TRAKKER 
LET TIMELINE&=84 ! BOXTEXT in Baum TRAKKER 
LET TRKSLOT&=85 ! BOXTEXT in Baum TRAKKER 
LET TRKTITXT&=86 ! TEXT in Baum TRAKKER 
LET SPURSLID&=87 ! BOX in Baum TRAKKER 
LET SPURYBUT&=88 ! BUTTON in Baum TRAKKER 
LET ZOOMXR&=89 ! USERDEF in Baum TRAKKER 
LET ZOOMSLID&=90 ! BOX in Baum TRAKKER 
LET ZOOMXBUT&=91 ! BUTTON in Baum TRAKKER 
LET ZOOMXL&=92 ! USERDEF in Baum TRAKKER 
LET TIMELIN2&=93 ! BOXTEXT in Baum TRAKKER 
LET TRKSLOT2&=94 ! BOXTEXT in Baum TRAKKER 
LET TRAKXR&=95 ! USERDEF in Baum TRAKKER 
LET SPURO&=96 ! USERDEF in Baum TRAKKER 
LET SPURU&=97 ! USERDEF in Baum TRAKKER 
LET TRAKBXW&=98 ! BOX in Baum TRAKKER 
LET TRAKSTRT&=103 ! BOXTEXT in Baum TRAKKER 
LET TRAKEND&=104 ! BOXTEXT in Baum TRAKKER 
LET TRAKDUR&=105 ! BOXTEXT in Baum TRAKKER 
LET TRAKLEN&=106 ! BOXTEXT in Baum TRAKKER 
LET STRTL&=107 ! USERDEF in Baum TRAKKER 
LET STRTR&=108 ! USERDEF in Baum TRAKKER 
LET LEND&=109 ! USERDEF in Baum TRAKKER 
LET REND&=110 ! USERDEF in Baum TRAKKER 
LET TRKSMPTE&=114 ! BOXTEXT in Baum TRAKKER 
LET TRKSIZE&=115 ! BOXTEXT in Baum TRAKKER 
LET TPSTRT&=116 ! BOXTEXT in Baum TRAKKER 
LET TPEND&=117 ! BOXTEXT in Baum TRAKKER 
LET LTIME&=118 ! USERDEF in Baum TRAKKER 
LET RTIME&=119 ! USERDEF in Baum TRAKKER 
LET TPSL&=120 ! USERDEF in Baum TRAKKER 
LET TPSR&=121 ! USERDEF in Baum TRAKKER 
LET TPEL&=122 ! USERDEF in Baum TRAKKER 
LET TPER&=123 ! USERDEF in Baum TRAKKER 
LET TRKBLK&=124 ! USERDEF in Baum TRAKKER 
LET TRKCOPY&=125 ! USERDEF in Baum TRAKKER 
LET TRKDEL&=126 ! USERDEF in Baum TRAKKER 
LET TBLKPLAY&=129 ! USERDEF in Baum TRAKKER 
LET TNAMCOM&=132 ! USERDEF in Baum TRAKKER 
LET CURVE&=133 ! USERDEF in Baum TRAKKER 
LET TRKSOLO&=134 ! USERDEF in Baum TRAKKER 
LET TRAKINFO&=135 ! BOXTEXT in Baum TRAKKER 
LET TRAKBOX4&=136 ! BOX in Baum TRAKKER 
LET TRAKTIME&=137 ! BOXTEXT in Baum TRAKKER 
LET TRAKNAME&=138 ! BOXTEXT in Baum TRAKKER 
LET TRKERR&=139 ! BOXTEXT in Baum TRAKKER 
LET PAUSE2&=141 ! USERDEF in Baum TRAKKER 
LET REWIND2&=142 ! USERDEF in Baum TRAKKER 
LET STOP2&=143 ! USERDEF in Baum TRAKKER 
LET RECPLAY2&=144 ! USERDEF in Baum TRAKKER 
LET SMPPLAY3&=145 ! USERDEF in Baum TRAKKER 
LET SMPRPLA2&=146 ! USERDEF in Baum TRAKKER 
LET FORWARD2&=147 ! USERDEF in Baum TRAKKER 
LET TRAKANF&=148 ! USERDEF in Baum TRAKKER 
LET TRAKFULL&=149 ! USERDEF in Baum TRAKKER 
LET SMPSTRT4&=150 ! USERDEF in Baum TRAKKER 
LET SMPAUTO4&=151 ! USERDEF in Baum TRAKKER 
LET TRKLVOL&=154 ! BOX in Baum TRAKKER 
LET TRKRVOL&=155 ! BOX in Baum TRAKKER 
LET TRKLMAX&=156 ! BOX in Baum TRAKKER 
LET TRKRMAX&=157 ! BOX in Baum TRAKKER 
LET TRKVBOX&=158 ! BOXTEXT in Baum TRAKKER 
LET TRKVOL&=160 ! USERDEF in Baum TRAKKER 
LET TRAKBOX6&=162 ! BOX in Baum TRAKKER 
LET TRK4&=163 ! BOXTEXT in Baum TRAKKER 
LET TRK8&=164 ! BOXTEXT in Baum TRAKKER 
LET TRK12&=165 ! BOXTEXT in Baum TRAKKER 
LET TRK16&=166 ! BOXTEXT in Baum TRAKKER 
LET TRKMON&=169 ! BOXTEXT in Baum TRAKKER 
LET TRAKHELP&=171 ! BOXTEXT in Baum TRAKKER 
LET TRAKEXIT&=172 ! BUTTON in Baum TRAKKER 
'LET FSEL&=3 ! Formular/Dialog
LET FSELBOX&=0 ! BOX in Baum FSEL 
LET FSELBOX2&=1 ! BOX in Baum FSEL 
LET FSBUT1&=2 ! BOXTEXT in Baum FSEL 
LET FSBUT2&=3 ! BOXTEXT in Baum FSEL 
LET FSBUT3&=4 ! BOXTEXT in Baum FSEL 
LET FSBUT4&=5 ! BOXTEXT in Baum FSEL 
LET FSBUT5&=6 ! BOXTEXT in Baum FSEL 
LET FSBUT6&=7 ! BOXTEXT in Baum FSEL 
LET FSBUT7&=8 ! BOXTEXT in Baum FSEL 
LET FSBUT8&=9 ! BOXTEXT in Baum FSEL 
LET FSBUT9&=10 ! BOXTEXT in Baum FSEL 
LET FSBUT10&=11 ! BOXTEXT in Baum FSEL 
LET FSBUT11&=12 ! BOXTEXT in Baum FSEL 
LET FSBUT12&=13 ! BOXTEXT in Baum FSEL 
LET FSBUT13&=14 ! BOXTEXT in Baum FSEL 
LET FSBUT14&=15 ! BOXTEXT in Baum FSEL 
LET FSBUT15&=16 ! BOXTEXT in Baum FSEL 
LET FSTXT1&=17 ! BOXTEXT in Baum FSEL 
LET FSTXT2&=18 ! BOXTEXT in Baum FSEL 
LET FSTXT3&=19 ! BOXTEXT in Baum FSEL 
LET FSTXT4&=20 ! BOXTEXT in Baum FSEL 
LET FSTXT5&=21 ! BOXTEXT in Baum FSEL 
LET FSTXT6&=22 ! BOXTEXT in Baum FSEL 
LET FSTXT7&=23 ! BOXTEXT in Baum FSEL 
LET FSTXT8&=24 ! BOXTEXT in Baum FSEL 
LET FSTXT9&=25 ! BOXTEXT in Baum FSEL 
LET FSTXT10&=26 ! BOXTEXT in Baum FSEL 
LET FSTXT11&=27 ! BOXTEXT in Baum FSEL 
LET FSTXT12&=28 ! BOXTEXT in Baum FSEL 
LET FSTXT13&=29 ! BOXTEXT in Baum FSEL 
LET FSTXT14&=30 ! BOXTEXT in Baum FSEL 
LET FSTXT15&=31 ! BOXTEXT in Baum FSEL 
LET FSSLIDE&=32 ! BOX in Baum FSEL 
LET FSSLDBUT&=33 ! BUTTON in Baum FSEL 
LET FSHELP&=34 ! BOXTEXT in Baum FSEL 
LET FSSLDUP&=36 ! USERDEF in Baum FSEL 
LET FSSLDDWN&=37 ! USERDEF in Baum FSEL 
LET NFSELTXT&=38 ! TEXT in Baum FSEL 
LET FSELBOX4&=39 ! BOX in Baum FSEL 
LET FSOK&=40 ! BUTTON in Baum FSEL 
LET FSPLAY&=41 ! USERDEF in Baum FSEL 
LET FSEXIT&=42 ! BUTTON in Baum FSEL 
LET FSMATIC&=43 ! USERDEF in Baum FSEL 
LET FSINS&=44 ! USERDEF in Baum FSEL 
LET FSDEL&=45 ! USERDEF in Baum FSEL 
LET FSLOAD&=46 ! USERDEF in Baum FSEL 
LET FSSAVE&=47 ! USERDEF in Baum FSEL 
LET FSCLF&=48 ! USERDEF in Baum FSEL 
LET FSSTOP&=49 ! USERDEF in Baum FSEL 
LET FSWAIT&=50 ! USERDEF in Baum FSEL 
LET FSEND&=51 ! USERDEF in Baum FSEL 
LET FSTIME&=52 ! BOXTEXT in Baum FSEL 
LET FSLPLAY&=53 ! USERDEF in Baum FSEL 
LET TFSABC&=54 ! USERDEF in Baum FSEL 
LET TFSEARCH&=55 ! BUTTON in Baum FSEL 
LET FSELBOX3&=56 ! BOX in Baum FSEL 
LET FSORDNER&=57 ! BUTTON in Baum FSEL 
LET FSOTXT&=58 ! BOXTEXT in Baum FSEL 
LET FSADD&=59 ! BUTTON in Baum FSEL 
LET FSNEW&=60 ! BUTTON in Baum FSEL 
