> FUNCTION get_wtxt(wdnr,f)
LOCAL i,j,b,wzu%
~@xrsrc_gaddr(0,wdnr,wzu%)
fndwtxt=FALSE
i=wzu%
REPEAT
  INC i
  a=PEEK(i)
  a2=PEEK(i+1)
  a3=PEEK(i+2)
  a4=PEEK(i+3)
  IF a=88 AND a2=88 AND a3=76 AND a4=48+f THEN
    fndwtxt=TRUE
  ENDIF
UNTIL i=wzu%+100000 OR fndwtxt=TRUE
IF fndwtxt=TRUE THEN
  fndwtxt=FALSE
  j=i
  i=wzu%
  REPEAT
    i=i+4
    b=LPEEK(i)
    IF b=j THEN
      fndwtxt=TRUE
    ENDIF
  UNTIL i=wzu%+100000 OR fndwtxt=TRUE
ENDIF
IF fndwtxt=TRUE THEN
  fndwtxt=i-wzu%
ENDIF
RETURN fndwtxt
ENDFUNC
'
