m$=MKI$(0)+MKI$(0)+MKI$(1)+MKI$(0)+MKI$(1)
FOR i=1 TO 16
  m$=m$+MKI$(65535)
NEXT i
mausdata:
DATA &X0000000000000000
DATA &X0000000000000000
DATA &X0000000000000000
DATA &X0000000000000000
DATA &X0000000000000000
DATA &X0000000000000000
DATA &X0000000000000000
DATA &X0000000000000000
DATA &X0000000000000000
DATA &X0000000000000000
DATA &X0000000000000000
DATA &X0000000000000000
DATA &X0000000000000000
DATA &X0000000000000000
DATA &X0000000000000000
DATA &X0000000000000000
RESTORE mausdata
FOR i=1 TO 16
  READ a
  m$=m$+MKI$(a)
NEXT i
DEFMOUSE m$
REPEAT
UNTIL MOUSEK
