     Design Name:  dsp1
 Targeted Device:  ispLSI1016-60LT44

Pre-Route Design Statistics
---------------------------

Number of GLBs:                 15
Number of I/Os:                 21
Number of Nets:                 69

Number of Free Inputs:          0
Number of Free Outputs:         0
Number of Free Three-States:    0
Number of Free Bidi's:          0

Number of Locked Input IOCs:    10
Number of Locked DIs:           1
Number of Locked Outputs:       10
Number of Locked Three-States:  0
Number of Locked Bidi's:        0

Number of CRIT Outputs:         0
Number of Global OEs:           0
Number of External Clocks:      1


GLB Utilization (Out of 16):	93%
I/O Utilization (Out of 36):	58%
Net Utilization (Out of 100):	69%


Nets with Fanout of  1:         54
Nets with Fanout of  2:         7
Nets with Fanout of  3:         5
Nets with Fanout of  4:         3

Average Fanout per Net:         1.38


GLBs with  4 Input(s):          9
GLBs with  5 Input(s):          2
GLBs with  7 Input(s):          1
GLBs with  9 Input(s):          1
GLBs with 11 Input(s):          1
GLBs with 13 Input(s):          1

Average Inputs per GLB:         5.73


GLBs with  4 Output(s):         15

Average Outputs per GLB:        4.00


--  No. of GLBs after successful routing : 16

****  Elapsed Time :  00:00:00

