CLS
misli=0
DIM midislide(15)
REPEAT
  @midislide
  ~GRAF_MKSTATE(v,v2,v3,v4)
UNTIL y=TRUE OR raus=TRUE OR v3=2
'
PROCEDURE midislide
  LOCAL f2,x,xx,xx2
  x=INP?(3)
  IF x=TRUE THEN
    xx=INP(3)                    ! Befehl
    IF BTST(xx,7)=TRUE THEN
      misli2=FALSE
      IF (xx>=&HB0 AND xx<=&HBF) THEN
        misli=xx
      ELSE
        misli=0
      ENDIF
    ELSE
      IF misli2=FALSE THEN
        xx2=xx   ! zweites Byte (Code 7)
        misli2=TRUE
      ELSE
        IF misli<>0 THEN
          misli2=FALSE
          mnowslid=misli-&HB0
          PRINT "Kanal:";mnowslid,xx
          midislide(mnowslid)=xx
        ENDIF
      ENDIF
    ENDIF
  ENDIF
RETURN
'
