CLS
REPEAT
  x=INP?(3)
  y=INP?(2)
  ~GRAF_MKSTATE(v,v2,v3,v4)
  IF x=TRUE AND v3<>2 THEN
    xx=INP(3)
    PRINT HEX$(xx)
    IF xx=&H90+(ch-1) THEN
      REPEAT
        x=INP?(3)
        y=INP?(2)
        ~GRAF_MKSTATE(v,v2,v3,v4)
      UNTIL x=TRUE OR y=TRUE OR v3=2
      IF y=FALSE AND x=TRUE AND v3<>2 THEN
        xx2=INP(3)
        IF xx2=note AND v3<>2 THEN
          REPEAT
            x=INP?(3)
            y=INP?(2)
            ~GRAF_MKSTATE(v,v2,v3,v4)
          UNTIL x=TRUE OR y=TRUE OR v3=2
          IF y=FALSE AND x=TRUE AND v3<>2 THEN
            xx3=INP(3)
            IF xx=&H90+(ch-1) AND xx2=note AND xx3<>0 THEN
              raus=TRUE
            ENDIF
          ENDIF
        ENDIF
      ENDIF
    ENDIF
  ENDIF
  IF y=TRUE AND v3<>2 THEN
    yy=INP(2)
  ENDIF
  ~GRAF_MKSTATE(v,v2,v3,v4)
UNTIL y=TRUE OR raus=TRUE OR v3=2
