     Design Name:  dsp1x
 Targeted Device:  ispLSI1016-60LT44

Pre-Route Design Statistics
---------------------------

Number of GLBs:                 15
Number of I/Os:                 19
Number of Nets:                 60

Number of Free Inputs:          0
Number of Free Outputs:         0
Number of Free Three-States:    0
Number of Free Bidi's:          0

Number of Locked Input IOCs:    10
Number of Locked DIs:           1
Number of Locked Outputs:       8
Number of Locked Three-States:  0
Number of Locked Bidi's:        0

Number of CRIT Outputs:         0
Number of Global OEs:           0
Number of External Clocks:      1


GLB Utilization (Out of 16):	93%
I/O Utilization (Out of 36):	52%
Net Utilization (Out of 100):	60%


Nets with Fanout of  1:         47
Nets with Fanout of  2:         4
Nets with Fanout of  3:         1
Nets with Fanout of  4:         8

Average Fanout per Net:         1.50


GLBs with  2 Input(s):          1
GLBs with  4 Input(s):          9
GLBs with  5 Input(s):          1
GLBs with  8 Input(s):          1
GLBs with  9 Input(s):          1
GLBs with 11 Input(s):          1
GLBs with 13 Input(s):          1

Average Inputs per GLB:         5.60


GLBs with  1 Output(s):         1
GLBs with  2 Output(s):         2
GLBs with  3 Output(s):         2
GLBs with  4 Output(s):         10

Average Outputs per GLB:        3.40


--  No. of GLBs after successful routing : 16

****  Elapsed Time :  00:00:01

