REM Resource Datei Indizes fÅr MIXER 
'LET MIXER&=0 ! Formular/Dialog
LET MIXBOX1&=0 ! BOX in Baum MIXER 
LET MIXBOX2&=1 ! BOX in Baum MIXER 
LET MIXBOX3&=4 ! BOX in Baum MIXER 
LET MIXBOX18&=5 ! BOX in Baum MIXER 
LET MIXBOX23&=8 ! BOX in Baum MIXER 
LET MIXBOX8&=26 ! BOX in Baum MIXER 
LET BALBOX1&=27 ! BOXTEXT in Baum MIXER 
LET MIXBOX13&=34 ! BOX in Baum MIXER 
LET MIXTXT1&=38 ! BOXTEXT in Baum MIXER 
LET MIXHELP&=50 ! BOXTEXT in Baum MIXER 
LET MIXEXIT&=51 ! BUTTON in Baum MIXER 
LET MIXBOX4&=52 ! BOX in Baum MIXER 
LET MIXBOX19&=53 ! BOX in Baum MIXER 
LET MIXBOX24&=56 ! BOX in Baum MIXER 
LET MIXBOX9&=74 ! BOX in Baum MIXER 
LET BALBOX2&=75 ! BOXTEXT in Baum MIXER 
LET MIXBOX14&=82 ! BOX in Baum MIXER 
LET MIXTXT2&=86 ! BOXTEXT in Baum MIXER 
LET MIXBOX5&=95 ! BOX in Baum MIXER 
LET MIXBOX20&=96 ! BOX in Baum MIXER 
LET MIXBOX25&=99 ! BOX in Baum MIXER 
LET MIXBOX10&=117 ! BOX in Baum MIXER 
LET BALBOX3&=118 ! BOXTEXT in Baum MIXER 
LET MIXBOX15&=125 ! BOX in Baum MIXER 
LET MIXTXT3&=129 ! BOXTEXT in Baum MIXER 
LET MIXBOX6&=138 ! BOX in Baum MIXER 
LET MIXBOX21&=139 ! BOX in Baum MIXER 
LET MIXBOX26&=142 ! BOX in Baum MIXER 
LET MIXBOX11&=160 ! BOX in Baum MIXER 
LET BALBOX4&=161 ! BOXTEXT in Baum MIXER 
LET MIXBOX16&=168 ! BOX in Baum MIXER 
LET MIXTXT4&=172 ! BOXTEXT in Baum MIXER 
LET MIXBOX7&=181 ! BOX in Baum MIXER 
LET MIXBOX22&=182 ! BOX in Baum MIXER 
LET MIXBOX27&=185 ! BOX in Baum MIXER 
LET MIXBOX12&=203 ! BOX in Baum MIXER 
LET BALBOX5&=204 ! BOXTEXT in Baum MIXER 
LET MIXBOX17&=211 ! BOX in Baum MIXER 
LET MIXTXT5&=215 ! BOXTEXT in Baum MIXER 
