CLS
isa=&HFFF00000
'
'
' Mainregisters
' -------------
blaster=isa+&H220
joystic=isa+&H200+1
fmsynth20v=blaster
dma_adr=2
dma_len=3
mixreg=blaster+4
mixdata=blaster+5
dsp_reset=blaster+6
powmanage=blaster+7
fmsynth11v=blaster+8
dsp_rd=blaster+&HA
dmadir=&HB
dsp_wr=blaster+&HC
dsp_stat=blaster+&HC
extreg=blaster+&HC
dsp_avail=blaster+&HE
extdata=blaster+&HE
ioaccess=blaster+&HF
intcontrol=blaster+&H20
dmapage=blaster+&H83
midi=isa+&H300
'
'
' Mixer (x224,x225)
' -----------------
'                  -> sb-compatible-mode
mixreset=0
voicevol_sb=&H4
micvol_sb=&HA
adc_source_sb=&HC
stereo=&HE
mastervol_sb=&H22
fmvol_sb=&H26
cdvol_sb=&H28
linevol_sb=&H2E
'                  -> extended-mode
micvol=&H1A
voicevol_sb=&H14
adc_source=&H1C
mastervol=&H32
fmvol=&H36
cdvol=&H38
linevol=&H3E
essident=&H40
serinpctrl=&H42
seroutctrl=&H44
seranalogctrl=&H46
serctrl=&H48
serfilter=&H4C
serformat=&H4E
mastervol_ctrl=&H64
clrvolint=&H66
dmacountlo2=&H74
dmacounthi2=&H76
dmactrl2a=&H78
dmactrl2b=&H7A
'
'
' Extension Registers (x22c,x22e)
' -------------------------------
'
wrdac8=&H10
wrdac16=&H11
dmadac8=&H14
dmadac16=&H15
admadac8=&H1C
admadac16=&H1D
rdadc8=&H20
rdadc16=&H21
dmaadc8=&H24
dmaadc16=&H25
admaadc8=&H2C
admaadc16=&H2D
midi_inp1=&H30
midi_inp2=&H31
midiuart1=&H34
midiuart2=&H35
midi_outp=&H38
timertime=&H40
timertime2=&H41
filterclk=&H42
hispeedblk=&H48
dmadac_espcm_lo=&H64
dmadac_espcm_loflag=&H65
dmadac_espcm_mid=&H66
dmadac_espcm_midflag=&H67
dmadac_espcm_hi=&H6A
dmadac_espcm_hiflag=&H6B
dmaadc_espcm_lo=&H6E
dmaadc_espcm_loflag=&H6F
dmadac_adpcm_lo=&H74
dmadac_adpcm_loflag=&H75
dmadac_adpcm_mid=&H76
dmadac_adpcm_midflag=&H77
dmadac_adpcm_hi=&H7A
dmadac_adpcm_hiflag=&H7B
silence=&H80
admadac_start8=&H90
dmadac_start8=&H91
ahispeed_start8=&H98
hispeed_start8=&H99
'
srate=&HA1
filterclk2=&HA2
dmacountlo1=&HA4
dmacounthi1=&HA5
micpreamp=&HA9
intctrl=&HB1
dmactrl=&HB2
dmaformat1=&HB6
dmaformat2=&HB7
startdma=&HB8
dlays=&HBA
fmdacvol=&HBC
'
resum=&HC1
extmode_on=&HC6
extmode_off=&HC7
powerman_rd=&HCE
powerman_wr=&HCF
dmawait_on=&HD0
speak_on=&HD1
speak_off=&HD3
dmawait_off=&HD4
es488a=&HD5
es488b=&HD6
es488c=&HD7
dacmixstate=&HD8
inpgain_rd=&HDC
inpgain_wr=&HDD
es488d=&HDE
es488e=&HDF
sbprocookie=&HE1
ess_ident=&HE7
testint=&HF2
power_force=&HFD
'
'
'
POKE extreg,extmode_on   ! go to extended mode
'
'
' Master-Volume Test left/right
' ------------------------
FOR i=0 TO 15
  POKE mixreg,mastervol
  POKE mixdata,i
  PAUSE 10
NEXT i
FOR i=16 TO 255 STEP 16
  POKE mixreg,mastervol
  POKE mixdata,i
  PAUSE 10
NEXT i
'
'
