'
'  Initialisierung und Autostart von WINREC
'
'
xbs=500
'
INLINE rsc_flyd%,2834
rsc_cookie%=ADD(rsc_flyd%,INT{ADD(rsc_flyd%,20)})      ! COOKIE-Routine...
lfw$=CHR$(GEMDOS(25)+65)+":"+DIR$(0)+"\"       ! funktioniert als COMPILAT !
magix=INT(C:rsc_cookie%(L:CVL("MagX")))          ! COOKIE-ABFRAGE MagiC
'
IF magix=0 THEN
  ALERT 3,"Sorry,Winrec runs only|with MagiC",1,"EXIT",a
  END
ENDIF
'
IF XBIOS(xbs,1)=&H71273800 THEN
  '
  ~XBIOS(xbs,160,1)       ! Emulate TOS 4.0
  ~XBIOS(xbs,75,1)        ! external clockmodule
  ~XBIOS(xbs,27,0)        ! Playmode = Zweikanal
  ~XBIOS(&H8A,0,7)        ! GPIO als Ausgabebits
  ~XBIOS(&H8A,2,3)        ! GPIO=3 ->48kHz
  '
  IF EXIST("WIN_REC.PRG")=TRUE THEN
    ~SHEL_WRITE(1,1,1,"",lfw$+"WIN_REC.PRG")
  ELSE
    IF EXIST("WINREC.PRG")=TRUE THEN
      ~SHEL_WRITE(1,1,1,"",lfw$+"WINREC.PRG")
    ELSE
      IF EXIST("WIN_REC.APP")=TRUE THEN
        ~SHEL_WRITE(1,1,1,"",lfw$+"WIN_REC.APP")
      ELSE
        ALERT 3,"Winrec not found",1,"EXIT",a
        END
      ENDIF
    ENDIF
  ENDIF
ELSE
  ALERT 3,"no Audiodriver found",1,"EXIT",a
ENDIF
END
