'
'  Initialisierung und Autostart von MUSICOM
'
'
xbs=500
'
INLINE rsc_flyd%,2834
rsc_cookie%=ADD(rsc_flyd%,INT{ADD(rsc_flyd%,20)})      ! COOKIE-Routine...
lfw$=CHR$(GEMDOS(25)+65)+":"+DIR$(0)+"\"       ! funktioniert als COMPILAT !
magix=INT(C:rsc_cookie%(L:CVL("MagX")))          ! COOKIE-ABFRAGE MagiC
'
IF magix<>0 THEN
  ALERT 3,"Sorry,Musicom runs not with MagiC",1,"EXIT",a
  END
ENDIF
'
IF XBIOS(xbs,1)=&H71273800 THEN
  '
  ~XBIOS(xbs,75,1)        ! external clockmodule
  ~XBIOS(xbs,27,0)        ! Playmode = Zweikanal
  ~XBIOS(&H8A,0,7)        ! GPIO als Ausgabebits
  ~XBIOS(&H8A,2,3)        ! GPIO=3 ->48kHz
  '
  IF EXIST("MUSICOHD.PRG")=TRUE THEN
    ~SHEL_WRITE(1,1,1,"",lfw$+"MUSICOHD.PRG")
  ELSE
    IF EXIST("MUSICOM.PRG")=TRUE THEN
      ~SHEL_WRITE(1,1,1,"",lfw$+"MUSICOM.PRG")
    ELSE
      IF EXIST("MUSICOH.APP")=TRUE THEN
        ~SHEL_WRITE(1,1,1,"",lfw$+"MUSICOH.APP")
      ELSE
        ALERT 3,"Musicom not found",1,"EXIT",a
        END
      ENDIF
    ENDIF
  ENDIF
ELSE
  ALERT 3,"no Audiodriver found",1,"EXIT",a
ENDIF
END
