REM Resource Datei Indizes fÅr INSTALL 
'LET MAIN&=0 ! Formular/Dialog
LET MAINBOX&=0 ! BOX in Baum MAIN 
LET MAINOK&=1 ! BUTTON in Baum MAIN 
LET MEMORY&=4 ! FBOXTEXT in Baum MAIN 
LET PATHTEX&=5 ! STRING in Baum MAIN 
LET PATHAUTO&=6 ! BOXTEXT in Baum MAIN 
LET SPKBRD&=7 ! BUTTON in Baum MAIN 
LET SPKGBR&=8 ! BUTTON in Baum MAIN 
LET SPKFR&=9 ! BUTTON in Baum MAIN 
LET PATHPROG&=11 ! BOXTEXT in Baum MAIN 
LET HELPINST&=13 ! BUTTON in Baum MAIN 
LET HELPTEX&=15 ! STRING in Baum MAIN 
LET MAINEX&=19 ! BUTTON in Baum MAIN 
LET INFTEXT&=20 ! BOXTEXT in Baum MAIN 
'LET INFO&=1 ! Formular/Dialog
LET INFOBOX&=0 ! BOX in Baum INFO 
LET INFOEX&=2 ! BUTTON in Baum INFO 
'LET INFO2&=2 ! Formular/Dialog
LET INFOBOX2&=0 ! BOX in Baum INFO2 
LET INFOEX2&=2 ! BUTTON in Baum INFO2 
'LET ALERTBOX&=3 ! Formular/Dialog
LET ALERTCOL&=0 ! BOX in Baum ALERTBOX 
