REM Resource Datei Indizes fÅr STARHIC 
'LET SMPEDIT&=0 ! Formular/Dialog
LET EDITBOX7&=0 ! BOX in Baum SMPEDIT 
LET EDITBOX&=1 ! BOX in Baum SMPEDIT 
LET MOVER&=3 ! BOXTEXT in Baum SMPEDIT 
LET MOVECIRC&=4 ! BOXCHAR in Baum SMPEDIT 
LET RATE&=6 ! BOXTEXT in Baum SMPEDIT 
LET RATECIRC&=7 ! BOXCHAR in Baum SMPEDIT 
LET CSMINTEX&=9 ! TEXT in Baum SMPEDIT 
LET CEMAXTEX&=10 ! TEXT in Baum SMPEDIT 
LET RESOLU&=22 ! BOXTEXT in Baum SMPEDIT 
LET RESOLIRC&=23 ! BOXCHAR in Baum SMPEDIT 
LET EDITIME&=24 ! BOXTEXT in Baum SMPEDIT 
LET ZOMSLIDE&=25 ! BOX in Baum SMPEDIT 
LET ZOOMBUTT&=26 ! BUTTON in Baum SMPEDIT 
LET RECPLAY3&=27 ! USERDEF in Baum SMPEDIT 
LET HARD&=28 ! USERDEF in Baum SMPEDIT 
LET SMPAUTO2&=29 ! USERDEF in Baum SMPEDIT 
LET SMPSTRT2&=30 ! USERDEF in Baum SMPEDIT 
LET SMPPLAY&=31 ! USERDEF in Baum SMPEDIT 
LET SMPSTOP&=32 ! USERDEF in Baum SMPEDIT 
LET SMPWAIT&=33 ! USERDEF in Baum SMPEDIT 
LET FLYER&=34 ! USERDEF in Baum SMPEDIT 
LET TRASH&=35 ! USERDEF in Baum SMPEDIT 
LET EDITBOX6&=36 ! BOX in Baum SMPEDIT 
LET SMPPMARK&=37 ! USERDEF in Baum SMPEDIT 
LET MIDI&=38 ! USERDEF in Baum SMPEDIT 
LET MINTEXT&=39 ! BOXTEXT in Baum SMPEDIT 
LET SMPLOOP&=40 ! USERDEF in Baum SMPEDIT 
LET SMPCBLK&=41 ! USERDEF in Baum SMPEDIT 
LET ZOOML&=42 ! USERDEF in Baum SMPEDIT 
LET ZOOMR&=43 ! USERDEF in Baum SMPEDIT 
LET PIXZOOM&=44 ! USERDEF in Baum SMPEDIT 
LET EDITBOX5&=45 ! BOX in Baum SMPEDIT 
LET SMPANF&=46 ! USERDEF in Baum SMPEDIT 
LET SMPR1&=47 ! USERDEF in Baum SMPEDIT 
LET SMPL1&=48 ! USERDEF in Baum SMPEDIT 
LET SMPL2&=49 ! USERDEF in Baum SMPEDIT 
LET SMPR2&=50 ! USERDEF in Baum SMPEDIT 
LET SMPL3&=51 ! USERDEF in Baum SMPEDIT 
LET SMPMID&=52 ! USERDEF in Baum SMPEDIT 
LET SMPEND&=53 ! USERDEF in Baum SMPEDIT 
LET SMPR3&=54 ! USERDEF in Baum SMPEDIT 
LET EDITBOX3&=55 ! BOX in Baum SMPEDIT 
LET EDMTIMS&=56 ! BOXTEXT in Baum SMPEDIT 
LET EDMTIME&=57 ! BOXTEXT in Baum SMPEDIT 
LET EDMDOWN&=58 ! USERDEF in Baum SMPEDIT 
LET EDMSLIDE&=59 ! BOX in Baum SMPEDIT 
LET EDMBUT&=60 ! BUTTON in Baum SMPEDIT 
LET EDMUP&=61 ! USERDEF in Baum SMPEDIT 
LET EDMNR&=62 ! BOXTEXT in Baum SMPEDIT 
LET EDMTIMI&=63 ! BOXTEXT in Baum SMPEDIT 
LET EDMTIMR&=64 ! BOXTEXT in Baum SMPEDIT 
LET EDMBOX&=65 ! BOX in Baum SMPEDIT 
LET EDMBUTS&=66 ! USERDEF in Baum SMPEDIT 
LET EDMBUTE&=67 ! USERDEF in Baum SMPEDIT 
LET EDMBUTI&=68 ! USERDEF in Baum SMPEDIT 
LET EDMBUTR&=69 ! USERDEF in Baum SMPEDIT 
LET EDMTXT&=70 ! BOXTEXT in Baum SMPEDIT 
LET CSTXT&=71 ! BOXTEXT in Baum SMPEDIT 
LET CETXT&=72 ! BOXTEXT in Baum SMPEDIT 
LET SMPSEC&=74 ! BOXTEXT in Baum SMPEDIT 
LET SMPFILE&=75 ! BOXTEXT in Baum SMPEDIT 
LET CLOCK&=76 ! BOXTEXT in Baum SMPEDIT 
LET SHOWXY&=77 ! BOXTEXT in Baum SMPEDIT 
LET PNTPRSMP&=78 ! BOXTEXT in Baum SMPEDIT 
LET FREEMEM&=79 ! BOXTEXT in Baum SMPEDIT 
LET SMPRATE&=80 ! BOXTEXT in Baum SMPEDIT 
LET SMPNAME&=81 ! BOXTEXT in Baum SMPEDIT 
LET SMPLEN&=82 ! BOXTEXT in Baum SMPEDIT 
LET SMPEDHLP&=83 ! BOXTEXT in Baum SMPEDIT 
LET SMPEXIT&=84 ! BUTTON in Baum SMPEDIT 
LET EDITBOX2&=85 ! BOX in Baum SMPEDIT 
LET SETUPER&=86 ! USERDEF in Baum SMPEDIT 
LET EDFADE&=87 ! USERDEF in Baum SMPEDIT 
LET PEAKSW2&=88 ! USERDEF in Baum SMPEDIT 
LET DISK&=89 ! USERDEF in Baum SMPEDIT 
LET LOOPART&=90 ! USERDEF in Baum SMPEDIT 
LET BLOCFUNC&=91 ! USERDEF in Baum SMPEDIT 
LET ARRANGE&=92 ! USERDEF in Baum SMPEDIT 
LET SMPLOAD&=93 ! USERDEF in Baum SMPEDIT 
LET SMPSAVE&=94 ! USERDEF in Baum SMPEDIT 
LET INFOICON&=95 ! USERDEF in Baum SMPEDIT 
LET EDMIDI&=96 ! USERDEF in Baum SMPEDIT 
LET TRAK&=97 ! USERDEF in Baum SMPEDIT 
LET EDSMP16&=98 ! USERDEF in Baum SMPEDIT 
LET SWDSP&=99 ! USERDEF in Baum SMPEDIT 
LET SMPDBANK&=100 ! USERDEF in Baum SMPEDIT 
LET WMODES&=101 ! USERDEF in Baum SMPEDIT 
LET SCRUBS&=102 ! USERDEF in Baum SMPEDIT 
LET SWMARK&=103 ! USERDEF in Baum SMPEDIT 
LET SWBLK&=104 ! USERDEF in Baum SMPEDIT 
LET SWSEARCH&=105 ! USERDEF in Baum SMPEDIT 
LET SWYZOOM&=106 ! USERDEF in Baum SMPEDIT 
LET SWCLICK&=107 ! USERDEF in Baum SMPEDIT 
LET SWDRAW&=108 ! USERDEF in Baum SMPEDIT 
LET EDCUE&=109 ! USERDEF in Baum SMPEDIT 
LET EDPART&=110 ! USERDEF in Baum SMPEDIT 
LET CURVBOX&=111 ! BOX in Baum SMPEDIT 
LET EDITBOX4&=112 ! BOX in Baum SMPEDIT 
LET EDITBOX8&=113 ! BOX in Baum SMPEDIT 
LET SMPTXR&=114 ! TEXT in Baum SMPEDIT 
LET SMPTXL&=115 ! TEXT in Baum SMPEDIT 
LET RM80&=116 ! BOXTEXT in Baum SMPEDIT 
LET RP0&=117 ! BOXTEXT in Baum SMPEDIT 
LET RP80&=118 ! BOXTEXT in Baum SMPEDIT 
LET RP60&=119 ! BOXTEXT in Baum SMPEDIT 
LET RP40&=120 ! BOXTEXT in Baum SMPEDIT 
LET RM60&=121 ! BOXTEXT in Baum SMPEDIT 
LET RM40&=122 ! BOXTEXT in Baum SMPEDIT 
LET LP80&=123 ! BOXTEXT in Baum SMPEDIT 
LET LM80&=124 ! BOXTEXT in Baum SMPEDIT 
LET LP40&=125 ! BOXTEXT in Baum SMPEDIT 
LET LP60&=126 ! BOXTEXT in Baum SMPEDIT 
LET LM60&=127 ! BOXTEXT in Baum SMPEDIT 
LET LM40&=128 ! BOXTEXT in Baum SMPEDIT 
LET LM20&=129 ! BOXTEXT in Baum SMPEDIT 
LET LP0&=130 ! BOXTEXT in Baum SMPEDIT 
LET RP20&=131 ! BOXTEXT in Baum SMPEDIT 
LET RM20&=132 ! BOXTEXT in Baum SMPEDIT 
LET LP20&=133 ! BOXTEXT in Baum SMPEDIT 
LET SCRLSLDE&=134 ! BOX in Baum SMPEDIT 
LET SCROLBUT&=135 ! BUTTON in Baum SMPEDIT 
LET LSCROLL&=136 ! USERDEF in Baum SMPEDIT 
LET RSCROLL&=137 ! USERDEF in Baum SMPEDIT 
LET LR100&=138 ! BOXTEXT in Baum SMPEDIT 
LET BLKFILE&=145 ! TEXT in Baum SMPEDIT 
LET BLKFILEL&=146 ! BOX in Baum SMPEDIT 
LET BLKFILER&=147 ! BOX in Baum SMPEDIT 
'LET ARRANGER&=1 ! Formular/Dialog
LET ARRBOX&=0 ! BOX in Baum ARRANGER 
LET ARRBOX2&=1 ! BOX in Baum ARRANGER 
LET HLPEDIT2&=2 ! USERDEF in Baum ARRANGER 
LET ARRLOAD&=3 ! USERDEF in Baum ARRANGER 
LET ARRSAVE&=4 ! USERDEF in Baum ARRANGER 
LET ARRMIDI&=5 ! USERDEF in Baum ARRANGER 
LET ARRINS&=6 ! USERDEF in Baum ARRANGER 
LET ARRDEL&=7 ! USERDEF in Baum ARRANGER 
LET SMPAUTO3&=9 ! USERDEF in Baum ARRANGER 
LET SMPSTRT3&=10 ! USERDEF in Baum ARRANGER 
LET PAUSE&=11 ! USERDEF in Baum ARRANGER 
LET REWIND&=12 ! USERDEF in Baum ARRANGER 
LET RECPLAY&=13 ! USERDEF in Baum ARRANGER 
LET SMPPLAY2&=14 ! USERDEF in Baum ARRANGER 
LET SMPRPLAY&=15 ! USERDEF in Baum ARRANGER 
LET FORWARD&=16 ! USERDEF in Baum ARRANGER 
LET ARRSTRT&=17 ! USERDEF in Baum ARRANGER 
LET ARREND&=18 ! USERDEF in Baum ARRANGER 
LET STOP&=19 ! USERDEF in Baum ARRANGER 
LET ARRBOX4&=20 ! BOX in Baum ARRANGER 
LET PLAYLEN&=21 ! BOXTEXT in Baum ARRANGER 
LET ARREAL&=22 ! USERDEF in Baum ARRANGER 
LET ARRBLK&=23 ! USERDEF in Baum ARRANGER 
LET ARRBOX3&=24 ! BOX in Baum ARRANGER 
LET ARRM1&=26 ! USERDEF in Baum ARRANGER 
LET ARRM2&=27 ! USERDEF in Baum ARRANGER 
LET ARRM3&=28 ! USERDEF in Baum ARRANGER 
LET ARRM4&=29 ! USERDEF in Baum ARRANGER 
LET ARRTRI1&=33 ! BUTTON in Baum ARRANGER 
LET ARRTRI2&=34 ! BUTTON in Baum ARRANGER 
LET ARRTRI3&=35 ! BUTTON in Baum ARRANGER 
LET ARRTRI4&=36 ! BUTTON in Baum ARRANGER 
LET ARRLOOP1&=39 ! USERDEF in Baum ARRANGER 
LET ARRLOOP2&=40 ! USERDEF in Baum ARRANGER 
LET ARRLOOP3&=41 ! USERDEF in Baum ARRANGER 
LET ARRLOOP4&=42 ! USERDEF in Baum ARRANGER 
LET ARRDEL1&=49 ! USERDEF in Baum ARRANGER 
LET ARRDEL2&=50 ! USERDEF in Baum ARRANGER 
LET ARRDEL3&=51 ! USERDEF in Baum ARRANGER 
LET ARRDEL4&=52 ! USERDEF in Baum ARRANGER 
LET HARDSTRT&=53 ! USERDEF in Baum ARRANGER 
LET HARDEND&=54 ! USERDEF in Baum ARRANGER 
LET ARRPLAY1&=57 ! USERDEF in Baum ARRANGER 
LET ARRPLAY2&=58 ! USERDEF in Baum ARRANGER 
LET ARRPLAY3&=59 ! USERDEF in Baum ARRANGER 
LET ARRPLAY4&=60 ! USERDEF in Baum ARRANGER 
LET SPUR1&=61 ! BOXTEXT in Baum ARRANGER 
LET SPUR2&=62 ! BOXTEXT in Baum ARRANGER 
LET SPUR3&=63 ! BOXTEXT in Baum ARRANGER 
LET SPUR4&=64 ! BOXTEXT in Baum ARRANGER 
LET ARRMEM1&=65 ! BOXTEXT in Baum ARRANGER 
LET ARRMEM2&=66 ! BOXTEXT in Baum ARRANGER 
LET ARRMEM3&=67 ! BOXTEXT in Baum ARRANGER 
LET ARRMEM4&=68 ! BOXTEXT in Baum ARRANGER 
LET ARRNR1&=69 ! BOXTEXT in Baum ARRANGER 
LET ARRNR2&=70 ! BOXTEXT in Baum ARRANGER 
LET ARRNR3&=71 ! BOXTEXT in Baum ARRANGER 
LET ARRNR4&=72 ! BOXTEXT in Baum ARRANGER 
LET HARDST1&=73 ! BOXTEXT in Baum ARRANGER 
LET HARDST2&=74 ! BOXTEXT in Baum ARRANGER 
LET HARDST3&=75 ! BOXTEXT in Baum ARRANGER 
LET HARDST4&=76 ! BOXTEXT in Baum ARRANGER 
LET HARDE1&=77 ! BOXTEXT in Baum ARRANGER 
LET HARDE2&=78 ! BOXTEXT in Baum ARRANGER 
LET HARDE3&=79 ! BOXTEXT in Baum ARRANGER 
LET HARDE4&=80 ! BOXTEXT in Baum ARRANGER 
LET HARDLEN1&=81 ! BOXTEXT in Baum ARRANGER 
LET HARDLEN2&=82 ! BOXTEXT in Baum ARRANGER 
LET HARDLEN3&=83 ! BOXTEXT in Baum ARRANGER 
LET HARDLEN4&=84 ! BOXTEXT in Baum ARRANGER 
LET ARRSMPR1&=85 ! BOXTEXT in Baum ARRANGER 
LET ARRSMPR2&=86 ! BOXTEXT in Baum ARRANGER 
LET ARRSMPR3&=87 ! BOXTEXT in Baum ARRANGER 
LET ARRSMPR4&=88 ! BOXTEXT in Baum ARRANGER 
LET ARRCH1&=89 ! BOXTEXT in Baum ARRANGER 
LET ARRCH2&=90 ! BOXTEXT in Baum ARRANGER 
LET ARRCH3&=91 ! BOXTEXT in Baum ARRANGER 
LET ARRCH4&=92 ! BOXTEXT in Baum ARRANGER 
LET ARRNOTE1&=93 ! BOXTEXT in Baum ARRANGER 
LET ARRNOTE2&=94 ! BOXTEXT in Baum ARRANGER 
LET ARRNOTE3&=95 ! BOXTEXT in Baum ARRANGER 
LET ARRNOTE4&=96 ! BOXTEXT in Baum ARRANGER 
LET ARRSLIDE&=97 ! BOX in Baum ARRANGER 
LET ARRSLBUT&=98 ! BUTTON in Baum ARRANGER 
LET ARREXIT&=99 ! BUTTON in Baum ARRANGER 
LET ARRHELP&=100 ! BOXTEXT in Baum ARRANGER 
LET ARRCLIP&=101 ! USERDEF in Baum ARRANGER 
LET ARRPRINT&=102 ! USERDEF in Baum ARRANGER 
LET KLAVIER&=103 ! USERDEF in Baum ARRANGER 
LET SLIDEUP&=104 ! USERDEF in Baum ARRANGER 
LET SLIDEDWN&=105 ! USERDEF in Baum ARRANGER 
LET PLAYNAME&=106 ! BOXTEXT in Baum ARRANGER 
LET ARRTRASH&=107 ! USERDEF in Baum ARRANGER 
'LET TRAKKER&=2 ! Formular/Dialog
LET TRAKBOX&=0 ! BOX in Baum TRAKKER 
LET TRAKBOX3&=1 ! BOX in Baum TRAKKER 
LET HLPEDIT3&=2 ! USERDEF in Baum TRAKKER 
LET HRDMERG2&=3 ! USERDEF in Baum TRAKKER 
LET TRAKLOAD&=4 ! USERDEF in Baum TRAKKER 
LET TRAKPLAY&=5 ! USERDEF in Baum TRAKKER 
LET TRAKDEL&=6 ! USERDEF in Baum TRAKKER 
LET TRAKSALL&=7 ! USERDEF in Baum TRAKKER 
LET TRAKLALL&=8 ! USERDEF in Baum TRAKKER 
LET KILLTRAK&=9 ! USERDEF in Baum TRAKKER 
LET TRAKCLIP&=10 ! USERDEF in Baum TRAKKER 
LET TBLKSEL&=11 ! USERDEF in Baum TRAKKER 
LET TBLKMOVE&=12 ! USERDEF in Baum TRAKKER 
LET TBLKCOPY&=13 ! USERDEF in Baum TRAKKER 
LET TBLKDRAG&=14 ! USERDEF in Baum TRAKKER 
LET TBLKEDIT&=15 ! USERDEF in Baum TRAKKER 
LET TBLKSNAP&=16 ! USERDEF in Baum TRAKKER 
LET TBLKVOL&=17 ! USERDEF in Baum TRAKKER 
LET TBLKCUT&=18 ! USERDEF in Baum TRAKKER 
LET TRKCD&=19 ! USERDEF in Baum TRAKKER 
LET TRTFILEL&=26 ! BOX in Baum TRAKKER 
LET TRTFILE&=27 ! TEXT in Baum TRAKKER 
LET TRTFILER&=28 ! BOX in Baum TRAKKER 
LET TRAKEDBX&=29 ! BOX in Baum TRAKKER 
LET TRAKBOX2&=30 ! BOX in Baum TRAKKER 
LET TRAKBOX5&=31 ! BOX in Baum TRAKKER 
LET TRKBX1&=32 ! BOX in Baum TRAKKER 
LET TRKLEVO1&=33 ! USERDEF in Baum TRAKKER 
LET TRKLEVT1&=34 ! BOXTEXT in Baum TRAKKER 
LET TRAKK1&=35 ! BOXTEXT in Baum TRAKKER 
LET TRKTXT1&=36 ! BOXTEXT in Baum TRAKKER 
LET TRKACT1&=37 ! USERDEF in Baum TRAKKER 
LET TRKSOLO1&=38 ! USERDEF in Baum TRAKKER 
LET TRKMUTE1&=39 ! USERDEF in Baum TRAKKER 
LET PANTXT1&=40 ! BOXTEXT in Baum TRAKKER 
LET PANL1&=41 ! USERDEF in Baum TRAKKER 
LET PANR1&=42 ! USERDEF in Baum TRAKKER 
LET TRKLEVU1&=43 ! USERDEF in Baum TRAKKER 
LET TRKBX2&=44 ! BOX in Baum TRAKKER 
LET TRKLEVO2&=45 ! USERDEF in Baum TRAKKER 
LET TRKLEVT2&=46 ! BOXTEXT in Baum TRAKKER 
LET TRAKK2&=47 ! BOXTEXT in Baum TRAKKER 
LET TRKTXT2&=48 ! BOXTEXT in Baum TRAKKER 
LET TRKACT2&=49 ! USERDEF in Baum TRAKKER 
LET TRKSOLO2&=50 ! USERDEF in Baum TRAKKER 
LET TRKMUTE2&=51 ! USERDEF in Baum TRAKKER 
LET PANTXT2&=52 ! BOXTEXT in Baum TRAKKER 
LET PANL2&=53 ! USERDEF in Baum TRAKKER 
LET PANR2&=54 ! USERDEF in Baum TRAKKER 
LET TRKLEVU2&=55 ! USERDEF in Baum TRAKKER 
LET TRKBX4&=56 ! BOX in Baum TRAKKER 
LET TRKLEVO4&=57 ! USERDEF in Baum TRAKKER 
LET TRKLEVT4&=58 ! BOXTEXT in Baum TRAKKER 
LET TRAKK4&=59 ! BOXTEXT in Baum TRAKKER 
LET TRKTXT4&=60 ! BOXTEXT in Baum TRAKKER 
LET TRKACT4&=61 ! USERDEF in Baum TRAKKER 
LET TRKSOLO4&=62 ! USERDEF in Baum TRAKKER 
LET TRKMUTE4&=63 ! USERDEF in Baum TRAKKER 
LET PANTXT4&=64 ! BOXTEXT in Baum TRAKKER 
LET PANL4&=65 ! USERDEF in Baum TRAKKER 
LET PANR4&=66 ! USERDEF in Baum TRAKKER 
LET TRKLEVU4&=67 ! USERDEF in Baum TRAKKER 
LET TRKBX3&=68 ! BOX in Baum TRAKKER 
LET TRKLEVO3&=69 ! USERDEF in Baum TRAKKER 
LET TRKLEVT3&=70 ! BOXTEXT in Baum TRAKKER 
LET TRAKK3&=71 ! BOXTEXT in Baum TRAKKER 
LET TRKTXT3&=72 ! BOXTEXT in Baum TRAKKER 
LET TRKACT3&=73 ! USERDEF in Baum TRAKKER 
LET TRKSOLO3&=74 ! USERDEF in Baum TRAKKER 
LET TRKMUTE3&=75 ! USERDEF in Baum TRAKKER 
LET PANTXT3&=76 ! BOXTEXT in Baum TRAKKER 
LET PANL3&=77 ! USERDEF in Baum TRAKKER 
LET PANR3&=78 ! USERDEF in Baum TRAKKER 
LET TRKLEVU3&=79 ! USERDEF in Baum TRAKKER 
LET TRAKSLID&=80 ! BOX in Baum TRAKKER 
LET TRAKXBUT&=81 ! BUTTON in Baum TRAKKER 
LET TRAKXL&=82 ! USERDEF in Baum TRAKKER 
LET TIMELINE&=83 ! BOXTEXT in Baum TRAKKER 
LET TRKSLOT&=84 ! BOXTEXT in Baum TRAKKER 
LET TRKTITXT&=85 ! TEXT in Baum TRAKKER 
LET SPURSLID&=86 ! BOX in Baum TRAKKER 
LET SPURYBUT&=87 ! BUTTON in Baum TRAKKER 
LET ZOOMXR&=88 ! USERDEF in Baum TRAKKER 
LET ZOOMSLID&=89 ! BOX in Baum TRAKKER 
LET ZOOMXBUT&=90 ! BUTTON in Baum TRAKKER 
LET ZOOMXL&=91 ! USERDEF in Baum TRAKKER 
LET TIMELIN2&=92 ! BOXTEXT in Baum TRAKKER 
LET TRKSLOT2&=93 ! BOXTEXT in Baum TRAKKER 
LET TRAKXR&=94 ! USERDEF in Baum TRAKKER 
LET SPURO&=95 ! USERDEF in Baum TRAKKER 
LET SPURU&=96 ! USERDEF in Baum TRAKKER 
LET TRAKBXW&=97 ! BOX in Baum TRAKKER 
LET TRAKSTRT&=102 ! BOXTEXT in Baum TRAKKER 
LET TRAKEND&=103 ! BOXTEXT in Baum TRAKKER 
LET TRAKDUR&=104 ! BOXTEXT in Baum TRAKKER 
LET TRAKLEN&=105 ! BOXTEXT in Baum TRAKKER 
LET STRTL&=106 ! USERDEF in Baum TRAKKER 
LET STRTR&=107 ! USERDEF in Baum TRAKKER 
LET LEND&=108 ! USERDEF in Baum TRAKKER 
LET REND&=109 ! USERDEF in Baum TRAKKER 
LET TRKSMPTE&=113 ! BOXTEXT in Baum TRAKKER 
LET TRKSIZE&=114 ! BOXTEXT in Baum TRAKKER 
LET TPSTRT&=115 ! BOXTEXT in Baum TRAKKER 
LET TPEND&=116 ! BOXTEXT in Baum TRAKKER 
LET LTIME&=117 ! USERDEF in Baum TRAKKER 
LET RTIME&=118 ! USERDEF in Baum TRAKKER 
LET TPSL&=119 ! USERDEF in Baum TRAKKER 
LET TPSR&=120 ! USERDEF in Baum TRAKKER 
LET TPEL&=121 ! USERDEF in Baum TRAKKER 
LET TPER&=122 ! USERDEF in Baum TRAKKER 
LET TRKBLK&=123 ! USERDEF in Baum TRAKKER 
LET TRKCOPY&=124 ! USERDEF in Baum TRAKKER 
LET TRKDEL&=125 ! USERDEF in Baum TRAKKER 
LET TBLKPLAY&=128 ! USERDEF in Baum TRAKKER 
LET TNAMCOM&=131 ! USERDEF in Baum TRAKKER 
LET CURVE&=132 ! USERDEF in Baum TRAKKER 
LET TRKSOLO&=133 ! USERDEF in Baum TRAKKER 
LET TRAKINFO&=134 ! BOXTEXT in Baum TRAKKER 
LET TRAKBOX4&=135 ! BOX in Baum TRAKKER 
LET TRAKTIME&=136 ! BOXTEXT in Baum TRAKKER 
LET TRAKNAME&=137 ! BOXTEXT in Baum TRAKKER 
LET TRKERR&=138 ! BOXTEXT in Baum TRAKKER 
LET PAUSE2&=140 ! USERDEF in Baum TRAKKER 
LET REWIND2&=141 ! USERDEF in Baum TRAKKER 
LET STOP2&=142 ! USERDEF in Baum TRAKKER 
LET RECPLAY2&=143 ! USERDEF in Baum TRAKKER 
LET SMPPLAY3&=144 ! USERDEF in Baum TRAKKER 
LET SMPRPLA2&=145 ! USERDEF in Baum TRAKKER 
LET FORWARD2&=146 ! USERDEF in Baum TRAKKER 
LET TRAKANF&=147 ! USERDEF in Baum TRAKKER 
LET TRAKFULL&=148 ! USERDEF in Baum TRAKKER 
LET SMPSTRT4&=149 ! USERDEF in Baum TRAKKER 
LET SMPAUTO4&=150 ! USERDEF in Baum TRAKKER 
LET TRKLVOL&=151 ! BOX in Baum TRAKKER 
LET TRKRVOL&=152 ! BOX in Baum TRAKKER 
LET TRKLMAX&=153 ! BOX in Baum TRAKKER 
LET TRKRMAX&=154 ! BOX in Baum TRAKKER 
LET TRKVBOX&=157 ! BOXTEXT in Baum TRAKKER 
LET TRKVOL&=159 ! USERDEF in Baum TRAKKER 
LET TRAKBOX6&=161 ! BOX in Baum TRAKKER 
LET TRK4&=162 ! BOXTEXT in Baum TRAKKER 
LET TRK8&=163 ! BOXTEXT in Baum TRAKKER 
LET TRK12&=164 ! BOXTEXT in Baum TRAKKER 
LET TRK16&=165 ! BOXTEXT in Baum TRAKKER 
LET TRKMON&=168 ! BOXTEXT in Baum TRAKKER 
LET TRAKHELP&=170 ! BOXTEXT in Baum TRAKKER 
LET TRAKEXIT&=171 ! BUTTON in Baum TRAKKER 
'LET MIXER&=3 ! Formular/Dialog
LET MIXBOX1&=0 ! BOX in Baum MIXER 
LET MIXBOX2&=1 ! BOX in Baum MIXER 
LET MIXLOAD&=2 ! USERDEF in Baum MIXER 
LET MIXSAVE&=3 ! USERDEF in Baum MIXER 
LET MIXMAX&=4 ! BOXTEXT in Baum MIXER 
LET MIXACT&=5 ! BOXTEXT in Baum MIXER 
LET MIXMAXT&=6 ! TEXT in Baum MIXER 
LET MIXACTT&=7 ! TEXT in Baum MIXER 
LET MIXFILE&=8 ! BOXTEXT in Baum MIXER 
LET MIXFILET&=9 ! TEXT in Baum MIXER 
LET MIXBX1&=10 ! BOX in Baum MIXER 
LET MIXVBOX1&=11 ! BOX in Baum MIXER 
LET MIXFADE1&=12 ! USERDEF in Baum MIXER 
LET MIXVOL1&=13 ! USERDEF in Baum MIXER 
LET MIXDB1&=14 ! BOX in Baum MIXER 
LET MIXVOLD1&=18 ! TEXT in Baum MIXER 
LET MIXVOLM1&=22 ! TEXT in Baum MIXER 
LET MIXVOLZ1&=30 ! IMAGE in Baum MIXER 
LET MIXVOLL1&=31 ! BOX in Baum MIXER 
LET MIXVOLR1&=32 ! BOX in Baum MIXER 
LET MIXPKL1&=33 ! BOX in Baum MIXER 
LET MIXPKR1&=34 ! BOX in Baum MIXER 
LET MIXVOLT1&=35 ! BOXTEXT in Baum MIXER 
LET MIXVOLN1&=36 ! BOXTEXT in Baum MIXER 
LET MXBALBX1&=37 ! BOX in Baum MIXER 
LET MIXBALL1&=38 ! TEXT in Baum MIXER 
LET MIXBALR1&=39 ! TEXT in Baum MIXER 
LET MIXBALM1&=40 ! TEXT in Baum MIXER 
LET MIXBAL1&=41 ! USERDEF in Baum MIXER 
LET MIXBALP1&=42 ! IMAGE in Baum MIXER 
LET MIXTIT1&=43 ! BOXTEXT in Baum MIXER 
LET MIXBALT1&=44 ! BOXTEXT in Baum MIXER 
LET MIXBALN1&=45 ! BOXTEXT in Baum MIXER 
LET MIXON1&=46 ! USERDEF in Baum MIXER 
LET MIXALL1&=47 ! USERDEF in Baum MIXER 
LET MIXMUTE1&=48 ! USERDEF in Baum MIXER 
LET MIXTXT1&=49 ! BOXTEXT in Baum MIXER 
LET MIXBYP1&=50 ! BOXTEXT in Baum MIXER 
LET MIXBX2&=52 ! BOX in Baum MIXER 
LET MIXVBOX2&=53 ! BOX in Baum MIXER 
LET MIXFADE2&=54 ! USERDEF in Baum MIXER 
LET MIXVOL2&=55 ! USERDEF in Baum MIXER 
LET MIXDB2&=56 ! BOX in Baum MIXER 
LET MIXVOLD2&=60 ! TEXT in Baum MIXER 
LET MIXVOLM2&=64 ! TEXT in Baum MIXER 
LET MIXVOLZ2&=72 ! IMAGE in Baum MIXER 
LET MIXVOLL2&=73 ! BOX in Baum MIXER 
LET MIXVOLR2&=74 ! BOX in Baum MIXER 
LET MIXPKL2&=75 ! BOX in Baum MIXER 
LET MIXPKR2&=76 ! BOX in Baum MIXER 
LET MIXVOLT2&=77 ! BOXTEXT in Baum MIXER 
LET MIXVOLN2&=78 ! BOXTEXT in Baum MIXER 
LET MXBALBX2&=79 ! BOX in Baum MIXER 
LET MIXBALL2&=80 ! TEXT in Baum MIXER 
LET MIXBALR2&=81 ! TEXT in Baum MIXER 
LET MIXBALM2&=82 ! TEXT in Baum MIXER 
LET MIXBAL2&=83 ! USERDEF in Baum MIXER 
LET MIXBALP2&=84 ! IMAGE in Baum MIXER 
LET MIXTIT2&=85 ! BOXTEXT in Baum MIXER 
LET MIXBALT2&=86 ! BOXTEXT in Baum MIXER 
LET MIXBALN2&=87 ! BOXTEXT in Baum MIXER 
LET MIXON2&=88 ! USERDEF in Baum MIXER 
LET MIXALL2&=89 ! USERDEF in Baum MIXER 
LET MIXMUTE2&=90 ! USERDEF in Baum MIXER 
LET MIXTXT2&=91 ! BOXTEXT in Baum MIXER 
LET MIXBYP2&=92 ! BOXTEXT in Baum MIXER 
LET MIXBX3&=93 ! BOX in Baum MIXER 
LET MIXVBOX3&=94 ! BOX in Baum MIXER 
LET MIXFADE3&=95 ! USERDEF in Baum MIXER 
LET MIXVOL3&=96 ! USERDEF in Baum MIXER 
LET MIXDB3&=97 ! BOX in Baum MIXER 
LET MIXVOLD3&=101 ! TEXT in Baum MIXER 
LET MIXVOLM3&=105 ! TEXT in Baum MIXER 
LET MIXVOLZ3&=113 ! IMAGE in Baum MIXER 
LET MIXVOLL3&=114 ! BOX in Baum MIXER 
LET MIXVOLR3&=115 ! BOX in Baum MIXER 
LET MIXPKL3&=116 ! BOX in Baum MIXER 
LET MIXPKR3&=117 ! BOX in Baum MIXER 
LET MIXVOLT3&=118 ! BOXTEXT in Baum MIXER 
LET MIXVOLN3&=119 ! BOXTEXT in Baum MIXER 
LET MXBALBX3&=120 ! BOX in Baum MIXER 
LET MIXBALL3&=121 ! TEXT in Baum MIXER 
LET MIXBALR3&=122 ! TEXT in Baum MIXER 
LET MIXBALM3&=123 ! TEXT in Baum MIXER 
LET MIXBAL3&=124 ! USERDEF in Baum MIXER 
LET MIXBALP3&=125 ! IMAGE in Baum MIXER 
LET MIXTIT3&=126 ! BOXTEXT in Baum MIXER 
LET MIXBALT3&=127 ! BOXTEXT in Baum MIXER 
LET MIXBALN3&=128 ! BOXTEXT in Baum MIXER 
LET MIXON3&=129 ! USERDEF in Baum MIXER 
LET MIXALL3&=130 ! USERDEF in Baum MIXER 
LET MIXMUTE3&=131 ! USERDEF in Baum MIXER 
LET MIXTXT3&=132 ! BOXTEXT in Baum MIXER 
LET MIXBYP3&=133 ! BOXTEXT in Baum MIXER 
LET MIXBX4&=134 ! BOX in Baum MIXER 
LET MIXVBOX4&=135 ! BOX in Baum MIXER 
LET MIXFADE4&=136 ! USERDEF in Baum MIXER 
LET MIXVOL4&=137 ! USERDEF in Baum MIXER 
LET MIXDB4&=138 ! BOX in Baum MIXER 
LET MIXVOLD4&=142 ! TEXT in Baum MIXER 
LET MIXVOLM4&=146 ! TEXT in Baum MIXER 
LET MIXVOLZ4&=154 ! IMAGE in Baum MIXER 
LET MIXVOLL4&=155 ! BOX in Baum MIXER 
LET MIXVOLR4&=156 ! BOX in Baum MIXER 
LET MIXPKL4&=157 ! BOX in Baum MIXER 
LET MIXPKR4&=158 ! BOX in Baum MIXER 
LET MIXVOLT4&=159 ! BOXTEXT in Baum MIXER 
LET MIXVOLN4&=160 ! BOXTEXT in Baum MIXER 
LET MXBALBX4&=161 ! BOX in Baum MIXER 
LET MIXBALL4&=162 ! TEXT in Baum MIXER 
LET MIXBALR4&=163 ! TEXT in Baum MIXER 
LET MIXBALM4&=164 ! TEXT in Baum MIXER 
LET MIXBAL4&=165 ! USERDEF in Baum MIXER 
LET MIXBALP4&=166 ! IMAGE in Baum MIXER 
LET MIXTIT4&=167 ! BOXTEXT in Baum MIXER 
LET MIXBALT4&=168 ! BOXTEXT in Baum MIXER 
LET MIXBALN4&=169 ! BOXTEXT in Baum MIXER 
LET MIXON4&=170 ! USERDEF in Baum MIXER 
LET MIXALL4&=171 ! USERDEF in Baum MIXER 
LET MIXMUTE4&=172 ! USERDEF in Baum MIXER 
LET MIXTXT4&=173 ! BOXTEXT in Baum MIXER 
LET MIXBYP4&=174 ! BOXTEXT in Baum MIXER 
LET MIXBX5&=175 ! BOX in Baum MIXER 
LET MIXVBOX5&=176 ! BOX in Baum MIXER 
LET MIXFADE5&=177 ! USERDEF in Baum MIXER 
LET MIXVOL5&=178 ! USERDEF in Baum MIXER 
LET MIXDB5&=179 ! BOX in Baum MIXER 
LET MIXVOLD5&=183 ! TEXT in Baum MIXER 
LET MIXVOLM5&=187 ! TEXT in Baum MIXER 
LET MIXVOLZ5&=195 ! IMAGE in Baum MIXER 
LET MIXVOLL5&=196 ! BOX in Baum MIXER 
LET MIXVOLR5&=197 ! BOX in Baum MIXER 
LET MIXPKL5&=198 ! BOX in Baum MIXER 
LET MIXPKR5&=199 ! BOX in Baum MIXER 
LET MIXVOLT5&=200 ! BOXTEXT in Baum MIXER 
LET MIXVOLN5&=201 ! BOXTEXT in Baum MIXER 
LET MXBALBX5&=202 ! BOX in Baum MIXER 
LET MIXBALL5&=203 ! TEXT in Baum MIXER 
LET MIXBALR5&=204 ! TEXT in Baum MIXER 
LET MIXBALM5&=205 ! TEXT in Baum MIXER 
LET MIXBAL5&=206 ! USERDEF in Baum MIXER 
LET MIXBALP5&=207 ! IMAGE in Baum MIXER 
LET MIXTIT5&=208 ! BOXTEXT in Baum MIXER 
LET MIXBALT5&=209 ! BOXTEXT in Baum MIXER 
LET MIXBALN5&=210 ! BOXTEXT in Baum MIXER 
LET MIXON5&=211 ! USERDEF in Baum MIXER 
LET MIXALL5&=212 ! USERDEF in Baum MIXER 
LET MIXMUTE5&=213 ! USERDEF in Baum MIXER 
LET MIXTXT5&=214 ! BOXTEXT in Baum MIXER 
LET MIXBYP5&=215 ! BOXTEXT in Baum MIXER 
LET MIXBX6&=216 ! BOX in Baum MIXER 
LET MIXVBOX6&=217 ! BOX in Baum MIXER 
LET MIXFADE6&=218 ! USERDEF in Baum MIXER 
LET MIXVOL6&=219 ! USERDEF in Baum MIXER 
LET MIXDB6&=220 ! BOX in Baum MIXER 
LET MIXVOLD6&=224 ! TEXT in Baum MIXER 
LET MIXVOLM6&=228 ! TEXT in Baum MIXER 
LET MIXVOLZ6&=236 ! IMAGE in Baum MIXER 
LET MIXVOLL6&=237 ! BOX in Baum MIXER 
LET MIXVOLR6&=238 ! BOX in Baum MIXER 
LET MIXPKL6&=239 ! BOX in Baum MIXER 
LET MIXPKR6&=240 ! BOX in Baum MIXER 
LET MIXVOLT6&=241 ! BOXTEXT in Baum MIXER 
LET MIXVOLN6&=242 ! BOXTEXT in Baum MIXER 
LET MXBALBX6&=243 ! BOX in Baum MIXER 
LET MIXBALL6&=244 ! TEXT in Baum MIXER 
LET MIXBALR6&=245 ! TEXT in Baum MIXER 
LET MIXBALM6&=246 ! TEXT in Baum MIXER 
LET MIXBAL6&=247 ! USERDEF in Baum MIXER 
LET MIXBALP6&=248 ! IMAGE in Baum MIXER 
LET MIXTIT6&=249 ! BOXTEXT in Baum MIXER 
LET MIXBALT6&=250 ! BOXTEXT in Baum MIXER 
LET MIXBALN6&=251 ! BOXTEXT in Baum MIXER 
LET MIXON6&=252 ! USERDEF in Baum MIXER 
LET MIXALL6&=253 ! USERDEF in Baum MIXER 
LET MIXMUTE6&=254 ! USERDEF in Baum MIXER 
LET MIXTXT6&=255 ! BOXTEXT in Baum MIXER 
LET MIXBYP6&=256 ! BOXTEXT in Baum MIXER 
LET MIXBX7&=257 ! BOX in Baum MIXER 
LET MIXVBOX7&=258 ! BOX in Baum MIXER 
LET MIXFADE7&=259 ! USERDEF in Baum MIXER 
LET MIXVOL7&=260 ! USERDEF in Baum MIXER 
LET MIXDB7&=261 ! BOX in Baum MIXER 
LET MIXVOLD7&=265 ! TEXT in Baum MIXER 
LET MIXVOLM7&=269 ! TEXT in Baum MIXER 
LET MIXVOLZ7&=277 ! IMAGE in Baum MIXER 
LET MIXVOLL7&=278 ! BOX in Baum MIXER 
LET MIXVOLR7&=279 ! BOX in Baum MIXER 
LET MIXPKL7&=280 ! BOX in Baum MIXER 
LET MIXPKR7&=281 ! BOX in Baum MIXER 
LET MIXVOLT7&=282 ! BOXTEXT in Baum MIXER 
LET MIXVOLN7&=283 ! BOXTEXT in Baum MIXER 
LET MXBALBX7&=284 ! BOX in Baum MIXER 
LET MIXBALL7&=285 ! TEXT in Baum MIXER 
LET MIXBALR7&=286 ! TEXT in Baum MIXER 
LET MIXBALM7&=287 ! TEXT in Baum MIXER 
LET MIXBAL7&=288 ! USERDEF in Baum MIXER 
LET MIXBALP7&=289 ! IMAGE in Baum MIXER 
LET MIXTIT7&=290 ! BOXTEXT in Baum MIXER 
LET MIXBALT7&=291 ! BOXTEXT in Baum MIXER 
LET MIXBALN7&=292 ! BOXTEXT in Baum MIXER 
LET MIXON7&=293 ! USERDEF in Baum MIXER 
LET MIXALL7&=294 ! USERDEF in Baum MIXER 
LET MIXMUTE7&=295 ! USERDEF in Baum MIXER 
LET MIXTXT7&=296 ! BOXTEXT in Baum MIXER 
LET MIXBYP7&=297 ! BOXTEXT in Baum MIXER 
LET MIXBX8&=298 ! BOX in Baum MIXER 
LET MIXVBOX8&=299 ! BOX in Baum MIXER 
LET MIXFADE8&=300 ! USERDEF in Baum MIXER 
LET MIXVOL8&=301 ! USERDEF in Baum MIXER 
LET MIXDB8&=302 ! BOX in Baum MIXER 
LET MIXVOLD8&=306 ! TEXT in Baum MIXER 
LET MIXVOLM8&=310 ! TEXT in Baum MIXER 
LET MIXVOLZ8&=318 ! IMAGE in Baum MIXER 
LET MIXVOLL8&=319 ! BOX in Baum MIXER 
LET MIXVOLR8&=320 ! BOX in Baum MIXER 
LET MIXPKL8&=321 ! BOX in Baum MIXER 
LET MIXPKR8&=322 ! BOX in Baum MIXER 
LET MIXVOLT8&=323 ! BOXTEXT in Baum MIXER 
LET MIXVOLN8&=324 ! BOXTEXT in Baum MIXER 
LET MXBALBX8&=325 ! BOX in Baum MIXER 
LET MIXBALL8&=326 ! TEXT in Baum MIXER 
LET MIXBALR8&=327 ! TEXT in Baum MIXER 
LET MIXBALM8&=328 ! TEXT in Baum MIXER 
LET MIXBAL8&=329 ! USERDEF in Baum MIXER 
LET MIXBALP8&=330 ! IMAGE in Baum MIXER 
LET MIXTIT8&=331 ! BOXTEXT in Baum MIXER 
LET MIXBALT8&=332 ! BOXTEXT in Baum MIXER 
LET MIXBALN8&=333 ! BOXTEXT in Baum MIXER 
LET MIXON8&=334 ! USERDEF in Baum MIXER 
LET MIXALL8&=335 ! USERDEF in Baum MIXER 
LET MIXMUTE8&=336 ! USERDEF in Baum MIXER 
LET MIXTXT8&=337 ! BOXTEXT in Baum MIXER 
LET MIXBYP8&=338 ! BOXTEXT in Baum MIXER 
LET MIXBXM&=339 ! BOX in Baum MIXER 
LET MIXVBOXM&=340 ! BOX in Baum MIXER 
LET MIXFADEM&=341 ! USERDEF in Baum MIXER 
LET MIXVOLM&=342 ! USERDEF in Baum MIXER 
LET MIXDBM&=343 ! BOX in Baum MIXER 
LET MIXVOLDM&=347 ! TEXT in Baum MIXER 
LET MIXVOLMM&=351 ! TEXT in Baum MIXER 
LET MIXVOLZM&=359 ! IMAGE in Baum MIXER 
LET MIXVOLLM&=360 ! BOX in Baum MIXER 
LET MIXVOLRM&=361 ! BOX in Baum MIXER 
LET MIXPKLM&=362 ! BOX in Baum MIXER 
LET MIXPKRM&=363 ! BOX in Baum MIXER 
LET MIXVOLTM&=364 ! BOXTEXT in Baum MIXER 
LET MIXVOLNM&=365 ! BOXTEXT in Baum MIXER 
LET MXBALBXM&=366 ! BOX in Baum MIXER 
LET MIXBALLM&=367 ! TEXT in Baum MIXER 
LET MIXBALRM&=368 ! TEXT in Baum MIXER 
LET MIXBALMM&=369 ! TEXT in Baum MIXER 
LET MIXBALM&=370 ! USERDEF in Baum MIXER 
LET MIXBALPM&=371 ! IMAGE in Baum MIXER 
LET MIXTITM&=372 ! BOXTEXT in Baum MIXER 
LET MIXBALTM&=373 ! BOXTEXT in Baum MIXER 
LET MIXBALNM&=374 ! BOXTEXT in Baum MIXER 
LET MIXONM&=375 ! USERDEF in Baum MIXER 
LET MIXALLM&=376 ! USERDEF in Baum MIXER 
LET MIXMUTEM&=377 ! USERDEF in Baum MIXER 
LET MIXTXTM&=378 ! BOXTEXT in Baum MIXER 
LET MIXBYPM&=379 ! BOXTEXT in Baum MIXER 
LET MIXBX9&=380 ! BOX in Baum MIXER 
LET MIXVBOX9&=381 ! BOX in Baum MIXER 
LET MIXFADE9&=382 ! USERDEF in Baum MIXER 
LET MIXVOL9&=383 ! USERDEF in Baum MIXER 
LET MIXDB9&=384 ! BOX in Baum MIXER 
LET MIXVOLD9&=388 ! TEXT in Baum MIXER 
LET MIXVOLM9&=392 ! TEXT in Baum MIXER 
LET MIXVOLZ9&=400 ! IMAGE in Baum MIXER 
LET MIXVOLL9&=401 ! BOX in Baum MIXER 
LET MIXVOLR9&=402 ! BOX in Baum MIXER 
LET MIXPKL9&=403 ! BOX in Baum MIXER 
LET MIXPKR9&=404 ! BOX in Baum MIXER 
LET MIXVOLT9&=405 ! BOXTEXT in Baum MIXER 
LET MIXVOLN9&=406 ! BOXTEXT in Baum MIXER 
LET MXBALBX9&=407 ! BOX in Baum MIXER 
LET MIXBALL9&=408 ! TEXT in Baum MIXER 
LET MIXBALR9&=409 ! TEXT in Baum MIXER 
LET MIXBALM9&=410 ! TEXT in Baum MIXER 
LET MIXBAL9&=411 ! USERDEF in Baum MIXER 
LET MIXBALP9&=412 ! IMAGE in Baum MIXER 
LET MIXTIT9&=413 ! BOXTEXT in Baum MIXER 
LET MIXBALT9&=414 ! BOXTEXT in Baum MIXER 
LET MIXBALN9&=415 ! BOXTEXT in Baum MIXER 
LET MIXON9&=416 ! USERDEF in Baum MIXER 
LET MIXALL9&=417 ! USERDEF in Baum MIXER 
LET MIXMUTE9&=418 ! USERDEF in Baum MIXER 
LET MIXTXT9&=419 ! BOXTEXT in Baum MIXER 
LET MIXBYP9&=420 ! BOXTEXT in Baum MIXER 
LET MIXBX10&=421 ! BOX in Baum MIXER 
LET MXVBOX10&=422 ! BOX in Baum MIXER 
LET MIXFAD10&=423 ! USERDEF in Baum MIXER 
LET MIXVOL10&=424 ! USERDEF in Baum MIXER 
LET MIXDB10&=425 ! BOX in Baum MIXER 
LET MXVOLD10&=429 ! TEXT in Baum MIXER 
LET MXVOLM10&=433 ! TEXT in Baum MIXER 
LET MXVOLZ10&=441 ! IMAGE in Baum MIXER 
LET MXVOLL10&=442 ! BOX in Baum MIXER 
LET MXVOLR10&=443 ! BOX in Baum MIXER 
LET MIXPKL10&=444 ! BOX in Baum MIXER 
LET MIXPKR10&=445 ! BOX in Baum MIXER 
LET MXVOLT10&=446 ! BOXTEXT in Baum MIXER 
LET MXVOLN10&=447 ! BOXTEXT in Baum MIXER 
LET MBALBX10&=448 ! BOX in Baum MIXER 
LET MIXBLL10&=449 ! TEXT in Baum MIXER 
LET MIXBLR10&=450 ! TEXT in Baum MIXER 
LET MIXBLM10&=451 ! TEXT in Baum MIXER 
LET MIXBAL10&=452 ! USERDEF in Baum MIXER 
LET MIXBLP10&=453 ! IMAGE in Baum MIXER 
LET MIXTIT10&=454 ! BOXTEXT in Baum MIXER 
LET MIXBLT10&=455 ! BOXTEXT in Baum MIXER 
LET MIXBLN10&=456 ! BOXTEXT in Baum MIXER 
LET MIXON10&=457 ! USERDEF in Baum MIXER 
LET MIXALL10&=458 ! USERDEF in Baum MIXER 
LET MIXMUT10&=459 ! USERDEF in Baum MIXER 
LET MIXTXT10&=460 ! BOXTEXT in Baum MIXER 
LET MIXBYP10&=461 ! BOXTEXT in Baum MIXER 
LET MIXBX11&=462 ! BOX in Baum MIXER 
LET MXVBOX11&=463 ! BOX in Baum MIXER 
LET MIXFAD11&=464 ! USERDEF in Baum MIXER 
LET MIXVOL11&=465 ! USERDEF in Baum MIXER 
LET MIXDB11&=466 ! BOX in Baum MIXER 
LET MXVOLD11&=470 ! TEXT in Baum MIXER 
LET MXVOLM11&=474 ! TEXT in Baum MIXER 
LET MXVOLZ11&=482 ! IMAGE in Baum MIXER 
LET MXVOLL11&=483 ! BOX in Baum MIXER 
LET MXVOLR11&=484 ! BOX in Baum MIXER 
LET MIXPKL11&=485 ! BOX in Baum MIXER 
LET MIXPKR11&=486 ! BOX in Baum MIXER 
LET MXVOLT11&=487 ! BOXTEXT in Baum MIXER 
LET MXVOLN11&=488 ! BOXTEXT in Baum MIXER 
LET MBALBX11&=489 ! BOX in Baum MIXER 
LET MIXBLL11&=490 ! TEXT in Baum MIXER 
LET MIXBLR11&=491 ! TEXT in Baum MIXER 
LET MIXBLM11&=492 ! TEXT in Baum MIXER 
LET MIXBAL11&=493 ! USERDEF in Baum MIXER 
LET MIXBLP11&=494 ! IMAGE in Baum MIXER 
LET MIXTIT11&=495 ! BOXTEXT in Baum MIXER 
LET MIXBLT11&=496 ! BOXTEXT in Baum MIXER 
LET MIXBLN11&=497 ! BOXTEXT in Baum MIXER 
LET MIXON11&=498 ! USERDEF in Baum MIXER 
LET MIXALL11&=499 ! USERDEF in Baum MIXER 
LET MIXMUT11&=500 ! USERDEF in Baum MIXER 
LET MIXTXT11&=501 ! BOXTEXT in Baum MIXER 
LET MIXBYP11&=502 ! BOXTEXT in Baum MIXER 
LET MIXBX12&=503 ! BOX in Baum MIXER 
LET MXVBOX12&=504 ! BOX in Baum MIXER 
LET MIXFAD12&=505 ! USERDEF in Baum MIXER 
LET MIXVOL12&=506 ! USERDEF in Baum MIXER 
LET MIXDB12&=507 ! BOX in Baum MIXER 
LET MXVOLD12&=511 ! TEXT in Baum MIXER 
LET MXVOLM12&=515 ! TEXT in Baum MIXER 
LET MXVOLZ12&=523 ! IMAGE in Baum MIXER 
LET MXVOLL12&=524 ! BOX in Baum MIXER 
LET MXVOLR12&=525 ! BOX in Baum MIXER 
LET MIXPKL12&=526 ! BOX in Baum MIXER 
LET MIXPKR12&=527 ! BOX in Baum MIXER 
LET MXVOLT12&=528 ! BOXTEXT in Baum MIXER 
LET MXVOLN12&=529 ! BOXTEXT in Baum MIXER 
LET MBALBX12&=530 ! BOX in Baum MIXER 
LET MIXBLL12&=531 ! TEXT in Baum MIXER 
LET MIXBLR12&=532 ! TEXT in Baum MIXER 
LET MIXBLM12&=533 ! TEXT in Baum MIXER 
LET MIXBAL12&=534 ! USERDEF in Baum MIXER 
LET MIXBLP12&=535 ! IMAGE in Baum MIXER 
LET MIXTIT12&=536 ! BOXTEXT in Baum MIXER 
LET MIXBLT12&=537 ! BOXTEXT in Baum MIXER 
LET MIXBLN12&=538 ! BOXTEXT in Baum MIXER 
LET MIXON12&=539 ! USERDEF in Baum MIXER 
LET MIXALL12&=540 ! USERDEF in Baum MIXER 
LET MIXMUT12&=541 ! USERDEF in Baum MIXER 
LET MIXTXT12&=542 ! BOXTEXT in Baum MIXER 
LET MIXBYP12&=543 ! BOXTEXT in Baum MIXER 
LET MIXBX13&=544 ! BOX in Baum MIXER 
LET MXVBOX13&=545 ! BOX in Baum MIXER 
LET MIXFAD13&=546 ! USERDEF in Baum MIXER 
LET MIXVOL13&=547 ! USERDEF in Baum MIXER 
LET MIXDB13&=548 ! BOX in Baum MIXER 
LET MXVOLD13&=552 ! TEXT in Baum MIXER 
LET MXVOLM13&=556 ! TEXT in Baum MIXER 
LET MXVOLZ13&=564 ! IMAGE in Baum MIXER 
LET MXVOLL13&=565 ! BOX in Baum MIXER 
LET MXVOLR13&=566 ! BOX in Baum MIXER 
LET MIXPKL13&=567 ! BOX in Baum MIXER 
LET MIXPKR13&=568 ! BOX in Baum MIXER 
LET MXVOLT13&=569 ! BOXTEXT in Baum MIXER 
LET MXVOLN13&=570 ! BOXTEXT in Baum MIXER 
LET MBALBX13&=571 ! BOX in Baum MIXER 
LET MIXBLL13&=572 ! TEXT in Baum MIXER 
LET MIXBLR13&=573 ! TEXT in Baum MIXER 
LET MIXBLM13&=574 ! TEXT in Baum MIXER 
LET MIXBAL13&=575 ! USERDEF in Baum MIXER 
LET MIXBLP13&=576 ! IMAGE in Baum MIXER 
LET MIXTIT13&=577 ! BOXTEXT in Baum MIXER 
LET MIXBLT13&=578 ! BOXTEXT in Baum MIXER 
LET MIXBLN13&=579 ! BOXTEXT in Baum MIXER 
LET MIXON13&=580 ! USERDEF in Baum MIXER 
LET MIXALL13&=581 ! USERDEF in Baum MIXER 
LET MIXMUT13&=582 ! USERDEF in Baum MIXER 
LET MIXTXT13&=583 ! BOXTEXT in Baum MIXER 
LET MIXBYP13&=584 ! BOXTEXT in Baum MIXER 
LET MIXBX14&=585 ! BOX in Baum MIXER 
LET MXVBOX14&=586 ! BOX in Baum MIXER 
LET MIXFAD14&=587 ! USERDEF in Baum MIXER 
LET MIXVOL14&=588 ! USERDEF in Baum MIXER 
LET MIXDB14&=589 ! BOX in Baum MIXER 
LET MXVOLD14&=593 ! TEXT in Baum MIXER 
LET MXVOLM14&=597 ! TEXT in Baum MIXER 
LET MXVOLZ14&=605 ! IMAGE in Baum MIXER 
LET MXVOLL14&=606 ! BOX in Baum MIXER 
LET MXVOLR14&=607 ! BOX in Baum MIXER 
LET MIXPKL14&=608 ! BOX in Baum MIXER 
LET MIXPKR14&=609 ! BOX in Baum MIXER 
LET MXVOLT14&=610 ! BOXTEXT in Baum MIXER 
LET MXVOLN14&=611 ! BOXTEXT in Baum MIXER 
LET MBALBX14&=612 ! BOX in Baum MIXER 
LET MIXBLL14&=613 ! TEXT in Baum MIXER 
LET MIXBLR14&=614 ! TEXT in Baum MIXER 
LET MIXBLM14&=615 ! TEXT in Baum MIXER 
LET MIXBAL14&=616 ! USERDEF in Baum MIXER 
LET MIXBLP14&=617 ! IMAGE in Baum MIXER 
LET MIXTIT14&=618 ! BOXTEXT in Baum MIXER 
LET MIXBLT14&=619 ! BOXTEXT in Baum MIXER 
LET MIXBLN14&=620 ! BOXTEXT in Baum MIXER 
LET MIXON14&=621 ! USERDEF in Baum MIXER 
LET MIXALL14&=622 ! USERDEF in Baum MIXER 
LET MIXMUT14&=623 ! USERDEF in Baum MIXER 
LET MIXTXT14&=624 ! BOXTEXT in Baum MIXER 
LET MIXBYP14&=625 ! BOXTEXT in Baum MIXER 
LET MIXBX15&=626 ! BOX in Baum MIXER 
LET MXVBOX15&=627 ! BOX in Baum MIXER 
LET MIXFAD15&=628 ! USERDEF in Baum MIXER 
LET MIXVOL15&=629 ! USERDEF in Baum MIXER 
LET MIXDB15&=630 ! BOX in Baum MIXER 
LET MXVOLD15&=634 ! TEXT in Baum MIXER 
LET MXVOLM15&=638 ! TEXT in Baum MIXER 
LET MXVOLZ15&=646 ! IMAGE in Baum MIXER 
LET MXVOLL15&=647 ! BOX in Baum MIXER 
LET MXVOLR15&=648 ! BOX in Baum MIXER 
LET MIXPKL15&=649 ! BOX in Baum MIXER 
LET MIXPKR15&=650 ! BOX in Baum MIXER 
LET MXVOLT15&=651 ! BOXTEXT in Baum MIXER 
LET MXVOLN15&=652 ! BOXTEXT in Baum MIXER 
LET MBALBX15&=653 ! BOX in Baum MIXER 
LET MIXBLL15&=654 ! TEXT in Baum MIXER 
LET MIXBLR15&=655 ! TEXT in Baum MIXER 
LET MIXBLM15&=656 ! TEXT in Baum MIXER 
LET MIXBAL15&=657 ! USERDEF in Baum MIXER 
LET MIXBLP15&=658 ! IMAGE in Baum MIXER 
LET MIXTIT15&=659 ! BOXTEXT in Baum MIXER 
LET MIXBLT15&=660 ! BOXTEXT in Baum MIXER 
LET MIXBLN15&=661 ! BOXTEXT in Baum MIXER 
LET MIXON15&=662 ! USERDEF in Baum MIXER 
LET MIXALL15&=663 ! USERDEF in Baum MIXER 
LET MIXMUT15&=664 ! USERDEF in Baum MIXER 
LET MIXTXT15&=665 ! BOXTEXT in Baum MIXER 
LET MIXBYP15&=666 ! BOXTEXT in Baum MIXER 
LET MIXBX16&=667 ! BOX in Baum MIXER 
LET MXVBOX16&=668 ! BOX in Baum MIXER 
LET MIXFAD16&=669 ! USERDEF in Baum MIXER 
LET MIXVOL16&=670 ! USERDEF in Baum MIXER 
LET MIXDB16&=671 ! BOX in Baum MIXER 
LET MXVOLD16&=675 ! TEXT in Baum MIXER 
LET MXVOLM16&=679 ! TEXT in Baum MIXER 
LET MXVOLZ16&=687 ! IMAGE in Baum MIXER 
LET MXVOLL16&=688 ! BOX in Baum MIXER 
LET MXVOLR16&=689 ! BOX in Baum MIXER 
LET MIXPKL16&=690 ! BOX in Baum MIXER 
LET MIXPKR16&=691 ! BOX in Baum MIXER 
LET MXVOLT16&=692 ! BOXTEXT in Baum MIXER 
LET MXVOLN16&=693 ! BOXTEXT in Baum MIXER 
LET MBALBX16&=694 ! BOX in Baum MIXER 
LET MIXBLL16&=695 ! TEXT in Baum MIXER 
LET MIXBLR16&=696 ! TEXT in Baum MIXER 
LET MIXBLM16&=697 ! TEXT in Baum MIXER 
LET MIXBAL16&=698 ! USERDEF in Baum MIXER 
LET MIXBLP16&=699 ! IMAGE in Baum MIXER 
LET MIXTIT16&=700 ! BOXTEXT in Baum MIXER 
LET MIXBLT16&=701 ! BOXTEXT in Baum MIXER 
LET MIXBLN16&=702 ! BOXTEXT in Baum MIXER 
LET MIXON16&=703 ! USERDEF in Baum MIXER 
LET MIXALL16&=704 ! USERDEF in Baum MIXER 
LET MIXMUT16&=705 ! USERDEF in Baum MIXER 
LET MIXTXT16&=706 ! BOXTEXT in Baum MIXER 
LET MIXBYP16&=707 ! BOXTEXT in Baum MIXER 
LET MIXBOX3&=708 ! BOX in Baum MIXER 
LET MIXSTOP&=709 ! USERDEF in Baum MIXER 
LET MIXWAIT&=710 ! USERDEF in Baum MIXER 
LET MIXHELP&=711 ! BOXTEXT in Baum MIXER 
LET MIXEXIT&=712 ! BUTTON in Baum MIXER 
LET MIXREC&=713 ! USERDEF in Baum MIXER 
LET MIXPLAY&=714 ! USERDEF in Baum MIXER 
LET MIXAREC&=715 ! USERDEF in Baum MIXER 
LET MIXRECP&=716 ! USERDEF in Baum MIXER 
LET MPKHL&=717 ! USERDEF in Baum MIXER 
LET MPKHSLID&=718 ! BOX in Baum MIXER 
LET MPKHBUT&=719 ! BUTTON in Baum MIXER 
LET MPKHR&=720 ! USERDEF in Baum MIXER 
LET MIXPEAK&=721 ! BOXTEXT in Baum MIXER 
LET MIXPEAKT&=722 ! TEXT in Baum MIXER 
LET MIXERR&=723 ! BOXTEXT in Baum MIXER 
LET MIXERRT&=724 ! TEXT in Baum MIXER 
LET DSICON&=725 ! USERDEF in Baum MIXER 
'LET FSEL&=4 ! Formular/Dialog
LET FSELBOX&=0 ! BOX in Baum FSEL 
LET FSELBOX2&=1 ! BOX in Baum FSEL 
LET FSBUT1&=2 ! BOXTEXT in Baum FSEL 
LET FSBUT2&=3 ! BOXTEXT in Baum FSEL 
LET FSBUT3&=4 ! BOXTEXT in Baum FSEL 
LET FSBUT4&=5 ! BOXTEXT in Baum FSEL 
LET FSBUT5&=6 ! BOXTEXT in Baum FSEL 
LET FSBUT6&=7 ! BOXTEXT in Baum FSEL 
LET FSBUT7&=8 ! BOXTEXT in Baum FSEL 
LET FSBUT8&=9 ! BOXTEXT in Baum FSEL 
LET FSBUT9&=10 ! BOXTEXT in Baum FSEL 
LET FSBUT10&=11 ! BOXTEXT in Baum FSEL 
LET FSBUT11&=12 ! BOXTEXT in Baum FSEL 
LET FSBUT12&=13 ! BOXTEXT in Baum FSEL 
LET FSBUT13&=14 ! BOXTEXT in Baum FSEL 
LET FSBUT14&=15 ! BOXTEXT in Baum FSEL 
LET FSBUT15&=16 ! BOXTEXT in Baum FSEL 
LET FSTXT1&=17 ! BOXTEXT in Baum FSEL 
LET FSTXT2&=18 ! BOXTEXT in Baum FSEL 
LET FSTXT3&=19 ! BOXTEXT in Baum FSEL 
LET FSTXT4&=20 ! BOXTEXT in Baum FSEL 
LET FSTXT5&=21 ! BOXTEXT in Baum FSEL 
LET FSTXT6&=22 ! BOXTEXT in Baum FSEL 
LET FSTXT7&=23 ! BOXTEXT in Baum FSEL 
LET FSTXT8&=24 ! BOXTEXT in Baum FSEL 
LET FSTXT9&=25 ! BOXTEXT in Baum FSEL 
LET FSTXT10&=26 ! BOXTEXT in Baum FSEL 
LET FSTXT11&=27 ! BOXTEXT in Baum FSEL 
LET FSTXT12&=28 ! BOXTEXT in Baum FSEL 
LET FSTXT13&=29 ! BOXTEXT in Baum FSEL 
LET FSTXT14&=30 ! BOXTEXT in Baum FSEL 
LET FSTXT15&=31 ! BOXTEXT in Baum FSEL 
LET FSSLIDE&=32 ! BOX in Baum FSEL 
LET FSSLDBUT&=33 ! BUTTON in Baum FSEL 
LET FSHELP&=34 ! BOXTEXT in Baum FSEL 
LET FSSLDUP&=36 ! USERDEF in Baum FSEL 
LET FSSLDDWN&=37 ! USERDEF in Baum FSEL 
LET NFSELTXT&=38 ! TEXT in Baum FSEL 
LET FSELBOX3&=39 ! BOX in Baum FSEL 
LET FSORDNER&=40 ! BUTTON in Baum FSEL 
LET FSOTXT&=41 ! BOXTEXT in Baum FSEL 
LET FSADD&=42 ! BUTTON in Baum FSEL 
LET FSNEW&=43 ! BUTTON in Baum FSEL 
LET FSELBOX4&=44 ! BOX in Baum FSEL 
LET FSPLAY&=45 ! USERDEF in Baum FSEL 
LET FSMATIC&=46 ! USERDEF in Baum FSEL 
LET FSINS&=47 ! USERDEF in Baum FSEL 
LET FSDEL&=48 ! USERDEF in Baum FSEL 
LET FSLOAD&=49 ! USERDEF in Baum FSEL 
LET FSSAVE&=50 ! USERDEF in Baum FSEL 
LET FSCLF&=51 ! USERDEF in Baum FSEL 
LET FSSTOP&=52 ! USERDEF in Baum FSEL 
LET FSWAIT&=53 ! USERDEF in Baum FSEL 
LET FSEND&=54 ! USERDEF in Baum FSEL 
LET FSTIME&=55 ! BOXTEXT in Baum FSEL 
LET FSLPLAY&=56 ! USERDEF in Baum FSEL 
LET FSOK&=57 ! BUTTON in Baum FSEL 
LET FSEXIT&=58 ! BUTTON in Baum FSEL 
LET TFSABC&=59 ! USERDEF in Baum FSEL 
LET TFSEARCH&=60 ! BUTTON in Baum FSEL 
